c:\dev\zenith\games\tilepuzzle\build\output\agde\arm64_v8a_vs2022_debug_agde_false\libc++_shared.so
c:\dev\zenith\games\tilepuzzle\build\output\agde\arm64_v8a_vs2022_debug_agde_false\libtilepuzzle.so
c:\dev\zenith\games\tilepuzzle\build\output\agde\arm64_v8a_vs2022_debug_agde_false\arm64-v8a\libc++_shared.so
c:\dev\zenith\games\tilepuzzle\build\output\agde\arm64_v8a_vs2022_debug_agde_false\arm64-v8a\libtilepuzzle.so
c:\dev\zenith\games\tilepuzzle\build\obj\agde\arm64_v8a_vs2022_debug_agde_false\tilepuzzle.o
c:\dev\zenith\games\tilepuzzle\build\output\agde\arm64_v8a_vs2022_debug_agde_false\tilepuzzle-arm64_v8a_vs2022_debug_agde_false.apk
c:\dev\zenith\games\tilepuzzle\build\obj\agde\arm64_v8a_vs2022_debug_agde_false\arm64-v8a\libc++_shared.so
c:\dev\zenith\games\tilepuzzle\build\output\agde\arm64_v8a_vs2022_debug_agde_false\libtilepuzzle.map
c:\dev\zenith\games\tilepuzzle\build\obj\agde\arm64_v8a_vs2022_debug_agde_false\arm64-v8a\libtilepuzzle.so
c:\dev\zenith\games\tilepuzzle\build\obj\agde\arm64_v8a_vs2022_debug_agde_false\tilepuzzle.tlog\link\clang++-ld.lld.read.1.tlog
c:\dev\zenith\games\tilepuzzle\build\obj\agde\arm64_v8a_vs2022_debug_agde_false\tilepuzzle.tlog\link\clang++-ld.lld.write.1.tlog
c:\dev\zenith\games\tilepuzzle\build\obj\agde\arm64_v8a_vs2022_debug_agde_false\tilepuzzle.tlog\link\clang++.command.1.tlog
c:\dev\zenith\games\tilepuzzle\build\obj\agde\arm64_v8a_vs2022_debug_agde_false\tilepuzzle.tlog\link\clang++.read.1.tlog
c:\dev\zenith\games\tilepuzzle\build\obj\agde\arm64_v8a_vs2022_debug_agde_false\tilepuzzle.tlog\link\clang++.write.1.tlog
c:\dev\zenith\games\tilepuzzle\build\obj\agde\arm64_v8a_vs2022_debug_agde_false\tilepuzzle.tlog\cl.items.tlog
c:\dev\zenith\games\tilepuzzle\build\obj\agde\arm64_v8a_vs2022_debug_agde_false\tilepuzzle.tlog\clang++.command.1.tlog
c:\dev\zenith\games\tilepuzzle\build\obj\agde\arm64_v8a_vs2022_debug_agde_false\tilepuzzle.tlog\copysharedobjectsymbols.write.1.tlog
c:\dev\zenith\games\tilepuzzle\build\obj\agde\arm64_v8a_vs2022_debug_agde_false\tilepuzzle.tlog\google.build.cpptasks.android.clangcompile.read.1.tlog
c:\dev\zenith\games\tilepuzzle\build\obj\agde\arm64_v8a_vs2022_debug_agde_false\tilepuzzle.tlog\google.build.cpptasks.android.clangcompile.write.1.tlog
c:\dev\zenith\games\tilepuzzle\build\obj\agde\arm64_v8a_vs2022_debug_agde_false\tilepuzzle.tlog\gradle.read.1.tlog
c:\dev\zenith\games\tilepuzzle\build\obj\agde\arm64_v8a_vs2022_debug_agde_false\tilepuzzle.tlog\gradle.write.1.tlog
c:\dev\zenith\games\tilepuzzle\build\obj\agde\arm64_v8a_vs2022_debug_agde_false\tilepuzzle.tlog\link-additionaldependencies.write.1.tlog
c:\dev\zenith\games\tilepuzzle\build\obj\agde\arm64_v8a_vs2022_debug_agde_false\tilepuzzle.tlog\link-clang++-ld.lld.write.1.tlog
c:\dev\zenith\games\tilepuzzle\build\obj\agde\arm64_v8a_vs2022_debug_agde_false\tilepuzzle.tlog\link-clang++.command.1.tlog
c:\dev\zenith\games\tilepuzzle\build\obj\agde\arm64_v8a_vs2022_debug_agde_false\tilepuzzle.tlog\link-clang++.read.1.tlog
c:\dev\zenith\games\tilepuzzle\build\obj\agde\arm64_v8a_vs2022_debug_agde_false\tilepuzzle.tlog\link-clang++.write.1.tlog
