c:\dev\zenith\fluxcompiler\obj\win64\vs2022_debug_win64_true\fluxcompiler_compiler.pdb
c:\dev\zenith\fluxcompiler\obj\win64\vs2022_debug_win64_true\fluxcompiler.obj
c:\dev\zenith\fluxcompiler\output\win64\vs2022_debug_win64_true\assimp-vc143-mtd.dll
c:\dev\zenith\fluxcompiler\output\win64\vs2022_debug_win64_true\poly2tri.dll
c:\dev\zenith\fluxcompiler\output\win64\vs2022_debug_win64_true\minizip.dll
c:\dev\zenith\fluxcompiler\output\win64\vs2022_debug_win64_true\zlibd1.dll
c:\dev\zenith\fluxcompiler\output\win64\vs2022_debug_win64_true\kubazip.dll
c:\dev\zenith\fluxcompiler\output\win64\vs2022_debug_win64_true\pugixml.dll
c:\dev\zenith\fluxcompiler\output\win64\vs2022_debug_win64_true\fluxcompiler.exe
c:\dev\zenith\fluxcompiler\output\win64\vs2022_debug_win64_true\fluxcompiler.pdb
c:\dev\zenith\fluxcompiler\output\win64\vs2022_debug_win64_true\fluxcompiler.map
c:\dev\zenith\fluxcompiler\obj\win64\vs2022_debug_win64_true\fluxcompiler.tlog\cl.command.1.tlog
c:\dev\zenith\fluxcompiler\obj\win64\vs2022_debug_win64_true\fluxcompiler.tlog\cl.items.tlog
c:\dev\zenith\fluxcompiler\obj\win64\vs2022_debug_win64_true\fluxcompiler.tlog\cl.read.1.tlog
c:\dev\zenith\fluxcompiler\obj\win64\vs2022_debug_win64_true\fluxcompiler.tlog\cl.write.1.tlog
c:\dev\zenith\fluxcompiler\obj\win64\vs2022_debug_win64_true\fluxcompiler.tlog\fluxcompiler.write.1u.tlog
c:\dev\zenith\fluxcompiler\obj\win64\vs2022_debug_win64_true\fluxcompiler.tlog\link.command.1.tlog
c:\dev\zenith\fluxcompiler\obj\win64\vs2022_debug_win64_true\fluxcompiler.tlog\link.read.1.tlog
c:\dev\zenith\fluxcompiler\obj\win64\vs2022_debug_win64_true\fluxcompiler.tlog\link.secondary.1.tlog
c:\dev\zenith\fluxcompiler\obj\win64\vs2022_debug_win64_true\fluxcompiler.tlog\link.write.1.tlog
