c:\dev\zenith\tilepuzzleregistryviewer\obj\win64\vs2022_debug_win64_true\imgui_impl_win32.obj
c:\dev\zenith\tilepuzzleregistryviewer\obj\win64\vs2022_debug_win64_true\imgui_widgets.obj
c:\dev\zenith\tilepuzzleregistryviewer\obj\win64\vs2022_debug_win64_true\imgui_impl_dx11.obj
c:\dev\zenith\tilepuzzleregistryviewer\obj\win64\vs2022_debug_win64_true\imgui.obj
c:\dev\zenith\tilepuzzleregistryviewer\obj\win64\vs2022_debug_win64_true\tilepuzzleregistryviewer.obj
c:\dev\zenith\tilepuzzleregistryviewer\obj\win64\vs2022_debug_win64_true\imgui_tables.obj
c:\dev\zenith\tilepuzzleregistryviewer\obj\win64\vs2022_debug_win64_true\imgui_draw.obj
c:\dev\zenith\tilepuzzleregistryviewer\obj\win64\vs2022_debug_win64_true\tilepuzzleregistryviewer_compiler.pdb
c:\dev\zenith\tilepuzzleregistryviewer\output\win64\vs2022_debug_win64_true\tilepuzzleregistryviewer.exe
c:\dev\zenith\tilepuzzleregistryviewer\output\win64\vs2022_debug_win64_true\tilepuzzleregistryviewer.map
c:\dev\zenith\tilepuzzleregistryviewer\output\win64\vs2022_debug_win64_true\tilepuzzleregistryviewer.pdb
c:\dev\zenith\tilepuzzleregistryviewer\output\win64\vs2022_debug_win64_true\assimp-vc143-mtd.dll
c:\dev\zenith\tilepuzzleregistryviewer\output\win64\vs2022_debug_win64_true\poly2tri.dll
c:\dev\zenith\tilepuzzleregistryviewer\output\win64\vs2022_debug_win64_true\minizip.dll
c:\dev\zenith\tilepuzzleregistryviewer\output\win64\vs2022_debug_win64_true\zlibd1.dll
c:\dev\zenith\tilepuzzleregistryviewer\output\win64\vs2022_debug_win64_true\kubazip.dll
c:\dev\zenith\tilepuzzleregistryviewer\output\win64\vs2022_debug_win64_true\pugixml.dll
c:\dev\zenith\tilepuzzleregistryviewer\obj\win64\vs2022_debug_win64_true\tilepuzz.4ed2b768.tlog\cl.15652.write.1.tlog
c:\dev\zenith\tilepuzzleregistryviewer\obj\win64\vs2022_debug_win64_true\tilepuzz.4ed2b768.tlog\cl.command.1.tlog
c:\dev\zenith\tilepuzzleregistryviewer\obj\win64\vs2022_debug_win64_true\tilepuzz.4ed2b768.tlog\cl.items.tlog
c:\dev\zenith\tilepuzzleregistryviewer\obj\win64\vs2022_debug_win64_true\tilepuzz.4ed2b768.tlog\cl.read.1.tlog
c:\dev\zenith\tilepuzzleregistryviewer\obj\win64\vs2022_debug_win64_true\tilepuzz.4ed2b768.tlog\link.command.1.tlog
c:\dev\zenith\tilepuzzleregistryviewer\obj\win64\vs2022_debug_win64_true\tilepuzz.4ed2b768.tlog\link.read.1.tlog
c:\dev\zenith\tilepuzzleregistryviewer\obj\win64\vs2022_debug_win64_true\tilepuzz.4ed2b768.tlog\link.secondary.1.tlog
c:\dev\zenith\tilepuzzleregistryviewer\obj\win64\vs2022_debug_win64_true\tilepuzz.4ed2b768.tlog\link.write.1.tlog
c:\dev\zenith\tilepuzzleregistryviewer\obj\win64\vs2022_debug_win64_true\tilepuzz.4ed2b768.tlog\tilepuzzleregistryviewer.write.1u.tlog
