c:\dev\zenith\tilepuzzlelevelgen\obj\win64\vs2022_debug_win64_true\tilepuzzlelevelgen_compiler.pdb
c:\dev\zenith\tilepuzzlelevelgen\obj\win64\vs2022_debug_win64_true\tilepuzzlelevelgen.obj
c:\dev\zenith\tilepuzzlelevelgen\output\win64\vs2022_debug_win64_true\tilepuzzlelevelgen.exe
c:\dev\zenith\tilepuzzlelevelgen\output\win64\vs2022_debug_win64_true\tilepuzzlelevelgen.map
c:\dev\zenith\tilepuzzlelevelgen\output\win64\vs2022_debug_win64_true\tilepuzzlelevelgen.pdb
c:\dev\zenith\tilepuzzlelevelgen\output\win64\vs2022_debug_win64_true\assimp-vc143-mtd.dll
c:\dev\zenith\tilepuzzlelevelgen\output\win64\vs2022_debug_win64_true\poly2tri.dll
c:\dev\zenith\tilepuzzlelevelgen\output\win64\vs2022_debug_win64_true\minizip.dll
c:\dev\zenith\tilepuzzlelevelgen\output\win64\vs2022_debug_win64_true\zlibd1.dll
c:\dev\zenith\tilepuzzlelevelgen\output\win64\vs2022_debug_win64_true\kubazip.dll
c:\dev\zenith\tilepuzzlelevelgen\output\win64\vs2022_debug_win64_true\pugixml.dll
c:\dev\zenith\tilepuzzlelevelgen\obj\win64\vs2022_debug_win64_true\tilepuzz.4a285dde.tlog\cl.command.1.tlog
c:\dev\zenith\tilepuzzlelevelgen\obj\win64\vs2022_debug_win64_true\tilepuzz.4a285dde.tlog\cl.items.tlog
c:\dev\zenith\tilepuzzlelevelgen\obj\win64\vs2022_debug_win64_true\tilepuzz.4a285dde.tlog\cl.read.1.tlog
c:\dev\zenith\tilepuzzlelevelgen\obj\win64\vs2022_debug_win64_true\tilepuzz.4a285dde.tlog\cl.write.1.tlog
c:\dev\zenith\tilepuzzlelevelgen\obj\win64\vs2022_debug_win64_true\tilepuzz.4a285dde.tlog\link.command.1.tlog
c:\dev\zenith\tilepuzzlelevelgen\obj\win64\vs2022_debug_win64_true\tilepuzz.4a285dde.tlog\link.read.1.tlog
c:\dev\zenith\tilepuzzlelevelgen\obj\win64\vs2022_debug_win64_true\tilepuzz.4a285dde.tlog\link.secondary.1.tlog
c:\dev\zenith\tilepuzzlelevelgen\obj\win64\vs2022_debug_win64_true\tilepuzz.4a285dde.tlog\link.write.1.tlog
c:\dev\zenith\tilepuzzlelevelgen\obj\win64\vs2022_debug_win64_true\tilepuzz.4a285dde.tlog\tilepuzzlelevelgen.write.1u.tlog
