C:\Program Files\Microsoft Visual Studio\2022\Community\MSBuild\Microsoft\VC\v170\Microsoft.CppBuild.targets(531,5): warning MSB8028: The intermediate directory (obj\win64\vs2022_debug_win64_true\) contains files shared from another project (ZenithTools.vcxproj).  This can lead to incorrect clean and rebuild behavior.
C:\Program Files\Microsoft Visual Studio\2022\Community\MSBuild\Microsoft\VC\v170\Microsoft.CppBuild.targets(531,5): warning MSB8028: The intermediate directory (obj\win64\vs2022_debug_win64_true\) contains files shared from another project (SuperSecret.vcxproj).  This can lead to incorrect clean and rebuild behavior.
  Flux.cpp
  Zenith_Vulkan.cpp
C:\dev\Zenith\zenith\Vulkan\Zenith_Vulkan.h(88,54): warning C4267: 'argument': conversion from 'size_t' to 'uint32_t', possible loss of data
  (compiling source file '/Zenith/Vulkan/Zenith_Vulkan.cpp')
  
C:\dev\Zenith\zenith\Vulkan\Zenith_Vulkan.h(90,56): warning C4267: 'argument': conversion from 'size_t' to 'uint32_t', possible loss of data
  (compiling source file '/Zenith/Vulkan/Zenith_Vulkan.cpp')
  
C:\dev\Zenith\zenith\vulkan\Zenith_Vulkan.h(88,54): warning C4267: 'argument': conversion from 'size_t' to 'uint32_t', possible loss of data
  (compiling source file '/Zenith/Flux/Flux.cpp')
  
C:\dev\Zenith\zenith\vulkan\Zenith_Vulkan.h(90,56): warning C4267: 'argument': conversion from 'size_t' to 'uint32_t', possible loss of data
  (compiling source file '/Zenith/Flux/Flux.cpp')
  
C:\dev\Zenith\Zenith\Vulkan\Zenith_Vulkan.cpp(127,53): warning C4267: 'argument': conversion from 'size_t' to 'uint32_t', possible loss of data
  (compiling source file '/Zenith/Vulkan/Zenith_Vulkan.cpp')
  
C:\dev\Zenith\Zenith\Vulkan\Zenith_Vulkan.cpp(149,47): warning C4267: 'argument': conversion from 'size_t' to 'uint32_t', possible loss of data
  (compiling source file '/Zenith/Vulkan/Zenith_Vulkan.cpp')
  
C:\dev\Zenith\Zenith\Vulkan\Zenith_Vulkan.cpp(219,45): warning C4267: 'argument': conversion from 'size_t' to 'uint32_t', possible loss of data
  (compiling source file '/Zenith/Vulkan/Zenith_Vulkan.cpp')
  
C:\dev\Zenith\Zenith\Vulkan\Zenith_Vulkan.cpp(222,49): warning C4267: 'argument': conversion from 'size_t' to 'uint32_t', possible loss of data
  (compiling source file '/Zenith/Vulkan/Zenith_Vulkan.cpp')
  
C:\dev\Zenith\Zenith\Vulkan\Zenith_Vulkan.cpp(232,238): warning C4100: 'pUserData': unreferenced formal parameter
  (compiling source file '/Zenith/Vulkan/Zenith_Vulkan.cpp')
  
C:\dev\Zenith\Zenith\Vulkan\Zenith_Vulkan.cpp(232,156): warning C4100: 'eMessageType': unreferenced formal parameter
  (compiling source file '/Zenith/Vulkan/Zenith_Vulkan.cpp')
  
C:\dev\Zenith\Zenith\Vulkan\Zenith_Vulkan.cpp(275,38): warning C4834: discarding return value of function with [[nodiscard]] attribute
  (compiling source file '/Zenith/Vulkan/Zenith_Vulkan.cpp')
  
C:\dev\Zenith\Zenith\Vulkan\Zenith_Vulkan.cpp(279,38): warning C4834: discarding return value of function with [[nodiscard]] attribute
  (compiling source file '/Zenith/Vulkan/Zenith_Vulkan.cpp')
  
C:\dev\Zenith\Zenith\Vulkan\Zenith_Vulkan.cpp(362,44): warning C4267: 'argument': conversion from 'size_t' to 'uint32_t', possible loss of data
  (compiling source file '/Zenith/Vulkan/Zenith_Vulkan.cpp')
  
C:\dev\Zenith\Zenith\Vulkan\Zenith_Vulkan.cpp(366,49): warning C4267: 'argument': conversion from 'size_t' to 'uint32_t', possible loss of data
  (compiling source file '/Zenith/Vulkan/Zenith_Vulkan.cpp')
  
C:\dev\Zenith\zenith\Flux\Flux_Types.h(123,17): warning C4505: 'ColourFormatBytesPerPixel': unreferenced function with internal linkage has been removed
  (compiling source file '/Zenith/Flux/Flux.cpp')
  
C:\dev\Zenith\zenith\Flux\Flux_Types.h(128,17): warning C4505: 'DepthStencilFormatBitsPerPixel': unreferenced function with internal linkage has been removed
  (compiling source file '/Zenith/Flux/Flux.cpp')
  
C:\dev\Zenith\zenith\Flux\Flux_Types.h(123,17): warning C4505: 'ColourFormatBytesPerPixel': unreferenced function with internal linkage has been removed
  (compiling source file '/Zenith/Vulkan/Zenith_Vulkan.cpp')
  
C:\dev\Zenith\zenith\Flux\Flux_Types.h(128,17): warning C4505: 'DepthStencilFormatBitsPerPixel': unreferenced function with internal linkage has been removed
  (compiling source file '/Zenith/Vulkan/Zenith_Vulkan.cpp')
  
LINK : warning LNK4098: defaultlib 'LIBCMT' conflicts with use of other libs; use /NODEFAULTLIB:library
  supersecret_win64.vcxproj -> C:\dev\Zenith\Games\SuperSecret\Build\output\win64\vs2022_debug_win64_true\supersecret.exe
  'pwsh.exe' is not recognized as an internal or external command,
  operable program or batch file.
