C:\Program Files\Microsoft Visual Studio\2022\Community\MSBuild\Microsoft\VC\v170\Microsoft.CppBuild.targets(531,5): warning MSB8028: The intermediate directory (obj\win64\vs2022_debug_win64_true\) contains files shared from another project (SuperSecret.vcxproj).  This can lead to incorrect clean and rebuild behavior.
  Zenith_Tools_MeshExport.cpp
  Zenith_Tools_TerrainExport.cpp
  Zenith_Tools_TextureExport.cpp
  Flux_MeshGeometry.cpp
C:\Program Files\Microsoft Visual Studio\2022\Community\VC\Tools\MSVC\14.41.34120\include\chrono(2313,9): warning C4530: C++ exception handler used, but unwind semantics are not enabled. Specify /EHsc
  (compiling source file '../../../Tools/Zenith_Tools_MeshExport.cpp')
  
C:\Program Files\Microsoft Visual Studio\2022\Community\VC\Tools\MSVC\14.41.34120\include\chrono(2313,9): warning C4530: C++ exception handler used, but unwind semantics are not enabled. Specify /EHsc
  (compiling source file '../../../Zenith/Flux/MeshGeometry/Flux_MeshGeometry.cpp')
  
C:\Program Files\Microsoft Visual Studio\2022\Community\VC\Tools\MSVC\14.41.34120\include\chrono(2313,9): warning C4530: C++ exception handler used, but unwind semantics are not enabled. Specify /EHsc
  (compiling source file '../../../Tools/Zenith_Tools_TextureExport.cpp')
  
C:\Program Files\Microsoft Visual Studio\2022\Community\VC\Tools\MSVC\14.41.34120\include\chrono(2313,9): warning C4530: C++ exception handler used, but unwind semantics are not enabled. Specify /EHsc
  (compiling source file '../../../Tools/Zenith_Tools_TerrainExport.cpp')
  
C:\Program Files (x86)\Windows Kits\10\Include\10.0.19041.0\shared\minwindef.h(130,9): warning C4005: 'APIENTRY': macro redefinition
  (compiling source file '../../../Tools/Zenith_Tools_TextureExport.cpp')
      C:\dev\Zenith\middleware\glfw-3.4.bin.win64\include\GLFW\glfw3.h(123,11):
      see previous definition of 'APIENTRY'
  
C:\Program Files (x86)\Windows Kits\10\Include\10.0.19041.0\shared\minwindef.h(130,9): warning C4005: 'APIENTRY': macro redefinition
  (compiling source file '../../../Tools/Zenith_Tools_MeshExport.cpp')
      C:\dev\Zenith\middleware\glfw-3.4.bin.win64\include\GLFW\glfw3.h(123,11):
      see previous definition of 'APIENTRY'
  
C:\Program Files (x86)\Windows Kits\10\Include\10.0.19041.0\shared\minwindef.h(130,9): warning C4005: 'APIENTRY': macro redefinition
  (compiling source file '../../../Tools/Zenith_Tools_TerrainExport.cpp')
      C:\dev\Zenith\middleware\glfw-3.4.bin.win64\include\GLFW\glfw3.h(123,11):
      see previous definition of 'APIENTRY'
  
C:\Program Files (x86)\Windows Kits\10\Include\10.0.19041.0\shared\minwindef.h(130,9): warning C4005: 'APIENTRY': macro redefinition
  (compiling source file '../../../Zenith/Flux/MeshGeometry/Flux_MeshGeometry.cpp')
      C:\dev\Zenith\middleware\glfw-3.4.bin.win64\include\GLFW\glfw3.h(123,11):
      see previous definition of 'APIENTRY'
  
C:\dev\Zenith\zenith\core\Memory\Zenith_MemoryManagement.h(5,7): warning C5043: 'operator new': exception specification does not match previous declaration
  (compiling source file '../../../Tools/Zenith_Tools_MeshExport.cpp')
      C:\Program Files\Microsoft Visual Studio\2022\Community\VC\Tools\MSVC\14.41.34120\include\vcruntime_new.h(49,17):
      see declaration of 'operator new'
  
C:\dev\Zenith\zenith\core\Memory\Zenith_MemoryManagement.h(7,7): warning C5043: 'operator new': exception specification does not match previous declaration
  (compiling source file '../../../Tools/Zenith_Tools_MeshExport.cpp')
      C:\Program Files\Microsoft Visual Studio\2022\Community\VC\Tools\MSVC\14.41.34120\include\vcruntime_new.h(101,17):
      see declaration of 'operator new'
  
C:\dev\Zenith\zenith\core\Memory\Zenith_MemoryManagement.h(11,7): warning C5043: 'operator new[]': exception specification does not match previous declaration
  (compiling source file '../../../Tools/Zenith_Tools_MeshExport.cpp')
      C:\Program Files\Microsoft Visual Studio\2022\Community\VC\Tools\MSVC\14.41.34120\include\vcruntime_new.h(60,17):
      see declaration of 'operator new[]'
  
C:\dev\Zenith\zenith\core\Memory\Zenith_MemoryManagement.h(13,7): warning C5043: 'operator new[]': exception specification does not match previous declaration
  (compiling source file '../../../Tools/Zenith_Tools_MeshExport.cpp')
      C:\Program Files\Microsoft Visual Studio\2022\Community\VC\Tools\MSVC\14.41.34120\include\vcruntime_new.h(115,17):
      see declaration of 'operator new[]'
  
C:\dev\Zenith\zenith\core\Memory\Zenith_MemoryManagement.h(5,7): warning C5043: 'operator new': exception specification does not match previous declaration
  (compiling source file '../../../Tools/Zenith_Tools_TextureExport.cpp')
      C:\Program Files\Microsoft Visual Studio\2022\Community\VC\Tools\MSVC\14.41.34120\include\vcruntime_new.h(49,17):
      see declaration of 'operator new'
  
C:\dev\Zenith\zenith\core\Memory\Zenith_MemoryManagement.h(7,7): warning C5043: 'operator new': exception specification does not match previous declaration
  (compiling source file '../../../Tools/Zenith_Tools_TextureExport.cpp')
      C:\Program Files\Microsoft Visual Studio\2022\Community\VC\Tools\MSVC\14.41.34120\include\vcruntime_new.h(101,17):
      see declaration of 'operator new'
  
C:\dev\Zenith\zenith\core\Memory\Zenith_MemoryManagement.h(11,7): warning C5043: 'operator new[]': exception specification does not match previous declaration
  (compiling source file '../../../Tools/Zenith_Tools_TextureExport.cpp')
      C:\Program Files\Microsoft Visual Studio\2022\Community\VC\Tools\MSVC\14.41.34120\include\vcruntime_new.h(60,17):
      see declaration of 'operator new[]'
  
C:\dev\Zenith\zenith\core\Memory\Zenith_MemoryManagement.h(13,7): warning C5043: 'operator new[]': exception specification does not match previous declaration
  (compiling source file '../../../Tools/Zenith_Tools_TextureExport.cpp')
      C:\Program Files\Microsoft Visual Studio\2022\Community\VC\Tools\MSVC\14.41.34120\include\vcruntime_new.h(115,17):
      see declaration of 'operator new[]'
  
C:\dev\Zenith\zenith\core\Memory\Zenith_MemoryManagement.h(5,7): warning C5043: 'operator new': exception specification does not match previous declaration
  (compiling source file '../../../Zenith/Flux/MeshGeometry/Flux_MeshGeometry.cpp')
      C:\Program Files\Microsoft Visual Studio\2022\Community\VC\Tools\MSVC\14.41.34120\include\vcruntime_new.h(49,17):
      see declaration of 'operator new'
  
C:\dev\Zenith\zenith\core\Memory\Zenith_MemoryManagement.h(5,7): warning C5043: 'operator new': exception specification does not match previous declaration
  (compiling source file '../../../Tools/Zenith_Tools_TerrainExport.cpp')
      C:\Program Files\Microsoft Visual Studio\2022\Community\VC\Tools\MSVC\14.41.34120\include\vcruntime_new.h(49,17):
      see declaration of 'operator new'
  
C:\dev\Zenith\zenith\core\Memory\Zenith_MemoryManagement.h(7,7): warning C5043: 'operator new': exception specification does not match previous declaration
  (compiling source file '../../../Zenith/Flux/MeshGeometry/Flux_MeshGeometry.cpp')
      C:\Program Files\Microsoft Visual Studio\2022\Community\VC\Tools\MSVC\14.41.34120\include\vcruntime_new.h(101,17):
      see declaration of 'operator new'
  
C:\dev\Zenith\zenith\core\Memory\Zenith_MemoryManagement.h(7,7): warning C5043: 'operator new': exception specification does not match previous declaration
  (compiling source file '../../../Tools/Zenith_Tools_TerrainExport.cpp')
      C:\Program Files\Microsoft Visual Studio\2022\Community\VC\Tools\MSVC\14.41.34120\include\vcruntime_new.h(101,17):
      see declaration of 'operator new'
  
C:\dev\Zenith\zenith\core\Memory\Zenith_MemoryManagement.h(11,7): warning C5043: 'operator new[]': exception specification does not match previous declaration
  (compiling source file '../../../Zenith/Flux/MeshGeometry/Flux_MeshGeometry.cpp')
      C:\Program Files\Microsoft Visual Studio\2022\Community\VC\Tools\MSVC\14.41.34120\include\vcruntime_new.h(60,17):
      see declaration of 'operator new[]'
  
C:\dev\Zenith\zenith\core\Memory\Zenith_MemoryManagement.h(11,7): warning C5043: 'operator new[]': exception specification does not match previous declaration
  (compiling source file '../../../Tools/Zenith_Tools_TerrainExport.cpp')
      C:\Program Files\Microsoft Visual Studio\2022\Community\VC\Tools\MSVC\14.41.34120\include\vcruntime_new.h(60,17):
      see declaration of 'operator new[]'
  
C:\dev\Zenith\zenith\core\Memory\Zenith_MemoryManagement.h(13,7): warning C5043: 'operator new[]': exception specification does not match previous declaration
  (compiling source file '../../../Zenith/Flux/MeshGeometry/Flux_MeshGeometry.cpp')
      C:\Program Files\Microsoft Visual Studio\2022\Community\VC\Tools\MSVC\14.41.34120\include\vcruntime_new.h(115,17):
      see declaration of 'operator new[]'
  
C:\dev\Zenith\zenith\core\Memory\Zenith_MemoryManagement.h(13,7): warning C5043: 'operator new[]': exception specification does not match previous declaration
  (compiling source file '../../../Tools/Zenith_Tools_TerrainExport.cpp')
      C:\Program Files\Microsoft Visual Studio\2022\Community\VC\Tools\MSVC\14.41.34120\include\vcruntime_new.h(115,17):
      see declaration of 'operator new[]'
  
C:\dev\Zenith\zenith\FileAccess\Zenith_FileAccess.h(34,18): warning C4996: 'fopen': This function or variable may be unsafe. Consider using fopen_s instead. To disable deprecation, use _CRT_SECURE_NO_WARNINGS. See online help for details.
  (compiling source file '../../../Tools/Zenith_Tools_MeshExport.cpp')
  
C:\dev\Zenith\zenith\FileAccess\Zenith_FileAccess.h(34,18): warning C4996: 'fopen': This function or variable may be unsafe. Consider using fopen_s instead. To disable deprecation, use _CRT_SECURE_NO_WARNINGS. See online help for details.
  (compiling source file '../../../Tools/Zenith_Tools_TextureExport.cpp')
  
C:\dev\Zenith\zenith\DataStream\Zenith_DataStream.h(130,35): warning C4267: 'initializing': conversion from 'size_t' to 'u_int', possible loss of data
  (compiling source file '../../../Tools/Zenith_Tools_MeshExport.cpp')
  
C:\dev\Zenith\zenith\DataStream\Zenith_DataStream.h(130,23): warning C4267: 'initializing': conversion from 'size_t' to 'const u_int', possible loss of data
  (compiling source file '../../../Tools/Zenith_Tools_MeshExport.cpp')
  
C:\dev\Zenith\zenith\FileAccess\Zenith_FileAccess.h(34,18): warning C4996: 'fopen': This function or variable may be unsafe. Consider using fopen_s instead. To disable deprecation, use _CRT_SECURE_NO_WARNINGS. See online help for details.
  (compiling source file '../../../Zenith/Flux/MeshGeometry/Flux_MeshGeometry.cpp')
  
C:\dev\Zenith\zenith\DataStream\Zenith_DataStream.h(130,35): warning C4267: 'initializing': conversion from 'size_t' to 'u_int', possible loss of data
  (compiling source file '../../../Tools/Zenith_Tools_TextureExport.cpp')
  
C:\dev\Zenith\zenith\DataStream\Zenith_DataStream.h(130,23): warning C4267: 'initializing': conversion from 'size_t' to 'const u_int', possible loss of data
  (compiling source file '../../../Tools/Zenith_Tools_TextureExport.cpp')
  
C:\dev\Zenith\zenith\DataStream\Zenith_DataStream.h(130,35): warning C4267: 'initializing': conversion from 'size_t' to 'u_int', possible loss of data
  (compiling source file '../../../Zenith/Flux/MeshGeometry/Flux_MeshGeometry.cpp')
  
C:\dev\Zenith\zenith\DataStream\Zenith_DataStream.h(130,23): warning C4267: 'initializing': conversion from 'size_t' to 'const u_int', possible loss of data
  (compiling source file '../../../Zenith/Flux/MeshGeometry/Flux_MeshGeometry.cpp')
  
C:\dev\Zenith\zenith\FileAccess\Zenith_FileAccess.h(34,18): warning C4996: 'fopen': This function or variable may be unsafe. Consider using fopen_s instead. To disable deprecation, use _CRT_SECURE_NO_WARNINGS. See online help for details.
  (compiling source file '../../../Tools/Zenith_Tools_TerrainExport.cpp')
  
C:\dev\Zenith\zenith\DataStream\Zenith_DataStream.h(130,35): warning C4267: 'initializing': conversion from 'size_t' to 'u_int', possible loss of data
  (compiling source file '../../../Tools/Zenith_Tools_TerrainExport.cpp')
  
C:\dev\Zenith\zenith\DataStream\Zenith_DataStream.h(130,23): warning C4267: 'initializing': conversion from 'size_t' to 'const u_int', possible loss of data
  (compiling source file '../../../Tools/Zenith_Tools_TerrainExport.cpp')
  
C:\dev\Zenith\zenith\vulkan\Zenith_Vulkan_Pipeline.h(57,31): warning C4245: 'initializing': conversion from 'int' to 'u_int', signed/unsigned mismatch
  (compiling source file '../../../Tools/Zenith_Tools_MeshExport.cpp')
  
C:\dev\Zenith\zenith\vulkan\Zenith_Vulkan_Pipeline.h(57,31): warning C4245: 'initializing': conversion from 'int' to 'u_int', signed/unsigned mismatch
  (compiling source file '../../../Zenith/Flux/MeshGeometry/Flux_MeshGeometry.cpp')
  
C:\dev\Zenith\zenith\vulkan\Zenith_Vulkan_Pipeline.h(57,31): warning C4245: 'initializing': conversion from 'int' to 'u_int', signed/unsigned mismatch
  (compiling source file '../../../Tools/Zenith_Tools_TextureExport.cpp')
  
C:\dev\Zenith\zenith\vulkan\Zenith_Vulkan_Pipeline.h(57,31): warning C4245: 'initializing': conversion from 'int' to 'u_int', signed/unsigned mismatch
  (compiling source file '../../../Tools/Zenith_Tools_TerrainExport.cpp')
  
C:\dev\Zenith\Tools\Zenith_Tools_TextureExport.cpp(42,17): warning C4996: 'fopen': This function or variable may be unsafe. Consider using fopen_s instead. To disable deprecation, use _CRT_SECURE_NO_WARNINGS. See online help for details.
C:\dev\Zenith\Tools\Zenith_Tools_TextureExport.cpp(70,2): warning C4996: 'wcstombs': This function or variable may be unsafe. Consider using wcstombs_s instead. To disable deprecation, use _CRT_SECURE_NO_WARNINGS. See online help for details.
C:\dev\Zenith\Tools\Zenith_Tools_MeshExport.cpp(297,3): warning C4996: 'wcstombs': This function or variable may be unsafe. Consider using wcstombs_s instead. To disable deprecation, use _CRT_SECURE_NO_WARNINGS. See online help for details.
C:\dev\Zenith\zenith\Maths\Zenith_Maths.h(40,17): warning C4505: 'Zenith_Maths::PerspectiveProjection': unreferenced function with internal linkage has been removed
  (compiling source file '../../../Tools/Zenith_Tools_TextureExport.cpp')
  
C:\dev\Zenith\zenith\Maths\Zenith_Maths.h(45,17): warning C4505: 'Zenith_Maths::OrthographicProjection': unreferenced function with internal linkage has been removed
  (compiling source file '../../../Tools/Zenith_Tools_TextureExport.cpp')
  
C:\dev\Zenith\zenith\Maths\Zenith_Maths.h(50,17): warning C4505: 'Zenith_Maths::EulerRotationToMatrix4': unreferenced function with internal linkage has been removed
  (compiling source file '../../../Tools/Zenith_Tools_TextureExport.cpp')
  
C:\dev\Zenith\zenith\FileAccess\Zenith_FileAccess.h(6,15): warning C4505: 'Zenith_FileAccess::ReadFile': unreferenced function with internal linkage has been removed
  (compiling source file '../../../Tools/Zenith_Tools_TextureExport.cpp')
  
C:\dev\Zenith\zenith\Maths\Zenith_Maths.h(40,17): warning C4505: 'Zenith_Maths::PerspectiveProjection': unreferenced function with internal linkage has been removed
  (compiling source file '../../../Zenith/Flux/MeshGeometry/Flux_MeshGeometry.cpp')
  
C:\dev\Zenith\zenith\Maths\Zenith_Maths.h(45,17): warning C4505: 'Zenith_Maths::OrthographicProjection': unreferenced function with internal linkage has been removed
  (compiling source file '../../../Zenith/Flux/MeshGeometry/Flux_MeshGeometry.cpp')
  
C:\dev\Zenith\zenith\Maths\Zenith_Maths.h(50,17): warning C4505: 'Zenith_Maths::EulerRotationToMatrix4': unreferenced function with internal linkage has been removed
  (compiling source file '../../../Zenith/Flux/MeshGeometry/Flux_MeshGeometry.cpp')
  
C:\dev\Zenith\zenith\FileAccess\Zenith_FileAccess.h(6,15): warning C4505: 'Zenith_FileAccess::ReadFile': unreferenced function with internal linkage has been removed
  (compiling source file '../../../Zenith/Flux/MeshGeometry/Flux_MeshGeometry.cpp')
  
C:\dev\Zenith\zenith\Flux\Flux_Types.h(125,17): warning C4505: 'ColourFormatBytesPerPixel': unreferenced function with internal linkage has been removed
  (compiling source file '../../../Zenith/Flux/MeshGeometry/Flux_MeshGeometry.cpp')
  
C:\dev\Zenith\zenith\Flux\Flux_Types.h(130,17): warning C4505: 'DepthStencilFormatBitsPerPixel': unreferenced function with internal linkage has been removed
  (compiling source file '../../../Zenith/Flux/MeshGeometry/Flux_MeshGeometry.cpp')
  
C:\dev\Zenith\zenith\Flux\Flux_Types.h(125,17): warning C4505: 'ColourFormatBytesPerPixel': unreferenced function with internal linkage has been removed
  (compiling source file '../../../Tools/Zenith_Tools_TextureExport.cpp')
  
C:\dev\Zenith\zenith\Flux\Flux_Types.h(130,17): warning C4505: 'DepthStencilFormatBitsPerPixel': unreferenced function with internal linkage has been removed
  (compiling source file '../../../Tools/Zenith_Tools_TextureExport.cpp')
  
C:\dev\Zenith\Zenith\Flux\MeshGeometry\Flux_MeshGeometry.cpp(119,20): warning C4505: 'ShaderDataTypeToString': unreferenced function with internal linkage has been removed
C:\dev\Zenith\Tools\Zenith_Tools_TextureExport.cpp(9,20): warning C4505: 'ShaderDataTypeToString': unreferenced function with internal linkage has been removed
C:\dev\Zenith\zenith\Maths\Zenith_Maths.h(40,17): warning C4505: 'Zenith_Maths::PerspectiveProjection': unreferenced function with internal linkage has been removed
  (compiling source file '../../../Tools/Zenith_Tools_MeshExport.cpp')
  
C:\dev\Zenith\zenith\Maths\Zenith_Maths.h(45,17): warning C4505: 'Zenith_Maths::OrthographicProjection': unreferenced function with internal linkage has been removed
  (compiling source file '../../../Tools/Zenith_Tools_MeshExport.cpp')
  
C:\dev\Zenith\zenith\Maths\Zenith_Maths.h(50,17): warning C4505: 'Zenith_Maths::EulerRotationToMatrix4': unreferenced function with internal linkage has been removed
  (compiling source file '../../../Tools/Zenith_Tools_MeshExport.cpp')
  
C:\dev\Zenith\zenith\FileAccess\Zenith_FileAccess.h(6,15): warning C4505: 'Zenith_FileAccess::ReadFile': unreferenced function with internal linkage has been removed
  (compiling source file '../../../Tools/Zenith_Tools_MeshExport.cpp')
  
C:\dev\Zenith\zenith\Flux\Flux_Types.h(125,17): warning C4505: 'ColourFormatBytesPerPixel': unreferenced function with internal linkage has been removed
  (compiling source file '../../../Tools/Zenith_Tools_MeshExport.cpp')
  
C:\dev\Zenith\zenith\Flux\Flux_Types.h(130,17): warning C4505: 'DepthStencilFormatBitsPerPixel': unreferenced function with internal linkage has been removed
  (compiling source file '../../../Tools/Zenith_Tools_MeshExport.cpp')
  
C:\dev\Zenith\Tools\Zenith_Tools_TerrainExport.cpp(23,50): warning C4244: '=': conversion from 'float' to 'uint32_t', possible loss of data
C:\dev\Zenith\Tools\Zenith_Tools_TerrainExport.cpp(24,79): warning C4244: '=': conversion from 'float' to 'uint32_t', possible loss of data
C:\dev\Zenith\Tools\Zenith_Tools_TerrainExport.cpp(47,20): warning C4244: 'initializing': conversion from 'float' to 'uint32_t', possible loss of data
C:\dev\Zenith\Tools\Zenith_Tools_TerrainExport.cpp(49,16): warning C4244: 'initializing': conversion from 'float' to 'uint32_t', possible loss of data
C:\dev\Zenith\Tools\Zenith_Tools_TerrainExport.cpp(51,16): warning C4244: 'initializing': conversion from 'float' to 'uint32_t', possible loss of data
C:\dev\Zenith\Tools\Zenith_Tools_TerrainExport.cpp(89,38): warning C4244: '=': conversion from 'double' to 'float', possible loss of data
C:\dev\Zenith\Tools\Zenith_Tools_TerrainExport.cpp(98,10): warning C4244: 'initializing': conversion from 'float' to 'int', possible loss of data
C:\dev\Zenith\Tools\Zenith_Tools_TerrainExport.cpp(99,10): warning C4244: 'initializing': conversion from 'float' to 'int', possible loss of data
C:\dev\Zenith\Tools\Zenith_Tools_TerrainExport.cpp(100,10): warning C4244: 'initializing': conversion from 'float' to 'int', possible loss of data
C:\dev\Zenith\Tools\Zenith_Tools_TerrainExport.cpp(101,10): warning C4244: 'initializing': conversion from 'float' to 'int', possible loss of data
C:\dev\Zenith\Tools\Zenith_Tools_TerrainExport.cpp(155,57): warning C4244: '=': conversion from 'float' to 'uint32_t', possible loss of data
C:\dev\Zenith\Tools\Zenith_Tools_TerrainExport.cpp(156,107): warning C4244: '=': conversion from 'float' to 'uint32_t', possible loss of data
C:\dev\Zenith\Tools\Zenith_Tools_TerrainExport.cpp(175,61): warning C4244: 'initializing': conversion from 'float' to 'size_t', possible loss of data
C:\dev\Zenith\Tools\Zenith_Tools_TerrainExport.cpp(176,59): warning C4244: 'initializing': conversion from 'float' to 'size_t', possible loss of data
C:\dev\Zenith\Tools\Zenith_Tools_TerrainExport.cpp(186,26): warning C4244: 'initializing': conversion from 'float' to 'uint32_t', possible loss of data
C:\dev\Zenith\Tools\Zenith_Tools_TerrainExport.cpp(188,27): warning C4244: 'initializing': conversion from 'float' to 'uint32_t', possible loss of data
C:\dev\Zenith\Tools\Zenith_Tools_TerrainExport.cpp(190,29): warning C4244: 'initializing': conversion from 'float' to 'uint32_t', possible loss of data
C:\dev\Zenith\Tools\Zenith_Tools_TerrainExport.cpp(229,17): warning C4244: 'initializing': conversion from 'float' to 'uint32_t', possible loss of data
C:\dev\Zenith\Tools\Zenith_Tools_TerrainExport.cpp(230,17): warning C4244: 'initializing': conversion from 'float' to 'uint32_t', possible loss of data
C:\dev\Zenith\Tools\Zenith_Tools_TerrainExport.cpp(231,17): warning C4244: 'initializing': conversion from 'float' to 'uint32_t', possible loss of data
C:\dev\Zenith\Tools\Zenith_Tools_TerrainExport.cpp(232,17): warning C4244: 'initializing': conversion from 'float' to 'uint32_t', possible loss of data
C:\dev\Zenith\Tools\Zenith_Tools_TerrainExport.cpp(246,19): warning C4244: 'initializing': conversion from 'float' to 'uint32_t', possible loss of data
C:\dev\Zenith\Tools\Zenith_Tools_TerrainExport.cpp(253,27): warning C4244: 'initializing': conversion from 'float' to 'uint32_t', possible loss of data
C:\dev\Zenith\Tools\Zenith_Tools_TerrainExport.cpp(255,29): warning C4244: 'initializing': conversion from 'float' to 'uint32_t', possible loss of data
C:\dev\Zenith\Tools\Zenith_Tools_TerrainExport.cpp(282,51): warning C4244: '-=': conversion from 'float' to 'uint32_t', possible loss of data
C:\dev\Zenith\Tools\Zenith_Tools_TerrainExport.cpp(284,21): warning C4244: 'initializing': conversion from 'float' to 'uint32_t', possible loss of data
C:\dev\Zenith\Tools\Zenith_Tools_TerrainExport.cpp(306,19): warning C4244: 'initializing': conversion from 'float' to 'uint32_t', possible loss of data
C:\dev\Zenith\Tools\Zenith_Tools_TerrainExport.cpp(313,27): warning C4244: 'initializing': conversion from 'float' to 'uint32_t', possible loss of data
C:\dev\Zenith\Tools\Zenith_Tools_TerrainExport.cpp(315,29): warning C4244: 'initializing': conversion from 'float' to 'uint32_t', possible loss of data
C:\dev\Zenith\Tools\Zenith_Tools_TerrainExport.cpp(341,51): warning C4244: '-=': conversion from 'float' to 'uint32_t', possible loss of data
C:\dev\Zenith\Tools\Zenith_Tools_TerrainExport.cpp(343,21): warning C4244: 'initializing': conversion from 'float' to 'uint32_t', possible loss of data
C:\dev\Zenith\Tools\Zenith_Tools_TerrainExport.cpp(363,19): warning C4244: 'initializing': conversion from 'float' to 'uint32_t', possible loss of data
C:\dev\Zenith\Tools\Zenith_Tools_TerrainExport.cpp(364,19): warning C4244: 'initializing': conversion from 'float' to 'uint32_t', possible loss of data
C:\dev\Zenith\Tools\Zenith_Tools_TerrainExport.cpp(369,26): warning C4244: 'initializing': conversion from 'float' to 'uint32_t', possible loss of data
C:\dev\Zenith\Tools\Zenith_Tools_TerrainExport.cpp(371,28): warning C4244: 'initializing': conversion from 'float' to 'uint32_t', possible loss of data
C:\dev\Zenith\Tools\Zenith_Tools_TerrainExport.cpp(393,21): warning C4244: 'initializing': conversion from 'float' to 'uint32_t', possible loss of data
C:\dev\Zenith\Tools\Zenith_Tools_TerrainExport.cpp(394,21): warning C4244: 'initializing': conversion from 'float' to 'uint32_t', possible loss of data
C:\dev\Zenith\Tools\Zenith_Tools_TerrainExport.cpp(284,14): warning C4189: 'indexX': local variable is initialized but not referenced
C:\dev\Zenith\Tools\Zenith_Tools_TerrainExport.cpp(343,14): warning C4189: 'indexZ': local variable is initialized but not referenced
C:\dev\Zenith\Tools\Zenith_Tools_TerrainExport.cpp(394,14): warning C4189: 'indexX': local variable is initialized but not referenced
C:\dev\Zenith\Tools\Zenith_Tools_TerrainExport.cpp(393,14): warning C4189: 'indexZ': local variable is initialized but not referenced
C:\dev\Zenith\zenith\Flux\Flux_Types.h(27,1): warning C4715: 'Flux_ShaderDataTypeSize': not all control paths return a value
C:\dev\Zenith\Tools\Zenith_Tools_MeshExport.cpp(261,1): warning C4701: potentially uninitialized local variable 'eFormat' used
C:\dev\Zenith\tools\middleware\opencv\build\include\opencv2\core\types.hpp(1847,5): warning C4127: conditional expression is constant
  (compiling source file '../../../Tools/Zenith_Tools_TerrainExport.cpp')
      C:\dev\Zenith\tools\middleware\opencv\build\include\opencv2\core\types.hpp(1847,5):
      consider using 'if constexpr' statement instead
      C:\dev\Zenith\tools\middleware\opencv\build\include\opencv2\core\types.hpp(1847,5):
      the template instantiation context (the oldest one first) is
          C:\dev\Zenith\tools\middleware\opencv\build\include\opencv2\core\types.hpp(2038,98):
          see reference to class template instantiation 'cv::Rect_<double>' being compiled
          C:\dev\Zenith\tools\middleware\opencv\build\include\opencv2\core\types.hpp(1845,1):
          while compiling class template member function '_Tp cv::Rect_<_Tp>::area(void) const'
          with
          [
              _Tp=double
          ]
              C:\dev\Zenith\tools\middleware\opencv\build\include\opencv2\core\types.hpp(2038,90):
              see the first reference to 'cv::Rect_<double>::area' in 'cv::rectangleIntersectionArea'
  
C:\dev\Zenith\zenith\Maths\Zenith_Maths.h(40,17): warning C4505: 'Zenith_Maths::PerspectiveProjection': unreferenced function with internal linkage has been removed
  (compiling source file '../../../Tools/Zenith_Tools_TerrainExport.cpp')
  
C:\dev\Zenith\zenith\Maths\Zenith_Maths.h(45,17): warning C4505: 'Zenith_Maths::OrthographicProjection': unreferenced function with internal linkage has been removed
  (compiling source file '../../../Tools/Zenith_Tools_TerrainExport.cpp')
  
C:\dev\Zenith\zenith\Maths\Zenith_Maths.h(50,17): warning C4505: 'Zenith_Maths::EulerRotationToMatrix4': unreferenced function with internal linkage has been removed
  (compiling source file '../../../Tools/Zenith_Tools_TerrainExport.cpp')
  
C:\dev\Zenith\zenith\FileAccess\Zenith_FileAccess.h(6,15): warning C4505: 'Zenith_FileAccess::ReadFile': unreferenced function with internal linkage has been removed
  (compiling source file '../../../Tools/Zenith_Tools_TerrainExport.cpp')
  
C:\dev\Zenith\zenith\Flux\Flux_Types.h(125,17): warning C4505: 'ColourFormatBytesPerPixel': unreferenced function with internal linkage has been removed
  (compiling source file '../../../Tools/Zenith_Tools_TerrainExport.cpp')
  
C:\dev\Zenith\zenith\Flux\Flux_Types.h(130,17): warning C4505: 'DepthStencilFormatBitsPerPixel': unreferenced function with internal linkage has been removed
  (compiling source file '../../../Tools/Zenith_Tools_TerrainExport.cpp')
  
  zenithtools_win64.vcxproj -> C:\dev\Zenith\Games\SuperSecret\Build\output\win64\vs2022_debug_win64_true\zenithtools.lib
