Build started 09/06/2026 18:45:57.

     1>Project "C:\dev\Zenith\Build\zenith_win64.sln" on node 1 (DevilsPlayground target(s)).
     1>ValidateSolutionConfiguration:
         Building solution configuration "Vulkan_vs2022_Debug_Win64_False|x64".
       ValidateProjects:
         The project "FreeType" is not selected for building in solution configuration "Vulkan_vs2022_Debug_Win64_False|x64".
         The project "msdf-atlas-gen" is not selected for building in solution configuration "Vulkan_vs2022_Debug_Win64_False|x64".
         The project "msdfgen" is not selected for building in solution configuration "Vulkan_vs2022_Debug_Win64_False|x64".
     1>Project "C:\dev\Zenith\Build\zenith_win64.sln" (1) is building "C:\dev\Zenith\Games\DevilsPlayground\Build\devilsplayground_win64.vcxproj" (2) on node 1 (default targets).
     2>Project "C:\dev\Zenith\Games\DevilsPlayground\Build\devilsplayground_win64.vcxproj" (2) is building "C:\dev\Zenith\build\zenithbase_win64.vcxproj" (3) on node 1 (default targets).
     3>PrepareForBuild:
         Structured output is enabled. The formatting of compiler diagnostics will reflect the error hierarchy. See https://aka.ms/cpp/structured-output for more details.
       InitializeBuildStatus:
         Creating "obj\zenithbase\win64\vulkan_vs2022_debug_win64_false\ZenithBase.tlog\unsuccessfulbuild" because "AlwaysCreate" was specified.
         Touching "obj\zenithbase\win64\vulkan_vs2022_debug_win64_false\ZenithBase.tlog\unsuccessfulbuild".
       VcpkgTripletSelection:
         Using triplet "x64-windows" from "C:\dev\vcpkg\installed\x64-windows\"
         Using normalized configuration "Debug"
       ClCompile:
         All outputs are up-to-date.
         All outputs are up-to-date.
       Lib:
         All outputs are up-to-date.
         Copying file from "C:\dev\Zenith\build\obj\zenithbase\win64\vulkan_vs2022_debug_win64_false\zenithbase_compiler.pdb" to "C:\dev\Zenith\build\output\win64\vulkan_vs2022_debug_win64_false\zenithbase.pdb".
         zenithbase_win64.vcxproj -> C:\dev\Zenith\build\output\win64\vulkan_vs2022_debug_win64_false\zenithbase.lib
     2>Project "C:\dev\Zenith\Games\DevilsPlayground\Build\devilsplayground_win64.vcxproj" (2) is building "C:\dev\Zenith\build\zenithecs_win64.vcxproj" (4) on node 2 (default targets).
     4>PrepareForBuild:
         Structured output is enabled. The formatting of compiler diagnostics will reflect the error hierarchy. See https://aka.ms/cpp/structured-output for more details.
       InitializeBuildStatus:
         Creating "obj\zenithecs\win64\vulkan_vs2022_debug_win64_false\ZenithECS.tlog\unsuccessfulbuild" because "AlwaysCreate" was specified.
         Touching "obj\zenithecs\win64\vulkan_vs2022_debug_win64_false\ZenithECS.tlog\unsuccessfulbuild".
       VcpkgTripletSelection:
         Using triplet "x64-windows" from "C:\dev\vcpkg\installed\x64-windows\"
         Using normalized configuration "Debug"
       ClCompile:
         All outputs are up-to-date.
     3>FinalizeBuildStatus:
         Deleting file "obj\zenithbase\win64\vulkan_vs2022_debug_win64_false\ZenithBase.tlog\unsuccessfulbuild".
         Touching "obj\zenithbase\win64\vulkan_vs2022_debug_win64_false\ZenithBase.tlog\ZenithBase.lastbuildstate".
     3>Done Building Project "C:\dev\Zenith\build\zenithbase_win64.vcxproj" (default targets).
     4>ClCompile:
         All outputs are up-to-date.
       Lib:
         All outputs are up-to-date.
         Copying file from "C:\dev\Zenith\build\obj\zenithecs\win64\vulkan_vs2022_debug_win64_false\zenithecs_compiler.pdb" to "C:\dev\Zenith\build\output\win64\vulkan_vs2022_debug_win64_false\zenithecs.pdb".
         zenithecs_win64.vcxproj -> C:\dev\Zenith\build\output\win64\vulkan_vs2022_debug_win64_false\zenithecs.lib
       FinalizeBuildStatus:
         Deleting file "obj\zenithecs\win64\vulkan_vs2022_debug_win64_false\ZenithECS.tlog\unsuccessfulbuild".
         Touching "obj\zenithecs\win64\vulkan_vs2022_debug_win64_false\ZenithECS.tlog\ZenithECS.lastbuildstate".
     4>Done Building Project "C:\dev\Zenith\build\zenithecs_win64.vcxproj" (default targets).
     2>Project "C:\dev\Zenith\Games\DevilsPlayground\Build\devilsplayground_win64.vcxproj" (2) is building "C:\dev\Zenith\build\zenith_win64.vcxproj" (5) on node 3 (default targets).
     5>PrepareForBuild:
         Structured output is enabled. The formatting of compiler diagnostics will reflect the error hierarchy. See https://aka.ms/cpp/structured-output for more details.
       InitializeBuildStatus:
         Creating "obj\win64\vulkan_vs2022_debug_win64_false\Zenith.tlog\unsuccessfulbuild" because "AlwaysCreate" was specified.
         Touching "obj\win64\vulkan_vs2022_debug_win64_false\Zenith.tlog\unsuccessfulbuild".
       VcpkgTripletSelection:
         Using triplet "x64-windows" from "C:\dev\vcpkg\installed\x64-windows\"
         Using normalized configuration "Debug"
       ClCompile:
         C:\Program Files\Microsoft Visual Studio\2022\Community\VC\Tools\MSVC\14.41.34120\bin\HostX86\x64\CL.exe /c /I..\middleware /I"..\middleware\glfw-3.4.bin.win64\include" /I"..\middleware\glm-master" /I"..\middleware\imgui-docking" /I"..\middleware\joltphysics-5.4.0" /I..\middleware\slang\include /I..\middleware\stb /I..\middleware\vma /I..\middleware\vulkansdk\1.3.280.0\include /I..\zenith /I..\zenith\core /I..\zenith\vulkan /I..\zenith\windows /I"C:\dev\vcpkg\installed\x64-windows\include" /Zi /JMC /nologo /W4 /WX /diagnostics:column /MP /Od /Ob1 /Oi /Oy- /D "ENGINE_ASSETS_DIR=\"c:/dev/zenith/Zenith/Assets/\"" /D GLM_ENABLE_EXPERIMENTAL /D NOMINMAX /D "SHADER_SOURCE_ROOT=\"c:/dev/zenith/Zenith/Flux/Shaders/\"" /D WIN64 /D ZENITH_DEBUG /D ZENITH_VULKAN /D ZENITH_WINDOWS /D _DEBUG /D _LIB /D _MBCS /GF /Gm- /MTd /GS /Gy- /fp:fast /fp:except- /Zc:wchar_t /Zc:forScope /Zc:inline /GR- /openmp- /std:c++20 /Yc"Zenith.h" /Fp"obj\win64\vulkan_vs2022_debug_win64_false\Zenith.pch" /Fo"obj\win64\vulkan_vs2022_debug_win64_false\\" /Fd"obj\win64\vulkan_vs2022_debug_win64_false\zenith_compiler.pdb" /external:W4 /Gd /TP /FC /errorReport:queue /Zc:__cplusplus ..\Zenith\Core\Zenith_Core.cpp
         Zenith_Core.cpp
         All outputs are up-to-date.
         C:\Program Files\Microsoft Visual Studio\2022\Community\VC\Tools\MSVC\14.41.34120\bin\HostX86\x64\CL.exe /c /I..\middleware /I"..\middleware\glfw-3.4.bin.win64\include" /I"..\middleware\glm-master" /I"..\middleware\imgui-docking" /I"..\middleware\joltphysics-5.4.0" /I..\middleware\slang\include /I..\middleware\stb /I..\middleware\vma /I..\middleware\vulkansdk\1.3.280.0\include /I..\zenith /I..\zenith\core /I..\zenith\vulkan /I..\zenith\windows /I"C:\dev\vcpkg\installed\x64-windows\include" /Zi /JMC /nologo /W4 /WX /diagnostics:column /MP /Od /Ob1 /Oi /Oy- /D "ENGINE_ASSETS_DIR=\"c:/dev/zenith/Zenith/Assets/\"" /D GLM_ENABLE_EXPERIMENTAL /D NOMINMAX /D "SHADER_SOURCE_ROOT=\"c:/dev/zenith/Zenith/Flux/Shaders/\"" /D WIN64 /D ZENITH_DEBUG /D ZENITH_VULKAN /D ZENITH_WINDOWS /D _DEBUG /D _LIB /D _MBCS /GF /Gm- /MTd /GS /Gy- /fp:fast /fp:except- /Zc:wchar_t /Zc:forScope /Zc:inline /GR- /openmp- /std:c++20 /Yu"Zenith.h" /Fp"obj\win64\vulkan_vs2022_debug_win64_false\Zenith.pch" /Fo"obj\win64\vulkan_vs2022_debug_win64_false\\" /Fd"obj\win64\vulkan_vs2022_debug_win64_false\zenith_compiler.pdb" /external:W4 /Gd /TP /FC /errorReport:queue /Zc:__cplusplus ..\Zenith\AI\BehaviorTree\Zenith_BehaviorTree.cpp ..\Zenith\AI\BehaviorTree\Zenith_Blackboard.cpp ..\Zenith\AI\BehaviorTree\Zenith_BTActions.cpp ..\Zenith\AI\BehaviorTree\Zenith_BTComposites.cpp ..\Zenith\AI\BehaviorTree\Zenith_BTConditions.cpp ..\Zenith\AI\BehaviorTree\Zenith_BTDecorators.cpp ..\Zenith\AI\BehaviorTree\Zenith_BTNode.cpp ..\Zenith\AI\Components\Zenith_AIAgentComponent.cpp ..\Zenith\AI\Navigation\Zenith_NavMesh.cpp ..\Zenith\AI\Navigation\Zenith_NavMeshAgent.cpp ..\Zenith\AI\Navigation\Zenith_NavMeshGenerator.cpp ..\Zenith\AI\Navigation\Zenith_Pathfinding.cpp ..\Zenith\AI\Perception\Zenith_PerceptionSystem.cpp ..\Zenith\AI\Squad\Zenith_Formation.cpp ..\Zenith\AI\Squad\Zenith_Squad.cpp ..\Zenith\AI\Squad\Zenith_TacticalPoint.cpp ..\Zenith\AI\Zenith_AIDebugVariables.cpp ..\Zenith\AssetHandling\Zenith_AnimationAsset.cpp ..\Zenith\AssetHandling\Zenith_Asset.cpp ..\Zenith\AssetHandling\Zenith_AssetHandle.cpp ..\Zenith\AssetHandling\Zenith_AssetRegistry.cpp ..\Zenith\AssetHandling\Zenith_FileWatcher.cpp ..\Zenith\AssetHandling\Zenith_FontAsset.cpp ..\Zenith\AssetHandling\Zenith_MaterialAsset.cpp ..\Zenith\AssetHandling\Zenith_MeshAsset.cpp ..\Zenith\AssetHandling\Zenith_MeshGeometryAsset.cpp ..\Zenith\AssetHandling\Zenith_ModelAsset.cpp ..\Zenith\AssetHandling\Zenith_ScriptAsset.cpp ..\Zenith\AssetHandling\Zenith_SkeletonAsset.cpp ..\Zenith\AssetHandling\Zenith_TextureAsset.cpp ..\Zenith\Core\Callstack\Zenith_Callstack.cpp ..\Zenith\Core\Zenith_AudioBus.cpp ..\Zenith\Core\Zenith_AutomatedTest.cpp ..\Zenith\Core\Zenith_BenchECS.cpp ..\Zenith\Core\Zenith_CommandLine.cpp ..\Zenith\Core\Zenith_Engine.cpp ..\Zenith\Core\Zenith_EnginePCH.cpp ..\Zenith\Core\Zenith_GraphicsOptions.cpp ..\Zenith\Core\Zenith_Main.cpp ..\Zenith\Core\Zenith_TestFramework.cpp ..\Zenith\Core\Zenith_Tween.cpp ..\Zenith\DebugVariables\Zenith_DebugVariables.cpp ..\Zenith\Editor\Panels\Zenith_EditorPanel_Console.cpp ..\Zenith\Editor\Panels\Zenith_EditorPanel_ContentBrowser.cpp ..\Zenith\Editor\Panels\Zenith_EditorPanel_Hierarchy.cpp ..\Zenith\Editor\Panels\Zenith_EditorPanel_MaterialEditor.cpp ..\Zenith\Editor\Panels\Zenith_EditorPanel_Memory.cpp ..\Zenith\Editor\Panels\Zenith_EditorPanel_Properties.cpp ..\Zenith\Editor\Panels\Zenith_EditorPanel_RenderGraph.cpp ..\Zenith\Editor\Panels\Zenith_EditorPanel_Toolbar.cpp ..\Zenith\Editor\Panels\Zenith_EditorPanel_VariantEditor.cpp ..\Zenith\Editor\Panels\Zenith_EditorPanel_Viewport.cpp ..\Zenith\Editor\Zenith_Editor.cpp ..\Zenith\Editor\Zenith_EditorAutomation.cpp ..\Zenith\Editor\Zenith_EditorCamera.cpp ..\Zenith\Editor\Zenith_EditorQuery.cpp ..\Zenith\Editor\Zenith_Editor_MaterialUI.cpp ..\Zenith\Editor\Zenith_Editor_Menu.cpp ..\Zenith\Editor\Zenith_Gizmo.cpp ..\Zenith\Editor\Zenith_SelectionSystem.cpp ..\Zenith\Editor\Zenith_UndoSystem.cpp ..\Zenith\EntityComponent\Components\Zenith_AnimatorComponent.cpp ..\Zenith\EntityComponent\Components\Zenith_CameraComponent.cpp ..\Zenith\EntityComponent\Components\Zenith_ColliderComponent.cpp ..\Zenith\EntityComponent\Components\Zenith_InstancedMeshComponent.cpp ..\Zenith\EntityComponent\Components\Zenith_LightComponent.cpp ..\Zenith\EntityComponent\Components\Zenith_ModelComponent.cpp ..\Zenith\EntityComponent\Components\Zenith_ModelComponent_Editor.cpp ..\Zenith\EntityComponent\Components\Zenith_ParticleEmitterComponent.cpp ..\Zenith\EntityComponent\Components\Zenith_ScriptComponent.cpp ..\Zenith\EntityComponent\Components\Zenith_TerrainComponent.cpp ..\Zenith\EntityComponent\Components\Zenith_TerrainComponent_Editor.cpp ..\Zenith\EntityComponent\Components\Zenith_TransformComponent.cpp ..\Zenith\EntityComponent\Components\Zenith_TweenComponent.cpp ..\Zenith\EntityComponent\Components\Zenith_UIComponent.cpp ..\Zenith\EntityComponent\Zenith_CameraResolve.cpp ..\Zenith\EntityComponent\Zenith_ComponentMeta_Registration.cpp ..\Zenith\EntityComponent\Zenith_ComponentRegistry.cpp ..\Zenith\EntityComponent\Zenith_PhysicsDebugDraw.cpp ..\Zenith\Flux\AnimatedMeshes\Flux_AnimatedMeshes.cpp ..\Zenith\Flux\Backend\Flux_BackendConformance.cpp ..\Zenith\Flux\Decals\Flux_Decals.cpp ..\Zenith\Flux\DeferredShading\Flux_DeferredShading.cpp ..\Zenith\Flux\DynamicLights\Flux_DynamicLights.cpp ..\Zenith\Flux\DynamicLights\Flux_LightClustering.cpp ..\Zenith\Flux\Flux.cpp ..\Zenith\Flux\Flux_Buffers.cpp ..\Zenith\Flux\Flux_CommandList.cpp ..\Zenith\Flux\Flux_FeatureRegistry.cpp ..\Zenith\Flux\Flux_Graphics.cpp ..\Zenith\Flux\Flux_ModelInstance.cpp ..\Zenith\Flux\Flux_PerFrame.cpp ..\Zenith\Flux\Flux_RenderTargets.cpp ..\Zenith\Flux\Flux_Types.cpp ..\Zenith\Flux\Fog\Flux_Fog.cpp ..\Zenith\Flux\Fog\Flux_FroxelFog.cpp ..\Zenith\Flux\Fog\Flux_GodRaysFog.cpp ..\Zenith\Flux\Fog\Flux_RaymarchFog.cpp ..\Zenith\Flux\Fog\Flux_VolumeFog.cpp ..\Zenith\Flux\Gizmos\Flux_Gizmos.cpp ..\Zenith\Flux\HDR\Flux_HDR.cpp ..\Zenith\Flux\HiZ\Flux_HiZ.cpp ..\Zenith\Flux\IBL\Flux_IBL.cpp ..\Zenith\Flux\InstancedMeshes\Flux_AnimationTexture.cpp ..\Zenith\Flux\InstancedMeshes\Flux_InstancedMeshes.cpp ..\Zenith\Flux\InstancedMeshes\Flux_InstanceGroup.cpp ..\Zenith\Flux\MeshAnimation\Flux_AnimationClip.cpp ..\Zenith\Flux\MeshAnimation\Flux_AnimationController.cpp ..\Zenith\Flux\MeshAnimation\Flux_AnimationControllerStore.cpp ..\Zenith\Flux\MeshAnimation\Flux_AnimationLayer.cpp ..\Zenith\Flux\MeshAnimation\Flux_AnimationStateMachine.cpp ..\Zenith\Flux\MeshAnimation\Flux_BlendTree.cpp ..\Zenith\Flux\MeshAnimation\Flux_BonePose.cpp ..\Zenith\Flux\MeshAnimation\Flux_InverseKinematics.cpp ..\Zenith\Flux\MeshAnimation\Flux_MeshAnimation.cpp ..\Zenith\Flux\MeshAnimation\Flux_SkeletonInstance.cpp ..\Zenith\Flux\MeshGeometry\Flux_MeshGeometry.cpp ..\Zenith\Flux\MeshGeometry\Flux_MeshInstance.cpp ..\Zenith\Flux\Particles\Flux_ParticleEmitterConfig.cpp ..\Zenith\Flux\Particles\Flux_ParticleGPU.cpp ..\Zenith\Flux\Particles\Flux_Particles.cpp ..\Zenith\Flux\Primitives\Flux_Primitives.cpp ..\Zenith\Flux\Quads\Flux_Quads.cpp ..\Zenith\Flux\RenderGraph\Flux_RenderGraph.cpp ..\Zenith\Flux\RenderGraph\Flux_RenderGraph_Compilation.cpp ..\Zenith\Flux\RenderGraph\Flux_RenderGraph_Execution.cpp ..\Zenith\Flux\SDFs\Flux_SDFs.cpp ..\Zenith\Flux\Shadows\Flux_Shadows.cpp ..\Zenith\Flux\Skybox\Flux_Skybox.cpp ..\Zenith\Flux\Slang\Flux_CodeGenerator.cpp ..\Zenith\Flux\Slang\Flux_ShaderBinder.cpp ..\Zenith\Flux\Slang\Flux_ShaderHotReload.cpp ..\Zenith\Flux\Slang\Flux_ShaderRegistry.cpp ..\Zenith\Flux\Slang\Flux_SlangCompiler.cpp ..\Zenith\Flux\SSAO\Flux_SSAO.cpp ..\Zenith\Flux\SSGI\Flux_SSGI.cpp ..\Zenith\Flux\SSR\Flux_SSR.cpp ..\Zenith\Flux\StaticMeshes\Flux_StaticMeshes.cpp ..\Zenith\Flux\Terrain\Flux_Terrain.cpp ..\Zenith\Flux\Terrain\Flux_TerrainStreamingManager.cpp ..\Zenith\Flux\Text\Flux_Text.cpp ..\Zenith\Flux\Text\Flux_TextQueue.cpp ..\Zenith\Flux\Vegetation\Flux_Grass.cpp ..\Zenith\Flux\Zenith_GameRenderFeatures.cpp ..\Zenith\Flux\Zenith_RenderBus.cpp ..\Zenith\Input\Zenith_Input.cpp ..\Zenith\Input\Zenith_InputSimulator.cpp ..\Zenith\Input\Zenith_TouchInput.cpp ..\Zenith\Physics\Zenith_Physics.cpp ..\Zenith\Physics\Zenith_PhysicsMeshGenerator.cpp ..\Zenith\Prefab\Zenith_Prefab.cpp ..\Zenith\Profiling\Zenith_Profiling.cpp ..\Zenith\SaveData\Zenith_SaveData.cpp ..\Zenith\TaskSystem\Zenith_TaskSystem.cpp ..\Zenith\Telemetry\Zenith_Telemetry.cpp ..\Zenith\UI\Zenith_UIButton.cpp ..\Zenith\UI\Zenith_UICanvas.cpp ..\Zenith\UI\Zenith_UIElement.cpp ..\Zenith\UI\Zenith_UIImage.cpp ..\Zenith\UI\Zenith_UILayoutGroup.cpp ..\Zenith\UI\Zenith_UIOverlay.cpp ..\Zenith\UI\Zenith_UIRect.cpp ..\Zenith\UI\Zenith_UIScrollView.cpp ..\Zenith\UI\Zenith_UIStyleRenderer.cpp ..\Zenith\UI\Zenith_UIText.cpp ..\Zenith\UI\Zenith_UIToggle.cpp ..\Zenith\UnitTests\Zenith_AssertCapture.cpp ..\Zenith\UnitTests\Zenith_EditorTestFixture.cpp ..\Zenith\Vulkan\Platform\Windows\Zenith_Windows_Vulkan.cpp ..\Zenith\Vulkan\Zenith_Vulkan.cpp ..\Zenith\Vulkan\Zenith_Vulkan_Buffer.cpp ..\Zenith\Vulkan\Zenith_Vulkan_CommandBuffer.cpp ..\Zenith\Vulkan\Zenith_Vulkan_ComputePipelineBuilder.cpp ..\Zenith\Vulkan\Zenith_Vulkan_ImGuiIntegration.cpp ..\Zenith\Vulkan\Zenith_Vulkan_MemoryManager.cpp ..\Zenith\Vulkan\Zenith_Vulkan_Pipeline.cpp ..\Zenith\Vulkan\Zenith_Vulkan_Shader.cpp ..\Zenith\Vulkan\Zenith_Vulkan_Swapchain.cpp ..\Zenith\Vulkan\Zenith_Vulkan_Texture.cpp ..\Zenith\Windows\Callstack\Zenith_Windows_Callstack.cpp ..\Zenith\Windows\FileAccess\Zenith_Windows_FileAccess.cpp ..\Zenith\Windows\Multithreading\Zenith_Windows_Multithreading.cpp ..\Zenith\Windows\Zenith_Windows_DebugBreak.cpp ..\Zenith\Windows\Zenith_Windows_FileWatcher.cpp ..\Zenith\Windows\Zenith_Windows_Main.cpp ..\Zenith\Windows\Zenith_Windows_Window.cpp
         Zenith_BehaviorTree.cpp
         Zenith_Blackboard.cpp
         Zenith_BTActions.cpp
         Zenith_BTComposites.cpp
         Zenith_BTConditions.cpp
         Zenith_BTDecorators.cpp
         Zenith_BTNode.cpp
         Zenith_AIAgentComponent.cpp
         Zenith_NavMesh.cpp
         Zenith_NavMeshAgent.cpp
         Zenith_NavMeshGenerator.cpp
         Zenith_Pathfinding.cpp
         Zenith_PerceptionSystem.cpp
         Zenith_Formation.cpp
         Zenith_Squad.cpp
         Zenith_TacticalPoint.cpp
         Zenith_AIDebugVariables.cpp
         Zenith_AnimationAsset.cpp
         Zenith_Asset.cpp
         Zenith_AssetHandle.cpp
         Zenith_AssetRegistry.cpp
         Zenith_FileWatcher.cpp
         Zenith_FontAsset.cpp
         Zenith_MaterialAsset.cpp
         Zenith_MeshAsset.cpp
         Zenith_MeshGeometryAsset.cpp
         Zenith_ModelAsset.cpp
         Zenith_ScriptAsset.cpp
         Zenith_SkeletonAsset.cpp
         Zenith_TextureAsset.cpp
         Zenith_Callstack.cpp
         Zenith_AudioBus.cpp
         Zenith_AutomatedTest.cpp
         Zenith_BenchECS.cpp
         Zenith_CommandLine.cpp
         Zenith_Engine.cpp
         Zenith_EnginePCH.cpp
         Zenith_GraphicsOptions.cpp
         Zenith_Main.cpp
         Zenith_TestFramework.cpp
         Zenith_Tween.cpp
         Zenith_DebugVariables.cpp
         Zenith_EditorPanel_Console.cpp
         Zenith_EditorPanel_ContentBrowser.cpp
         Zenith_EditorPanel_Hierarchy.cpp
         Zenith_EditorPanel_MaterialEditor.cpp
         Zenith_EditorPanel_Memory.cpp
         Zenith_EditorPanel_Properties.cpp
         Zenith_EditorPanel_RenderGraph.cpp
         Zenith_EditorPanel_Toolbar.cpp
         Zenith_EditorPanel_VariantEditor.cpp
         Zenith_EditorPanel_Viewport.cpp
         Zenith_Editor.cpp
         Zenith_EditorAutomation.cpp
         Zenith_EditorCamera.cpp
         Zenith_EditorQuery.cpp
         Zenith_Editor_MaterialUI.cpp
         Zenith_Editor_Menu.cpp
         Zenith_Gizmo.cpp
         Zenith_SelectionSystem.cpp
         Zenith_UndoSystem.cpp
         Zenith_AnimatorComponent.cpp
         Zenith_CameraComponent.cpp
         Zenith_ColliderComponent.cpp
         Zenith_InstancedMeshComponent.cpp
         Zenith_LightComponent.cpp
         Zenith_ModelComponent.cpp
         Zenith_ModelComponent_Editor.cpp
         Zenith_ParticleEmitterComponent.cpp
         Zenith_ScriptComponent.cpp
         Zenith_TerrainComponent.cpp
         Zenith_TerrainComponent_Editor.cpp
         Zenith_TransformComponent.cpp
         Zenith_TweenComponent.cpp
         Zenith_UIComponent.cpp
         Zenith_CameraResolve.cpp
         Zenith_ComponentMeta_Registration.cpp
         Zenith_ComponentRegistry.cpp
         Zenith_PhysicsDebugDraw.cpp
         Flux_AnimatedMeshes.cpp
         Flux_BackendConformance.cpp
         Flux_Decals.cpp
         Flux_DeferredShading.cpp
         Flux_DynamicLights.cpp
         Flux_LightClustering.cpp
         Flux.cpp
         Flux_Buffers.cpp
         Flux_CommandList.cpp
         Flux_FeatureRegistry.cpp
         Flux_Graphics.cpp
         Flux_ModelInstance.cpp
         Flux_PerFrame.cpp
         Flux_RenderTargets.cpp
         Flux_Types.cpp
         Flux_Fog.cpp
         Flux_FroxelFog.cpp
         Flux_GodRaysFog.cpp
         Flux_RaymarchFog.cpp
         Flux_VolumeFog.cpp
         Flux_Gizmos.cpp
         Flux_HDR.cpp
         Flux_HiZ.cpp
         Flux_IBL.cpp
         Flux_AnimationTexture.cpp
         Flux_InstancedMeshes.cpp
         Flux_InstanceGroup.cpp
         Flux_AnimationClip.cpp
         Flux_AnimationController.cpp
         Flux_AnimationControllerStore.cpp
         Flux_AnimationLayer.cpp
         Flux_AnimationStateMachine.cpp
         Flux_BlendTree.cpp
         Flux_BonePose.cpp
         Flux_InverseKinematics.cpp
         Flux_MeshAnimation.cpp
         Flux_SkeletonInstance.cpp
         Flux_MeshGeometry.cpp
         Flux_MeshInstance.cpp
         Flux_ParticleEmitterConfig.cpp
         Flux_ParticleGPU.cpp
         Flux_Particles.cpp
         Flux_Primitives.cpp
         Flux_Quads.cpp
         Flux_RenderGraph.cpp
         Flux_RenderGraph_Compilation.cpp
         Flux_RenderGraph_Execution.cpp
         Flux_SDFs.cpp
         Flux_Shadows.cpp
         Flux_Skybox.cpp
         Flux_CodeGenerator.cpp
         Flux_ShaderBinder.cpp
         Flux_ShaderHotReload.cpp
         Flux_ShaderRegistry.cpp
         Flux_SlangCompiler.cpp
         Flux_SSAO.cpp
         Flux_SSGI.cpp
         Flux_SSR.cpp
         Flux_StaticMeshes.cpp
         Flux_Terrain.cpp
         Flux_TerrainStreamingManager.cpp
         Flux_Text.cpp
         Flux_TextQueue.cpp
         Flux_Grass.cpp
         Zenith_GameRenderFeatures.cpp
         Zenith_RenderBus.cpp
         Zenith_Input.cpp
         Zenith_InputSimulator.cpp
         Zenith_TouchInput.cpp
         Zenith_Physics.cpp
         Zenith_PhysicsMeshGenerator.cpp
         Zenith_Prefab.cpp
         Zenith_Profiling.cpp
         Zenith_SaveData.cpp
         Zenith_TaskSystem.cpp
         Zenith_Telemetry.cpp
         Zenith_UIButton.cpp
         Zenith_UICanvas.cpp
         Zenith_UIElement.cpp
         Zenith_UIImage.cpp
         Zenith_UILayoutGroup.cpp
         Zenith_UIOverlay.cpp
         Zenith_UIRect.cpp
         Zenith_UIScrollView.cpp
         Zenith_UIStyleRenderer.cpp
         Zenith_UIText.cpp
         Zenith_UIToggle.cpp
         Zenith_AssertCapture.cpp
         Zenith_EditorTestFixture.cpp
         Zenith_Windows_Vulkan.cpp
         Zenith_Vulkan.cpp
         Zenith_Vulkan_Buffer.cpp
         Zenith_Vulkan_CommandBuffer.cpp
         Zenith_Vulkan_ComputePipelineBuilder.cpp
         Zenith_Vulkan_ImGuiIntegration.cpp
         Zenith_Vulkan_MemoryManager.cpp
         Zenith_Vulkan_Pipeline.cpp
         Zenith_Vulkan_Shader.cpp
         Zenith_Vulkan_Swapchain.cpp
         Zenith_Vulkan_Texture.cpp
         Zenith_Windows_Callstack.cpp
         Zenith_Windows_FileAccess.cpp
         Zenith_Windows_Multithreading.cpp
         Zenith_Windows_DebugBreak.cpp
         Zenith_Windows_FileWatcher.cpp
         Zenith_Windows_Main.cpp
         Zenith_Windows_Window.cpp
       Lib:
         C:\Program Files\Microsoft Visual Studio\2022\Community\VC\Tools\MSVC\14.41.34120\bin\HostX86\x64\Lib.exe /OUT:"output\win64\vulkan_vs2022_debug_win64_false\zenith.lib" /LIBPATH:"C:\dev\vcpkg\installed\x64-windows\debug\lib" /LIBPATH:"C:\dev\vcpkg\installed\x64-windows\debug\lib\manual-link" /NOLOGO /MACHINE:X64 obj\win64\vulkan_vs2022_debug_win64_false\imgui_impl_glfw.obj
         obj\win64\vulkan_vs2022_debug_win64_false\imgui_impl_vulkan.obj
         obj\win64\vulkan_vs2022_debug_win64_false\imgui_impl_win32.obj
         obj\win64\vulkan_vs2022_debug_win64_false\imgui.obj
         obj\win64\vulkan_vs2022_debug_win64_false\imgui_demo.obj
         obj\win64\vulkan_vs2022_debug_win64_false\imgui_draw.obj
         obj\win64\vulkan_vs2022_debug_win64_false\imgui_tables.obj
         obj\win64\vulkan_vs2022_debug_win64_false\imgui_widgets.obj
         obj\win64\vulkan_vs2022_debug_win64_false\AABBTreeBuilder.obj
         obj\win64\vulkan_vs2022_debug_win64_false\Color.obj
         obj\win64\vulkan_vs2022_debug_win64_false\Factory.obj
         obj\win64\vulkan_vs2022_debug_win64_false\IssueReporting.obj
         obj\win64\vulkan_vs2022_debug_win64_false\JobSystemSingleThreaded.obj
         obj\win64\vulkan_vs2022_debug_win64_false\JobSystemThreadPool.obj
         obj\win64\vulkan_vs2022_debug_win64_false\JobSystemWithBarrier.obj
         obj\win64\vulkan_vs2022_debug_win64_false\LinearCurve.obj
         obj\win64\vulkan_vs2022_debug_win64_false\Memory.obj
         obj\win64\vulkan_vs2022_debug_win64_false\Profiler.obj
         obj\win64\vulkan_vs2022_debug_win64_false\RTTI.obj
         obj\win64\vulkan_vs2022_debug_win64_false\Semaphore.obj
         obj\win64\vulkan_vs2022_debug_win64_false\StringTools.obj
         obj\win64\vulkan_vs2022_debug_win64_false\TickCounter.obj
         obj\win64\vulkan_vs2022_debug_win64_false\ConvexHullBuilder.obj
         obj\win64\vulkan_vs2022_debug_win64_false\ConvexHullBuilder2D.obj
         obj\win64\vulkan_vs2022_debug_win64_false\Indexify.obj
         obj\win64\vulkan_vs2022_debug_win64_false\OrientedBox.obj
         obj\win64\vulkan_vs2022_debug_win64_false\Vec3.obj
         obj\win64\vulkan_vs2022_debug_win64_false\ObjectStream.obj
         obj\win64\vulkan_vs2022_debug_win64_false\ObjectStreamBinaryIn.obj
         obj\win64\vulkan_vs2022_debug_win64_false\ObjectStreamBinaryOut.obj
         obj\win64\vulkan_vs2022_debug_win64_false\ObjectStreamIn.obj
         obj\win64\vulkan_vs2022_debug_win64_false\ObjectStreamOut.obj
         obj\win64\vulkan_vs2022_debug_win64_false\ObjectStreamTextIn.obj
         obj\win64\vulkan_vs2022_debug_win64_false\ObjectStreamTextOut.obj
         obj\win64\vulkan_vs2022_debug_win64_false\SerializableObject.obj
         obj\win64\vulkan_vs2022_debug_win64_false\TypeDeclarations.obj
         obj\win64\vulkan_vs2022_debug_win64_false\Body.obj
         obj\win64\vulkan_vs2022_debug_win64_false\BodyCreationSettings.obj
         obj\win64\vulkan_vs2022_debug_win64_false\BodyInterface.obj
         obj\win64\vulkan_vs2022_debug_win64_false\BodyManager.obj
         obj\win64\vulkan_vs2022_debug_win64_false\MassProperties.obj
         obj\win64\vulkan_vs2022_debug_win64_false\MotionProperties.obj
         obj\win64\vulkan_vs2022_debug_win64_false\Character.obj
         obj\win64\vulkan_vs2022_debug_win64_false\CharacterBase.obj
         obj\win64\vulkan_vs2022_debug_win64_false\CharacterVirtual.obj
         obj\win64\vulkan_vs2022_debug_win64_false\BroadPhase.obj
         obj\win64\vulkan_vs2022_debug_win64_false\BroadPhaseBruteForce.obj
         obj\win64\vulkan_vs2022_debug_win64_false\BroadPhaseQuadTree.obj
         obj\win64\vulkan_vs2022_debug_win64_false\QuadTree.obj
         obj\win64\vulkan_vs2022_debug_win64_false\CastConvexVsTriangles.obj
         obj\win64\vulkan_vs2022_debug_win64_false\CastSphereVsTriangles.obj
         obj\win64\vulkan_vs2022_debug_win64_false\CollideConvexVsTriangles.obj
         obj\win64\vulkan_vs2022_debug_win64_false\CollideSphereVsTriangles.obj
         obj\win64\vulkan_vs2022_debug_win64_false\CollisionDispatch.obj
         obj\win64\vulkan_vs2022_debug_win64_false\CollisionGroup.obj
         obj\win64\vulkan_vs2022_debug_win64_false\EstimateCollisionResponse.obj
         obj\win64\vulkan_vs2022_debug_win64_false\GroupFilter.obj
         obj\win64\vulkan_vs2022_debug_win64_false\GroupFilterTable.obj
         obj\win64\vulkan_vs2022_debug_win64_false\ManifoldBetweenTwoFaces.obj
         obj\win64\vulkan_vs2022_debug_win64_false\NarrowPhaseQuery.obj
         obj\win64\vulkan_vs2022_debug_win64_false\NarrowPhaseStats.obj
         obj\win64\vulkan_vs2022_debug_win64_false\PhysicsMaterial.obj
         obj\win64\vulkan_vs2022_debug_win64_false\PhysicsMaterialSimple.obj
         obj\win64\vulkan_vs2022_debug_win64_false\BoxShape.obj
         obj\win64\vulkan_vs2022_debug_win64_false\CapsuleShape.obj
         obj\win64\vulkan_vs2022_debug_win64_false\CompoundShape.obj
         obj\win64\vulkan_vs2022_debug_win64_false\ConvexHullShape.obj
         obj\win64\vulkan_vs2022_debug_win64_false\ConvexShape.obj
         obj\win64\vulkan_vs2022_debug_win64_false\CylinderShape.obj
         obj\win64\vulkan_vs2022_debug_win64_false\DecoratedShape.obj
         obj\win64\vulkan_vs2022_debug_win64_false\EmptyShape.obj
         obj\win64\vulkan_vs2022_debug_win64_false\HeightFieldShape.obj
         obj\win64\vulkan_vs2022_debug_win64_false\MeshShape.obj
         obj\win64\vulkan_vs2022_debug_win64_false\MutableCompoundShape.obj
         obj\win64\vulkan_vs2022_debug_win64_false\OffsetCenterOfMassShape.obj
         obj\win64\vulkan_vs2022_debug_win64_false\PlaneShape.obj
         obj\win64\vulkan_vs2022_debug_win64_false\RotatedTranslatedShape.obj
         obj\win64\vulkan_vs2022_debug_win64_false\ScaledShape.obj
         obj\win64\vulkan_vs2022_debug_win64_false\Shape.obj
         obj\win64\vulkan_vs2022_debug_win64_false\SphereShape.obj
         obj\win64\vulkan_vs2022_debug_win64_false\StaticCompoundShape.obj
         obj\win64\vulkan_vs2022_debug_win64_false\TaperedCapsuleShape.obj
         obj\win64\vulkan_vs2022_debug_win64_false\TaperedCylinderShape.obj
         obj\win64\vulkan_vs2022_debug_win64_false\TriangleShape.obj
         obj\win64\vulkan_vs2022_debug_win64_false\TransformedShape.obj
         obj\win64\vulkan_vs2022_debug_win64_false\ConeConstraint.obj
         obj\win64\vulkan_vs2022_debug_win64_false\Constraint.obj
         obj\win64\vulkan_vs2022_debug_win64_false\ConstraintManager.obj
         obj\win64\vulkan_vs2022_debug_win64_false\ContactConstraintManager.obj
         obj\win64\vulkan_vs2022_debug_win64_false\DistanceConstraint.obj
         obj\win64\vulkan_vs2022_debug_win64_false\FixedConstraint.obj
         obj\win64\vulkan_vs2022_debug_win64_false\GearConstraint.obj
         obj\win64\vulkan_vs2022_debug_win64_false\HingeConstraint.obj
         obj\win64\vulkan_vs2022_debug_win64_false\MotorSettings.obj
         obj\win64\vulkan_vs2022_debug_win64_false\PathConstraint.obj
         obj\win64\vulkan_vs2022_debug_win64_false\PathConstraintPath.obj
         obj\win64\vulkan_vs2022_debug_win64_false\PathConstraintPathHermite.obj
         obj\win64\vulkan_vs2022_debug_win64_false\PointConstraint.obj
         obj\win64\vulkan_vs2022_debug_win64_false\PulleyConstraint.obj
         obj\win64\vulkan_vs2022_debug_win64_false\RackAndPinionConstraint.obj
         obj\win64\vulkan_vs2022_debug_win64_false\SixDOFConstraint.obj
         obj\win64\vulkan_vs2022_debug_win64_false\SliderConstraint.obj
         obj\win64\vulkan_vs2022_debug_win64_false\SpringSettings.obj
         obj\win64\vulkan_vs2022_debug_win64_false\SwingTwistConstraint.obj
         obj\win64\vulkan_vs2022_debug_win64_false\TwoBodyConstraint.obj
         obj\win64\vulkan_vs2022_debug_win64_false\DeterminismLog.obj
         obj\win64\vulkan_vs2022_debug_win64_false\IslandBuilder.obj
         obj\win64\vulkan_vs2022_debug_win64_false\LargeIslandSplitter.obj
         obj\win64\vulkan_vs2022_debug_win64_false\PhysicsScene.obj
         obj\win64\vulkan_vs2022_debug_win64_false\PhysicsSystem.obj
         obj\win64\vulkan_vs2022_debug_win64_false\PhysicsUpdateContext.obj
         obj\win64\vulkan_vs2022_debug_win64_false\Ragdoll.obj
         obj\win64\vulkan_vs2022_debug_win64_false\SoftBodyCreationSettings.obj
         obj\win64\vulkan_vs2022_debug_win64_false\SoftBodyMotionProperties.obj
         obj\win64\vulkan_vs2022_debug_win64_false\SoftBodyShape.obj
         obj\win64\vulkan_vs2022_debug_win64_false\SoftBodySharedSettings.obj
         obj\win64\vulkan_vs2022_debug_win64_false\StateRecorderImpl.obj
         obj\win64\vulkan_vs2022_debug_win64_false\MotorcycleController.obj
         obj\win64\vulkan_vs2022_debug_win64_false\TrackedVehicleController.obj
         obj\win64\vulkan_vs2022_debug_win64_false\VehicleAntiRollBar.obj
         obj\win64\vulkan_vs2022_debug_win64_false\VehicleCollisionTester.obj
         obj\win64\vulkan_vs2022_debug_win64_false\VehicleConstraint.obj
         obj\win64\vulkan_vs2022_debug_win64_false\VehicleController.obj
         obj\win64\vulkan_vs2022_debug_win64_false\VehicleDifferential.obj
         obj\win64\vulkan_vs2022_debug_win64_false\VehicleEngine.obj
         obj\win64\vulkan_vs2022_debug_win64_false\VehicleTrack.obj
         obj\win64\vulkan_vs2022_debug_win64_false\VehicleTransmission.obj
         obj\win64\vulkan_vs2022_debug_win64_false\Wheel.obj
         obj\win64\vulkan_vs2022_debug_win64_false\WheeledVehicleController.obj
         obj\win64\vulkan_vs2022_debug_win64_false\RegisterTypes.obj
         obj\win64\vulkan_vs2022_debug_win64_false\DebugRenderer.obj
         obj\win64\vulkan_vs2022_debug_win64_false\DebugRendererPlayback.obj
         obj\win64\vulkan_vs2022_debug_win64_false\DebugRendererRecorder.obj
         obj\win64\vulkan_vs2022_debug_win64_false\DebugRendererSimple.obj
         obj\win64\vulkan_vs2022_debug_win64_false\SkeletalAnimation.obj
         obj\win64\vulkan_vs2022_debug_win64_false\Skeleton.obj
         obj\win64\vulkan_vs2022_debug_win64_false\SkeletonMapper.obj
         obj\win64\vulkan_vs2022_debug_win64_false\SkeletonPose.obj
         obj\win64\vulkan_vs2022_debug_win64_false\TriangleSplitter.obj
         obj\win64\vulkan_vs2022_debug_win64_false\TriangleSplitterBinning.obj
         obj\win64\vulkan_vs2022_debug_win64_false\TriangleSplitterMean.obj
         obj\win64\vulkan_vs2022_debug_win64_false\Zenith_BehaviorTree.obj
         obj\win64\vulkan_vs2022_debug_win64_false\Zenith_Blackboard.obj
         obj\win64\vulkan_vs2022_debug_win64_false\Zenith_BTActions.obj
         obj\win64\vulkan_vs2022_debug_win64_false\Zenith_BTComposites.obj
         obj\win64\vulkan_vs2022_debug_win64_false\Zenith_BTConditions.obj
         obj\win64\vulkan_vs2022_debug_win64_false\Zenith_BTDecorators.obj
         obj\win64\vulkan_vs2022_debug_win64_false\Zenith_BTNode.obj
         obj\win64\vulkan_vs2022_debug_win64_false\Zenith_AIAgentComponent.obj
         obj\win64\vulkan_vs2022_debug_win64_false\Zenith_NavMesh.obj
         obj\win64\vulkan_vs2022_debug_win64_false\Zenith_NavMeshAgent.obj
         obj\win64\vulkan_vs2022_debug_win64_false\Zenith_NavMeshGenerator.obj
         obj\win64\vulkan_vs2022_debug_win64_false\Zenith_Pathfinding.obj
         obj\win64\vulkan_vs2022_debug_win64_false\Zenith_PerceptionSystem.obj
         obj\win64\vulkan_vs2022_debug_win64_false\Zenith_Formation.obj
         obj\win64\vulkan_vs2022_debug_win64_false\Zenith_Squad.obj
         obj\win64\vulkan_vs2022_debug_win64_false\Zenith_TacticalPoint.obj
         obj\win64\vulkan_vs2022_debug_win64_false\Zenith_AIDebugVariables.obj
         obj\win64\vulkan_vs2022_debug_win64_false\Zenith_AnimationAsset.obj
         obj\win64\vulkan_vs2022_debug_win64_false\Zenith_Asset.obj
         obj\win64\vulkan_vs2022_debug_win64_false\Zenith_AssetHandle.obj
         obj\win64\vulkan_vs2022_debug_win64_false\Zenith_AssetRegistry.obj
         obj\win64\vulkan_vs2022_debug_win64_false\Zenith_FileWatcher.obj
         obj\win64\vulkan_vs2022_debug_win64_false\Zenith_FontAsset.obj
         obj\win64\vulkan_vs2022_debug_win64_false\Zenith_MaterialAsset.obj
         obj\win64\vulkan_vs2022_debug_win64_false\Zenith_MeshAsset.obj
         obj\win64\vulkan_vs2022_debug_win64_false\Zenith_MeshGeometryAsset.obj
         obj\win64\vulkan_vs2022_debug_win64_false\Zenith_ModelAsset.obj
         obj\win64\vulkan_vs2022_debug_win64_false\Zenith_ScriptAsset.obj
         obj\win64\vulkan_vs2022_debug_win64_false\Zenith_SkeletonAsset.obj
         obj\win64\vulkan_vs2022_debug_win64_false\Zenith_TextureAsset.obj
         obj\win64\vulkan_vs2022_debug_win64_false\Zenith_Callstack.obj
         obj\win64\vulkan_vs2022_debug_win64_false\Zenith_AudioBus.obj
         obj\win64\vulkan_vs2022_debug_win64_false\Zenith_AutomatedTest.obj
         obj\win64\vulkan_vs2022_debug_win64_false\Zenith_BenchECS.obj
         obj\win64\vulkan_vs2022_debug_win64_false\Zenith_CommandLine.obj
         obj\win64\vulkan_vs2022_debug_win64_false\Zenith_Core.obj
         obj\win64\vulkan_vs2022_debug_win64_false\Zenith_Engine.obj
         obj\win64\vulkan_vs2022_debug_win64_false\Zenith_EnginePCH.obj
         obj\win64\vulkan_vs2022_debug_win64_false\Zenith_GraphicsOptions.obj
         obj\win64\vulkan_vs2022_debug_win64_false\Zenith_Main.obj
         obj\win64\vulkan_vs2022_debug_win64_false\Zenith_TestFramework.obj
         obj\win64\vulkan_vs2022_debug_win64_false\Zenith_Tween.obj
         obj\win64\vulkan_vs2022_debug_win64_false\Zenith_DebugVariables.obj
         obj\win64\vulkan_vs2022_debug_win64_false\Zenith_EditorPanel_Console.obj
         obj\win64\vulkan_vs2022_debug_win64_false\Zenith_EditorPanel_ContentBrowser.obj
         obj\win64\vulkan_vs2022_debug_win64_false\Zenith_EditorPanel_Hierarchy.obj
         obj\win64\vulkan_vs2022_debug_win64_false\Zenith_EditorPanel_MaterialEditor.obj
         obj\win64\vulkan_vs2022_debug_win64_false\Zenith_EditorPanel_Memory.obj
         obj\win64\vulkan_vs2022_debug_win64_false\Zenith_EditorPanel_Properties.obj
         obj\win64\vulkan_vs2022_debug_win64_false\Zenith_EditorPanel_RenderGraph.obj
         obj\win64\vulkan_vs2022_debug_win64_false\Zenith_EditorPanel_Toolbar.obj
         obj\win64\vulkan_vs2022_debug_win64_false\Zenith_EditorPanel_VariantEditor.obj
         obj\win64\vulkan_vs2022_debug_win64_false\Zenith_EditorPanel_Viewport.obj
         obj\win64\vulkan_vs2022_debug_win64_false\Zenith_Editor.obj
         obj\win64\vulkan_vs2022_debug_win64_false\Zenith_EditorAutomation.obj
         obj\win64\vulkan_vs2022_debug_win64_false\Zenith_EditorCamera.obj
         obj\win64\vulkan_vs2022_debug_win64_false\Zenith_EditorQuery.obj
         obj\win64\vulkan_vs2022_debug_win64_false\Zenith_Editor_MaterialUI.obj
         obj\win64\vulkan_vs2022_debug_win64_false\Zenith_Editor_Menu.obj
         obj\win64\vulkan_vs2022_debug_win64_false\Zenith_Gizmo.obj
         obj\win64\vulkan_vs2022_debug_win64_false\Zenith_SelectionSystem.obj
         obj\win64\vulkan_vs2022_debug_win64_false\Zenith_UndoSystem.obj
         obj\win64\vulkan_vs2022_debug_win64_false\Zenith_AnimatorComponent.obj
         obj\win64\vulkan_vs2022_debug_win64_false\Zenith_CameraComponent.obj
         obj\win64\vulkan_vs2022_debug_win64_false\Zenith_ColliderComponent.obj
         obj\win64\vulkan_vs2022_debug_win64_false\Zenith_InstancedMeshComponent.obj
         obj\win64\vulkan_vs2022_debug_win64_false\Zenith_LightComponent.obj
         obj\win64\vulkan_vs2022_debug_win64_false\Zenith_ModelComponent.obj
         obj\win64\vulkan_vs2022_debug_win64_false\Zenith_ModelComponent_Editor.obj
         obj\win64\vulkan_vs2022_debug_win64_false\Zenith_ParticleEmitterComponent.obj
         obj\win64\vulkan_vs2022_debug_win64_false\Zenith_ScriptComponent.obj
         obj\win64\vulkan_vs2022_debug_win64_false\Zenith_TerrainComponent.obj
         obj\win64\vulkan_vs2022_debug_win64_false\Zenith_TerrainComponent_Editor.obj
         obj\win64\vulkan_vs2022_debug_win64_false\Zenith_TransformComponent.obj
         obj\win64\vulkan_vs2022_debug_win64_false\Zenith_TweenComponent.obj
         obj\win64\vulkan_vs2022_debug_win64_false\Zenith_UIComponent.obj
         obj\win64\vulkan_vs2022_debug_win64_false\Zenith_CameraResolve.obj
         obj\win64\vulkan_vs2022_debug_win64_false\Zenith_ComponentMeta_Registration.obj
         obj\win64\vulkan_vs2022_debug_win64_false\Zenith_ComponentRegistry.obj
         obj\win64\vulkan_vs2022_debug_win64_false\Zenith_PhysicsDebugDraw.obj
         obj\win64\vulkan_vs2022_debug_win64_false\Flux_AnimatedMeshes.obj
         obj\win64\vulkan_vs2022_debug_win64_false\Flux_BackendConformance.obj
         obj\win64\vulkan_vs2022_debug_win64_false\Flux_Decals.obj
         obj\win64\vulkan_vs2022_debug_win64_false\Flux_DeferredShading.obj
         obj\win64\vulkan_vs2022_debug_win64_false\Flux_DynamicLights.obj
         obj\win64\vulkan_vs2022_debug_win64_false\Flux_LightClustering.obj
         obj\win64\vulkan_vs2022_debug_win64_false\Flux.obj
         obj\win64\vulkan_vs2022_debug_win64_false\Flux_Buffers.obj
         obj\win64\vulkan_vs2022_debug_win64_false\Flux_CommandList.obj
         obj\win64\vulkan_vs2022_debug_win64_false\Flux_FeatureRegistry.obj
         obj\win64\vulkan_vs2022_debug_win64_false\Flux_Graphics.obj
         obj\win64\vulkan_vs2022_debug_win64_false\Flux_ModelInstance.obj
         obj\win64\vulkan_vs2022_debug_win64_false\Flux_PerFrame.obj
         obj\win64\vulkan_vs2022_debug_win64_false\Flux_RenderTargets.obj
         obj\win64\vulkan_vs2022_debug_win64_false\Flux_Types.obj
         obj\win64\vulkan_vs2022_debug_win64_false\Flux_Fog.obj
         obj\win64\vulkan_vs2022_debug_win64_false\Flux_FroxelFog.obj
         obj\win64\vulkan_vs2022_debug_win64_false\Flux_GodRaysFog.obj
         obj\win64\vulkan_vs2022_debug_win64_false\Flux_RaymarchFog.obj
         obj\win64\vulkan_vs2022_debug_win64_false\Flux_VolumeFog.obj
         obj\win64\vulkan_vs2022_debug_win64_false\Flux_Gizmos.obj
         obj\win64\vulkan_vs2022_debug_win64_false\Flux_HDR.obj
         obj\win64\vulkan_vs2022_debug_win64_false\Flux_HiZ.obj
         obj\win64\vulkan_vs2022_debug_win64_false\Flux_IBL.obj
         obj\win64\vulkan_vs2022_debug_win64_false\Flux_AnimationTexture.obj
         obj\win64\vulkan_vs2022_debug_win64_false\Flux_InstancedMeshes.obj
         obj\win64\vulkan_vs2022_debug_win64_false\Flux_InstanceGroup.obj
         obj\win64\vulkan_vs2022_debug_win64_false\Flux_AnimationClip.obj
         obj\win64\vulkan_vs2022_debug_win64_false\Flux_AnimationController.obj
         obj\win64\vulkan_vs2022_debug_win64_false\Flux_AnimationControllerStore.obj
         obj\win64\vulkan_vs2022_debug_win64_false\Flux_AnimationLayer.obj
         obj\win64\vulkan_vs2022_debug_win64_false\Flux_AnimationStateMachine.obj
         obj\win64\vulkan_vs2022_debug_win64_false\Flux_BlendTree.obj
         obj\win64\vulkan_vs2022_debug_win64_false\Flux_BonePose.obj
         obj\win64\vulkan_vs2022_debug_win64_false\Flux_InverseKinematics.obj
         obj\win64\vulkan_vs2022_debug_win64_false\Flux_MeshAnimation.obj
         obj\win64\vulkan_vs2022_debug_win64_false\Flux_SkeletonInstance.obj
         obj\win64\vulkan_vs2022_debug_win64_false\Flux_MeshGeometry.obj
         obj\win64\vulkan_vs2022_debug_win64_false\Flux_MeshInstance.obj
         obj\win64\vulkan_vs2022_debug_win64_false\Flux_ParticleEmitterConfig.obj
         obj\win64\vulkan_vs2022_debug_win64_false\Flux_ParticleGPU.obj
         obj\win64\vulkan_vs2022_debug_win64_false\Flux_Particles.obj
         obj\win64\vulkan_vs2022_debug_win64_false\Flux_Primitives.obj
         obj\win64\vulkan_vs2022_debug_win64_false\Flux_Quads.obj
         obj\win64\vulkan_vs2022_debug_win64_false\Flux_RenderGraph.obj
         obj\win64\vulkan_vs2022_debug_win64_false\Flux_RenderGraph_Compilation.obj
         obj\win64\vulkan_vs2022_debug_win64_false\Flux_RenderGraph_Execution.obj
         obj\win64\vulkan_vs2022_debug_win64_false\Flux_SDFs.obj
         obj\win64\vulkan_vs2022_debug_win64_false\Flux_Shadows.obj
         obj\win64\vulkan_vs2022_debug_win64_false\Flux_Skybox.obj
         obj\win64\vulkan_vs2022_debug_win64_false\Flux_CodeGenerator.obj
         obj\win64\vulkan_vs2022_debug_win64_false\Flux_ShaderBinder.obj
         obj\win64\vulkan_vs2022_debug_win64_false\Flux_ShaderHotReload.obj
         obj\win64\vulkan_vs2022_debug_win64_false\Flux_ShaderRegistry.obj
         obj\win64\vulkan_vs2022_debug_win64_false\Flux_SlangCompiler.obj
         obj\win64\vulkan_vs2022_debug_win64_false\Flux_SSAO.obj
         obj\win64\vulkan_vs2022_debug_win64_false\Flux_SSGI.obj
         obj\win64\vulkan_vs2022_debug_win64_false\Flux_SSR.obj
         obj\win64\vulkan_vs2022_debug_win64_false\Flux_StaticMeshes.obj
         obj\win64\vulkan_vs2022_debug_win64_false\Flux_Terrain.obj
         obj\win64\vulkan_vs2022_debug_win64_false\Flux_TerrainStreamingManager.obj
         obj\win64\vulkan_vs2022_debug_win64_false\Flux_Text.obj
         obj\win64\vulkan_vs2022_debug_win64_false\Flux_TextQueue.obj
         obj\win64\vulkan_vs2022_debug_win64_false\Flux_Grass.obj
         obj\win64\vulkan_vs2022_debug_win64_false\Zenith_GameRenderFeatures.obj
         obj\win64\vulkan_vs2022_debug_win64_false\Zenith_RenderBus.obj
         obj\win64\vulkan_vs2022_debug_win64_false\Zenith_Input.obj
         obj\win64\vulkan_vs2022_debug_win64_false\Zenith_InputSimulator.obj
         obj\win64\vulkan_vs2022_debug_win64_false\Zenith_TouchInput.obj
         obj\win64\vulkan_vs2022_debug_win64_false\Zenith_Physics.obj
         obj\win64\vulkan_vs2022_debug_win64_false\Zenith_PhysicsMeshGenerator.obj
         obj\win64\vulkan_vs2022_debug_win64_false\Zenith_Prefab.obj
         obj\win64\vulkan_vs2022_debug_win64_false\Zenith_Profiling.obj
         obj\win64\vulkan_vs2022_debug_win64_false\Zenith_SaveData.obj
         obj\win64\vulkan_vs2022_debug_win64_false\Zenith_TaskSystem.obj
         obj\win64\vulkan_vs2022_debug_win64_false\Zenith_Telemetry.obj
         obj\win64\vulkan_vs2022_debug_win64_false\Zenith_UIButton.obj
         obj\win64\vulkan_vs2022_debug_win64_false\Zenith_UICanvas.obj
         obj\win64\vulkan_vs2022_debug_win64_false\Zenith_UIElement.obj
         obj\win64\vulkan_vs2022_debug_win64_false\Zenith_UIImage.obj
         obj\win64\vulkan_vs2022_debug_win64_false\Zenith_UILayoutGroup.obj
         obj\win64\vulkan_vs2022_debug_win64_false\Zenith_UIOverlay.obj
         obj\win64\vulkan_vs2022_debug_win64_false\Zenith_UIRect.obj
         obj\win64\vulkan_vs2022_debug_win64_false\Zenith_UIScrollView.obj
         obj\win64\vulkan_vs2022_debug_win64_false\Zenith_UIStyleRenderer.obj
         obj\win64\vulkan_vs2022_debug_win64_false\Zenith_UIText.obj
         obj\win64\vulkan_vs2022_debug_win64_false\Zenith_UIToggle.obj
         obj\win64\vulkan_vs2022_debug_win64_false\Zenith_AssertCapture.obj
         obj\win64\vulkan_vs2022_debug_win64_false\Zenith_EditorTestFixture.obj
         obj\win64\vulkan_vs2022_debug_win64_false\Zenith_Windows_Vulkan.obj
         obj\win64\vulkan_vs2022_debug_win64_false\Zenith_Vulkan.obj
         obj\win64\vulkan_vs2022_debug_win64_false\Zenith_Vulkan_Buffer.obj
         obj\win64\vulkan_vs2022_debug_win64_false\Zenith_Vulkan_CommandBuffer.obj
         obj\win64\vulkan_vs2022_debug_win64_false\Zenith_Vulkan_ComputePipelineBuilder.obj
         obj\win64\vulkan_vs2022_debug_win64_false\Zenith_Vulkan_ImGuiIntegration.obj
         obj\win64\vulkan_vs2022_debug_win64_false\Zenith_Vulkan_MemoryManager.obj
         obj\win64\vulkan_vs2022_debug_win64_false\Zenith_Vulkan_Pipeline.obj
         obj\win64\vulkan_vs2022_debug_win64_false\Zenith_Vulkan_Shader.obj
         obj\win64\vulkan_vs2022_debug_win64_false\Zenith_Vulkan_Swapchain.obj
         obj\win64\vulkan_vs2022_debug_win64_false\Zenith_Vulkan_Texture.obj
         obj\win64\vulkan_vs2022_debug_win64_false\Zenith_Windows_Callstack.obj
         obj\win64\vulkan_vs2022_debug_win64_false\Zenith_Windows_FileAccess.obj
         obj\win64\vulkan_vs2022_debug_win64_false\Zenith_Windows_Multithreading.obj
         obj\win64\vulkan_vs2022_debug_win64_false\Zenith_Windows_DebugBreak.obj
         obj\win64\vulkan_vs2022_debug_win64_false\Zenith_Windows_FileWatcher.obj
         obj\win64\vulkan_vs2022_debug_win64_false\Zenith_Windows_Main.obj
         obj\win64\vulkan_vs2022_debug_win64_false\Zenith_Windows_Window.obj
         Copying file from "C:\dev\Zenith\build\obj\win64\vulkan_vs2022_debug_win64_false\zenith_compiler.pdb" to "C:\dev\Zenith\build\output\win64\vulkan_vs2022_debug_win64_false\zenith.pdb".
         zenith_win64.vcxproj -> C:\dev\Zenith\build\output\win64\vulkan_vs2022_debug_win64_false\zenith.lib
       TlogCleanup:
         Removing the following items from tlogs as they were removed from the project or build: C:\dev\Zenith\Zenith\Flux\Zenith_GameRenderHook.cpp
       FinalizeBuildStatus:
         Deleting file "obj\win64\vulkan_vs2022_debug_win64_false\Zenith.tlog\unsuccessfulbuild".
         Touching "obj\win64\vulkan_vs2022_debug_win64_false\Zenith.tlog\Zenith.lastbuildstate".
     5>Done Building Project "C:\dev\Zenith\build\zenith_win64.vcxproj" (default targets).
     2>PrepareForBuild:
         Structured output is enabled. The formatting of compiler diagnostics will reflect the error hierarchy. See https://aka.ms/cpp/structured-output for more details.
       InitializeBuildStatus:
         Creating "obj\win64\vulkan_vs2022_debug_win64_false\DevilsPlayground.tlog\unsuccessfulbuild" because "AlwaysCreate" was specified.
         Touching "obj\win64\vulkan_vs2022_debug_win64_false\DevilsPlayground.tlog\unsuccessfulbuild".
     2>Project "C:\dev\Zenith\Games\DevilsPlayground\Build\devilsplayground_win64.vcxproj" (2) is building "C:\dev\Zenith\build\msdf-atlas-gen_win64.vcxproj" (6) on node 1 (GetProjectInfoForReference target(s)).
     6>PrepareForBuild:
         Structured output is enabled. The formatting of compiler diagnostics will reflect the error hierarchy. See https://aka.ms/cpp/structured-output for more details.
     2>Project "C:\dev\Zenith\Games\DevilsPlayground\Build\devilsplayground_win64.vcxproj" (2) is building "C:\dev\Zenith\build\msdfgen_win64.vcxproj" (7) on node 2 (GetProjectInfoForReference target(s)).
     7>PrepareForBuild:
         Structured output is enabled. The formatting of compiler diagnostics will reflect the error hierarchy. See https://aka.ms/cpp/structured-output for more details.
     6>Done Building Project "C:\dev\Zenith\build\msdf-atlas-gen_win64.vcxproj" (GetProjectInfoForReference target(s)).
     7>Done Building Project "C:\dev\Zenith\build\msdfgen_win64.vcxproj" (GetProjectInfoForReference target(s)).
     2>Project "C:\dev\Zenith\Games\DevilsPlayground\Build\devilsplayground_win64.vcxproj" (2) is building "C:\dev\Zenith\build\freetype_win64.vcxproj" (8) on node 3 (GetProjectInfoForReference target(s)).
     8>PrepareForBuild:
         Structured output is enabled. The formatting of compiler diagnostics will reflect the error hierarchy. See https://aka.ms/cpp/structured-output for more details.
     8>Done Building Project "C:\dev\Zenith\build\freetype_win64.vcxproj" (GetProjectInfoForReference target(s)).
     2>VcpkgTripletSelection:
         Using triplet "x64-windows" from "C:\dev\vcpkg\installed\x64-windows\"
         Using normalized configuration "Debug"
       ClCompile:
         C:\Program Files\Microsoft Visual Studio\2022\Community\VC\Tools\MSVC\14.41.34120\bin\HostX86\x64\CL.exe /c /I..\.. /I.. /I..\..\..\middleware /I"..\..\..\middleware\glfw-3.4.bin.win64\include" /I"..\..\..\middleware\glm-master" /I"..\..\..\middleware\imgui-docking" /I"..\..\..\middleware\joltphysics-5.4.0" /I..\..\..\middleware\slang\include /I..\..\..\middleware\stb /I..\..\..\middleware\vma /I..\..\..\middleware\vulkansdk\1.3.280.0\include /I..\..\..\zenith /I..\..\..\zenith\core /I..\..\..\zenith\vulkan /I..\..\..\zenith\windows /I"C:\dev\vcpkg\installed\x64-windows\include" /Zi /JMC /nologo /W4 /WX /diagnostics:column /MP /Od /Ob1 /Oi /Oy- /D "ENGINE_ASSETS_DIR=\"c:/dev/zenith/Zenith/Assets/\"" /D "GAME_ASSETS_DIR=\"c:/dev/zenith/Games/DevilsPlayground/Assets/\"" /D GLM_ENABLE_EXPERIMENTAL /D NOMINMAX /D "SHADER_SOURCE_ROOT=\"c:/dev/zenith/Zenith/Flux/Shaders/\"" /D WIN64 /D ZENITH_DEBUG /D "ZENITH_ROOT=\"c:/dev/zenith/\"" /D ZENITH_VULKAN /D ZENITH_WINDOWS /D _CONSOLE /D _DEBUG /D _MBCS /GF /Gm- /MTd /GS /Gy- /fp:fast /fp:except- /Zc:wchar_t /Zc:forScope /Zc:inline /GR- /openmp- /std:c++20 /Fo"obj\win64\vulkan_vs2022_debug_win64_false\\" /Fd"obj\win64\vulkan_vs2022_debug_win64_false\devilsplayground_compiler.pdb" /external:W4 /Gd /TP /FC /errorReport:queue /Zc:__cplusplus ..\DevilsPlayground.cpp ..\Source\DPFogPass.cpp ..\Tests\Test_GameRenderFeatures.cpp ..\Tests\Test_PostFogHookFires.cpp
         DevilsPlayground.cpp
         DPFogPass.cpp
         Test_GameRenderFeatures.cpp
         Test_PostFogHookFires.cpp
       Link:
         C:\Program Files\Microsoft Visual Studio\2022\Community\VC\Tools\MSVC\14.41.34120\bin\HostX86\x64\link.exe /ERRORREPORT:PROMPT /OUT:"output\win64\vulkan_vs2022_debug_win64_false\devilsplayground.exe" /INCREMENTAL:NO /NOLOGO /LIBPATH:..\..\..\build\output\win64\vulkan_vs2022_debug_win64_false /LIBPATH:"..\..\..\middleware\glfw-3.4.bin.win64\lib-vc2022" /LIBPATH:..\..\..\middleware\slang\lib /LIBPATH:..\..\..\middleware\vulkansdk\1.3.280.0\lib /LIBPATH:"C:\dev\vcpkg\installed\x64-windows\debug\lib" /LIBPATH:"C:\dev\vcpkg\installed\x64-windows\debug\lib\manual-link" zenith.lib zenithbase.lib zenithecs.lib dbghelp.lib glfw3_mt.lib psapi.lib slang.lib "vulkan-1.lib" kernel32.lib user32.lib gdi32.lib winspool.lib comdlg32.lib advapi32.lib shell32.lib ole32.lib oleaut32.lib uuid.lib odbc32.lib odbccp32.lib "C:\dev\vcpkg\installed\x64-windows\debug\lib\*.lib" /NODEFAULTLIB:libcmt.lib /MANIFEST /MANIFESTUAC:"level='asInvoker' uiAccess='false'" /manifest:embed /DEBUG /PDB:"output\win64\vulkan_vs2022_debug_win64_false\devilsplayground.pdb" /MAP:"output\win64\vulkan_vs2022_debug_win64_false\devilsplayground.map" /SUBSYSTEM:CONSOLE /LARGEADDRESSAWARE /OPT:NOREF /OPT:NOICF /LTCGOUT:"obj\win64\vulkan_vs2022_debug_win64_false\devilsplayground.iobj" /TLBID:1 /DYNAMICBASE /NXCOMPAT /IMPLIB:"output\win64\vulkan_vs2022_debug_win64_false\devilsplayground.lib" /MACHINE:X64 obj\win64\vulkan_vs2022_debug_win64_false\DPProcLevelBootstrap_Behaviour.obj
         obj\win64\vulkan_vs2022_debug_win64_false\DevilsPlayground.obj
         obj\win64\vulkan_vs2022_debug_win64_false\DPFogPass.obj
         obj\win64\vulkan_vs2022_debug_win64_false\DPMaterials.obj
         obj\win64\vulkan_vs2022_debug_win64_false\DPParticles.obj
         obj\win64\vulkan_vs2022_debug_win64_false\DPProcLevel_Generator.obj
         obj\win64\vulkan_vs2022_debug_win64_false\DPProcLevel_JsonExport.obj
         obj\win64\vulkan_vs2022_debug_win64_false\DPTelemetry.obj
         obj\win64\vulkan_vs2022_debug_win64_false\DPTelemetryAnalyzer.obj
         obj\win64\vulkan_vs2022_debug_win64_false\DPTutorial.obj
         obj\win64\vulkan_vs2022_debug_win64_false\DP_AI.obj
         obj\win64\vulkan_vs2022_debug_win64_false\DP_Archetypes.obj
         obj\win64\vulkan_vs2022_debug_win64_false\DP_Fog.obj
         obj\win64\vulkan_vs2022_debug_win64_false\DP_Interactables.obj
         obj\win64\vulkan_vs2022_debug_win64_false\DP_Items.obj
         obj\win64\vulkan_vs2022_debug_win64_false\DP_Json.obj
         obj\win64\vulkan_vs2022_debug_win64_false\DP_Night.obj
         obj\win64\vulkan_vs2022_debug_win64_false\DP_Player.obj
         obj\win64\vulkan_vs2022_debug_win64_false\DP_Reagents.obj
         obj\win64\vulkan_vs2022_debug_win64_false\DP_Save.obj
         obj\win64\vulkan_vs2022_debug_win64_false\DP_Tuning.obj
         obj\win64\vulkan_vs2022_debug_win64_false\DP_Win.obj
         obj\win64\vulkan_vs2022_debug_win64_false\Test_DimLightsCutFog.obj
         obj\win64\vulkan_vs2022_debug_win64_false\Test_DoubleDoorAndForge.obj
         obj\win64\vulkan_vs2022_debug_win64_false\Test_DPDoor.obj
         obj\win64\vulkan_vs2022_debug_win64_false\Test_DPFogPass.obj
         obj\win64\vulkan_vs2022_debug_win64_false\Test_DPTelemetryAnalyzer.obj
         obj\win64\vulkan_vs2022_debug_win64_false\Test_DPTelemetryHooks.obj
         obj\win64\vulkan_vs2022_debug_win64_false\Test_FrontEndPlay.obj
         obj\win64\vulkan_vs2022_debug_win64_false\Test_FullPlaythrough.obj
         obj\win64\vulkan_vs2022_debug_win64_false\Test_GameplaySystems.obj
         obj\win64\vulkan_vs2022_debug_win64_false\Test_GameRenderFeatures.obj
         obj\win64\vulkan_vs2022_debug_win64_false\Test_HearingFlow.obj
         obj\win64\vulkan_vs2022_debug_win64_false\Test_Hello.obj
         obj\win64\vulkan_vs2022_debug_win64_false\Test_ItemPickup.obj
         obj\win64\vulkan_vs2022_debug_win64_false\Test_LifeTimer.obj
         obj\win64\vulkan_vs2022_debug_win64_false\Test_Materials.obj
         obj\win64\vulkan_vs2022_debug_win64_false\Test_MouseWheel.obj
         obj\win64\vulkan_vs2022_debug_win64_false\Test_P1Apprehend_OutOfRangeIgnored.obj
         obj\win64\vulkan_vs2022_debug_win64_false\Test_P1Apprehend_SwitchBreaksChannel.obj
         obj\win64\vulkan_vs2022_debug_win64_false\Test_P1Cooldown_CannotPossessFor1pt5s.obj
         obj\win64\vulkan_vs2022_debug_win64_false\Test_P1Cooldown_NotAffectedByDeath.obj
         obj\win64\vulkan_vs2022_debug_win64_false\Test_P1Dawn_DispatchesRunLost.obj
         obj\win64\vulkan_vs2022_debug_win64_false\Test_P1Dawn_NoFireWhenNotStarted.obj
         obj\win64\vulkan_vs2022_debug_win64_false\Test_P1Drop_GoesToGroundAtBodyPosition.obj
         obj\win64\vulkan_vs2022_debug_win64_false\Test_P1Drop_PickupChainHandoff.obj
         obj\win64\vulkan_vs2022_debug_win64_false\Test_P1Faint_RecoversToIdle.obj
         obj\win64\vulkan_vs2022_debug_win64_false\Test_P1Faint_SystemPossessBypassesGate.obj
         obj\win64\vulkan_vs2022_debug_win64_false\Test_P1NavMesh_ClosedDoorBlocksPath.obj
         obj\win64\vulkan_vs2022_debug_win64_false\Test_P1NavMesh_PathRespectsWalls.obj
         obj\win64\vulkan_vs2022_debug_win64_false\Test_P1NoVessels_DispatchesRunLost.obj
         obj\win64\vulkan_vs2022_debug_win64_false\Test_P1Pause_InputSimDuringPause.obj
         obj\win64\vulkan_vs2022_debug_win64_false\Test_P1Pause_TimerStopsOnEscape.obj
         obj\win64\vulkan_vs2022_debug_win64_false\Test_P1Priest_DoesNotChasePossessedOutOfSight.obj
         obj\win64\vulkan_vs2022_debug_win64_false\Test_P1Priest_PursuesAfterLineOfSight.obj
         obj\win64\vulkan_vs2022_debug_win64_false\Test_P1Range_AcceptedInRange.obj
         obj\win64\vulkan_vs2022_debug_win64_false\Test_P1Range_AnchorMovesWithEachHop.obj
         obj\win64\vulkan_vs2022_debug_win64_false\Test_P1Range_RefusedOutOfRange.obj
         obj\win64\vulkan_vs2022_debug_win64_false\Test_P1Save_RobustToCorruption.obj
         obj\win64\vulkan_vs2022_debug_win64_false\Test_P1Save_RoundTripMeta.obj
         obj\win64\vulkan_vs2022_debug_win64_false\Test_P1Save_VersionMismatchFallsBackToDefault.obj
         obj\win64\vulkan_vs2022_debug_win64_false\Test_P1Scent_AccumulatesOnPossession.obj
         obj\win64\vulkan_vs2022_debug_win64_false\Test_P1Scent_DecaysOverTime.obj
         obj\win64\vulkan_vs2022_debug_win64_false\Test_P1Scent_HighestWinsInBlackboard.obj
         obj\win64\vulkan_vs2022_debug_win64_false\Test_P1Scent_NoBumpWhilePossessing.obj
         obj\win64\vulkan_vs2022_debug_win64_false\Test_P1Scent_NotificationToBlackboard.obj
         obj\win64\vulkan_vs2022_debug_win64_false\Test_P1Sprint_DrainsLifeFaster.obj
         obj\win64\vulkan_vs2022_debug_win64_false\Test_P1Sprint_NoDrainWhenNotMoving.obj
         obj\win64\vulkan_vs2022_debug_win64_false\Test_P1Sprint_WinsTieOverWalkQuiet.obj
         obj\win64\vulkan_vs2022_debug_win64_false\Test_P1Switch_BurnOutDoesDie.obj
         obj\win64\vulkan_vs2022_debug_win64_false\Test_P1Switch_FaintNotDie.obj
         obj\win64\vulkan_vs2022_debug_win64_false\Test_P1Tuning_InteractableValuesMatchConfig.obj
         obj\win64\vulkan_vs2022_debug_win64_false\Test_P1Tuning_LoadsAndValuesInBand.obj
         obj\win64\vulkan_vs2022_debug_win64_false\Test_P1Tuning_PriestValuesMatchConfig.obj
         obj\win64\vulkan_vs2022_debug_win64_false\Test_P1Villager_TuningMigration.obj
         obj\win64\vulkan_vs2022_debug_win64_false\Test_P1WalkQuiet_FootstepLoudnessHalved.obj
         obj\win64\vulkan_vs2022_debug_win64_false\Test_P2Archetype_BeggarIgnoredByAelfric.obj
         obj\win64\vulkan_vs2022_debug_win64_false\Test_P2Archetype_ChildCannotCarryTools.obj
         obj\win64\vulkan_vs2022_debug_win64_false\Test_P2Archetype_DevoutChannel.obj
         obj\win64\vulkan_vs2022_debug_win64_false\Test_P2Archetype_DevoutChannelInterrupt.obj
         obj\win64\vulkan_vs2022_debug_win64_false\Test_P2Archetype_TimersMatchSpec.obj
         obj\win64\vulkan_vs2022_debug_win64_false\Test_P2BellSoul_AudibleAcrossMap.obj
         obj\win64\vulkan_vs2022_debug_win64_false\Test_P2BellSoul_PriestHearsTheBell.obj
         obj\win64\vulkan_vs2022_debug_win64_false\Test_P2Fog_AelfricNotRevealed.obj
         obj\win64\vulkan_vs2022_debug_win64_false\Test_P2Fog_LightAddsHole.obj
         obj\win64\vulkan_vs2022_debug_win64_false\Test_P2Fog_MemoryDimsAfter10s.obj
         obj\win64\vulkan_vs2022_debug_win64_false\Test_P2Fog_MemoryFollowsPossessedVillager.obj
         obj\win64\vulkan_vs2022_debug_win64_false\Test_P2Forge_AudibleAt30m.obj
         obj\win64\vulkan_vs2022_debug_win64_false\Test_P2Forge_IronToSkeletonKey.obj
         obj\win64\vulkan_vs2022_debug_win64_false\Test_P2Forge_PriestHearsTheHammer.obj
         obj\win64\vulkan_vs2022_debug_win64_false\Test_P2Forge_WoodToSpike.obj
         obj\win64\vulkan_vs2022_debug_win64_false\Test_P2HUD_AelfricStateInRealScene.obj
         obj\win64\vulkan_vs2022_debug_win64_false\Test_P2HUD_AelfricStateReadouts.obj
         obj\win64\vulkan_vs2022_debug_win64_false\Test_P2HUD_DawnAndScentReadouts.obj
         obj\win64\vulkan_vs2022_debug_win64_false\Test_P2HUD_DetailedReadouts.obj
         obj\win64\vulkan_vs2022_debug_win64_false\Test_P2HUD_TutorialHint.obj
         obj\win64\vulkan_vs2022_debug_win64_false\Test_P2Menu_PauseAndMainMenuShortcuts.obj
         obj\win64\vulkan_vs2022_debug_win64_false\Test_P2Pause_RestartActuallyReloadsScene.obj
         obj\win64\vulkan_vs2022_debug_win64_false\Test_P2Reagent_BellSoulRingsBell.obj
         obj\win64\vulkan_vs2022_debug_win64_false\Test_P2Reagent_BogWaterEvaporates.obj
         obj\win64\vulkan_vs2022_debug_win64_false\Test_P2Reagent_UniquePickupChannel.obj
         obj\win64\vulkan_vs2022_debug_win64_false\Test_P2Villager_ArchetypeStatsApplied.obj
         obj\win64\vulkan_vs2022_debug_win64_false\Test_P3Inventory_ArchetypeCount.obj
         obj\win64\vulkan_vs2022_debug_win64_false\Test_P4Playthrough_LossByDawn.obj
         obj\win64\vulkan_vs2022_debug_win64_false\Test_P4Playthrough_LossByNoVessels.obj
         obj\win64\vulkan_vs2022_debug_win64_false\Test_P4Playthrough_Night1WinGolden.obj
         obj\win64\vulkan_vs2022_debug_win64_false\Test_P4UI_RestartPromptAfterRunOver.obj
         obj\win64\vulkan_vs2022_debug_win64_false\Test_P5Archetype_Telegraphs.obj
         obj\win64\vulkan_vs2022_debug_win64_false\Test_P5HUD_TelegraphFormatters.obj
         obj\win64\vulkan_vs2022_debug_win64_false\Test_P5Particles_BurstsOnGameplayEvents.obj
         obj\win64\vulkan_vs2022_debug_win64_false\Test_P5Scent_PriestPatrolBiasedByScent.obj
         obj\win64\vulkan_vs2022_debug_win64_false\Test_P5Tutorial_FirstEncounters.obj
         obj\win64\vulkan_vs2022_debug_win64_false\Test_PentagramVictory.obj
         obj\win64\vulkan_vs2022_debug_win64_false\Test_PersonalityPlaythrough.obj
         obj\win64\vulkan_vs2022_debug_win64_false\Test_Possession.obj
         obj\win64\vulkan_vs2022_debug_win64_false\Test_PostFogHookFires.obj
         obj\win64\vulkan_vs2022_debug_win64_false\Test_PriestBBBridge.obj
         obj\win64\vulkan_vs2022_debug_win64_false\Test_PriestPursuit.obj
         obj\win64\vulkan_vs2022_debug_win64_false\Test_ProcLevelBootstrap.obj
         obj\win64\vulkan_vs2022_debug_win64_false\Test_ProcLevelScene.obj
         obj\win64\vulkan_vs2022_debug_win64_false\Test_ProcLevel_BSP.obj
         obj\win64\vulkan_vs2022_debug_win64_false\Test_ProcLevel_BuildingWallClosure.obj
         obj\win64\vulkan_vs2022_debug_win64_false\Test_ProcLevel_DeterminismCheck.obj
         obj\win64\vulkan_vs2022_debug_win64_false\Test_ProcLevel_Locks.obj
         obj\win64\vulkan_vs2022_debug_win64_false\Test_PublicInterfaces.obj
         obj\win64\vulkan_vs2022_debug_win64_false\Test_T0AudioBus_EmitsAndRecords.obj
         obj\win64\vulkan_vs2022_debug_win64_false\Test_T0NavMesh_QueryCountIncrements.obj
         obj\win64\vulkan_vs2022_debug_win64_false\Test_T0RenderBus_RecordsDrawCalls.obj
         obj\win64\vulkan_vs2022_debug_win64_false\Test_T0SaveData_TestHooks.obj
         obj\win64\vulkan_vs2022_debug_win64_false\Test_T1NavMesh_BTUnitsCanFollowRealPath.obj
         obj\win64\vulkan_vs2022_debug_win64_false\Test_T1NavMesh_GeneratorPerf.obj
         obj\win64\vulkan_vs2022_debug_win64_false\Test_TelemetryEdgeCases.obj
         obj\win64\vulkan_vs2022_debug_win64_false\Test_TelemetryRoundTrip.obj
         obj\win64\vulkan_vs2022_debug_win64_false\Test_VisualWiring.obj
         devilsplayground_win64.vcxproj -> C:\dev\Zenith\Games\DevilsPlayground\Build\output\win64\vulkan_vs2022_debug_win64_false\devilsplayground.exe
       AppLocalFromInstalled:
         pwsh.exe -ExecutionPolicy Bypass -noprofile -File "C:\dev\vcpkg\scripts\buildsystems\msbuild\applocal.ps1" "C:\dev\Zenith\Games\DevilsPlayground\Build\output\win64\vulkan_vs2022_debug_win64_false\devilsplayground.exe" "C:\dev\vcpkg\installed\x64-windows\debug\bin" "obj\win64\vulkan_vs2022_debug_win64_false\DevilsPlayground.tlog\DevilsPlayground.write.1u.tlog" "obj\win64\vulkan_vs2022_debug_win64_false\vcpkg.applocal.log"
       PostBuildEvent:
         xcopy /Y /D "c:/dev/zenith/Middleware/slang/bin\*.dll" "output\win64\vulkan_vs2022_debug_win64_false\"
         
         :VCEnd
         0 File(s) copied
       TlogCleanup:
         Removing the following items from tlogs as they were removed from the project or build: C:\dev\Zenith\Games\DevilsPlayground\Tests\Test_GameRenderHook.cpp
       FinalizeBuildStatus:
         Deleting file "obj\win64\vulkan_vs2022_debug_win64_false\DevilsPlayground.tlog\unsuccessfulbuild".
         Touching "obj\win64\vulkan_vs2022_debug_win64_false\DevilsPlayground.tlog\DevilsPlayground.lastbuildstate".
     2>Done Building Project "C:\dev\Zenith\Games\DevilsPlayground\Build\devilsplayground_win64.vcxproj" (default targets).
     1>Done Building Project "C:\dev\Zenith\Build\zenith_win64.sln" (DevilsPlayground target(s)).

Build succeeded.
    0 Warning(s)
    0 Error(s)

Time Elapsed 00:00:47.76
