Build started 09/06/2026 18:43:42.

     1>Project "C:\dev\Zenith\Build\zenith_win64.sln" on node 1 (DevilsPlayground target(s)).
     1>ValidateSolutionConfiguration:
         Building solution configuration "Vulkan_vs2022_Debug_Win64_True|x64".
       ValidateProjects:
         The project "SentinelECS" is not selected for building in solution configuration "Vulkan_vs2022_Debug_Win64_True|x64".
     1>Project "C:\dev\Zenith\Build\zenith_win64.sln" (1) is building "C:\dev\Zenith\Games\DevilsPlayground\Build\devilsplayground_win64.vcxproj" (2) on node 1 (default targets).
     2>Project "C:\dev\Zenith\Games\DevilsPlayground\Build\devilsplayground_win64.vcxproj" (2) is building "C:\dev\Zenith\build\zenithbase_win64.vcxproj" (3) on node 1 (default targets).
     3>PrepareForBuild:
         Structured output is enabled. The formatting of compiler diagnostics will reflect the error hierarchy. See https://aka.ms/cpp/structured-output for more details.
       InitializeBuildStatus:
         Creating "obj\zenithbase\win64\vulkan_vs2022_debug_win64_true\ZenithBase.tlog\unsuccessfulbuild" because "AlwaysCreate" was specified.
         Touching "obj\zenithbase\win64\vulkan_vs2022_debug_win64_true\ZenithBase.tlog\unsuccessfulbuild".
       VcpkgTripletSelection:
         Using triplet "x64-windows" from "C:\dev\vcpkg\installed\x64-windows\"
         Using normalized configuration "Debug"
       ClCompile:
         All outputs are up-to-date.
         All outputs are up-to-date.
     2>Project "C:\dev\Zenith\Games\DevilsPlayground\Build\devilsplayground_win64.vcxproj" (2) is building "C:\dev\Zenith\build\zenithecs_win64.vcxproj" (4) on node 6 (default targets).
     4>PrepareForBuild:
         Structured output is enabled. The formatting of compiler diagnostics will reflect the error hierarchy. See https://aka.ms/cpp/structured-output for more details.
     2>Project "C:\dev\Zenith\Games\DevilsPlayground\Build\devilsplayground_win64.vcxproj" (2) is building "C:\dev\Zenith\build\msdfgen_win64.vcxproj" (5) on node 2 (default targets).
     5>PrepareForBuild:
         Structured output is enabled. The formatting of compiler diagnostics will reflect the error hierarchy. See https://aka.ms/cpp/structured-output for more details.
     3>Lib:
         All outputs are up-to-date.
     4>InitializeBuildStatus:
         Creating "obj\zenithecs\win64\vulkan_vs2022_debug_win64_true\ZenithECS.tlog\unsuccessfulbuild" because "AlwaysCreate" was specified.
         Touching "obj\zenithecs\win64\vulkan_vs2022_debug_win64_true\ZenithECS.tlog\unsuccessfulbuild".
     2>Project "C:\dev\Zenith\Games\DevilsPlayground\Build\devilsplayground_win64.vcxproj" (2) is building "C:\dev\Zenith\build\msdf-atlas-gen_win64.vcxproj" (6) on node 5 (default targets).
     6>PrepareForBuild:
         Structured output is enabled. The formatting of compiler diagnostics will reflect the error hierarchy. See https://aka.ms/cpp/structured-output for more details.
     5>InitializeBuildStatus:
         Creating "obj\msdfgen_debug\msdfgen.tlog\unsuccessfulbuild" because "AlwaysCreate" was specified.
         Touching "obj\msdfgen_debug\msdfgen.tlog\unsuccessfulbuild".
     3>Lib:
         Copying file from "C:\dev\Zenith\build\obj\zenithbase\win64\vulkan_vs2022_debug_win64_true\zenithbase_compiler.pdb" to "C:\dev\Zenith\build\output\win64\vulkan_vs2022_debug_win64_true\zenithbase.pdb".
     6>InitializeBuildStatus:
         Creating "obj\msdfatlasgen_debug\msdf-atlas-gen.tlog\unsuccessfulbuild" because "AlwaysCreate" was specified.
         Touching "obj\msdfatlasgen_debug\msdf-atlas-gen.tlog\unsuccessfulbuild".
     3>Lib:
         zenithbase_win64.vcxproj -> C:\dev\Zenith\build\output\win64\vulkan_vs2022_debug_win64_true\zenithbase.lib
     5>VcpkgTripletSelection:
         Using triplet "x64-windows" from "C:\dev\vcpkg\installed\x64-windows\"
     6>VcpkgTripletSelection:
         Using triplet "x64-windows" from "C:\dev\vcpkg\installed\x64-windows\"
     5>VcpkgTripletSelection:
         Using normalized configuration "Debug"
     6>VcpkgTripletSelection:
         Using normalized configuration "Debug"
     4>VcpkgTripletSelection:
         Using triplet "x64-windows" from "C:\dev\vcpkg\installed\x64-windows\"
         Using normalized configuration "Debug"
     6>ClCompile:
         All outputs are up-to-date.
     5>ClCompile:
         All outputs are up-to-date.
     4>ClCompile:
         All outputs are up-to-date.
     5>Lib:
         All outputs are up-to-date.
         Copying file from "C:\dev\Zenith\build\obj\msdfgen_debug\msdfgen_compiler.pdb" to "C:\dev\Zenith\build\output\msdfgen\debug\msdfgen.pdb".
         msdfgen_win64.vcxproj -> C:\dev\Zenith\build\output\msdfgen\debug\msdfgen.lib
     4>ClCompile:
         All outputs are up-to-date.
     6>Lib:
         All outputs are up-to-date.
     3>FinalizeBuildStatus:
         Deleting file "obj\zenithbase\win64\vulkan_vs2022_debug_win64_true\ZenithBase.tlog\unsuccessfulbuild".
         Touching "obj\zenithbase\win64\vulkan_vs2022_debug_win64_true\ZenithBase.tlog\ZenithBase.lastbuildstate".
     6>Lib:
         Copying file from "C:\dev\Zenith\build\obj\msdfatlasgen_debug\msdf-atlas-gen_compiler.pdb" to "C:\dev\Zenith\build\output\msdfatlasgen\debug\msdf-atlas-gen.pdb".
     3>Done Building Project "C:\dev\Zenith\build\zenithbase_win64.vcxproj" (default targets).
     6>Lib:
         msdf-atlas-gen_win64.vcxproj -> C:\dev\Zenith\build\output\msdfatlasgen\debug\msdf-atlas-gen.lib
     2>Project "C:\dev\Zenith\Games\DevilsPlayground\Build\devilsplayground_win64.vcxproj" (2) is building "C:\dev\Zenith\build\freetype_win64.vcxproj" (7) on node 4 (default targets).
     7>PrepareForBuild:
         Structured output is enabled. The formatting of compiler diagnostics will reflect the error hierarchy. See https://aka.ms/cpp/structured-output for more details.
       InitializeBuildStatus:
         Creating "obj\freetype_debug\FreeType.tlog\unsuccessfulbuild" because "AlwaysCreate" was specified.
         Touching "obj\freetype_debug\FreeType.tlog\unsuccessfulbuild".
     4>Lib:
         All outputs are up-to-date.
         Copying file from "C:\dev\Zenith\build\obj\zenithecs\win64\vulkan_vs2022_debug_win64_true\zenithecs_compiler.pdb" to "C:\dev\Zenith\build\output\win64\vulkan_vs2022_debug_win64_true\zenithecs.pdb".
     7>VcpkgTripletSelection:
         Using triplet "x64-windows" from "C:\dev\vcpkg\installed\x64-windows\"
         Using normalized configuration "Debug"
     5>FinalizeBuildStatus:
         Deleting file "obj\msdfgen_debug\msdfgen.tlog\unsuccessfulbuild".
     4>Lib:
         zenithecs_win64.vcxproj -> C:\dev\Zenith\build\output\win64\vulkan_vs2022_debug_win64_true\zenithecs.lib
     5>FinalizeBuildStatus:
         Touching "obj\msdfgen_debug\msdfgen.tlog\msdfgen.lastbuildstate".
     5>Done Building Project "C:\dev\Zenith\build\msdfgen_win64.vcxproj" (default targets).
     4>FinalizeBuildStatus:
         Deleting file "obj\zenithecs\win64\vulkan_vs2022_debug_win64_true\ZenithECS.tlog\unsuccessfulbuild".
         Touching "obj\zenithecs\win64\vulkan_vs2022_debug_win64_true\ZenithECS.tlog\ZenithECS.lastbuildstate".
     7>ClCompile:
         All outputs are up-to-date.
     6>FinalizeBuildStatus:
         Deleting file "obj\msdfatlasgen_debug\msdf-atlas-gen.tlog\unsuccessfulbuild".
         Touching "obj\msdfatlasgen_debug\msdf-atlas-gen.tlog\msdf-atlas-gen.lastbuildstate".
     6>Done Building Project "C:\dev\Zenith\build\msdf-atlas-gen_win64.vcxproj" (default targets).
     4>Done Building Project "C:\dev\Zenith\build\zenithecs_win64.vcxproj" (default targets).
     7>Lib:
         All outputs are up-to-date.
         Copying file from "C:\dev\Zenith\build\obj\freetype_debug\freetype_compiler.pdb" to "C:\dev\Zenith\build\output\freetype\debug\freetype.pdb".
         freetype_win64.vcxproj -> C:\dev\Zenith\build\output\freetype\debug\freetype.lib
       FinalizeBuildStatus:
         Deleting file "obj\freetype_debug\FreeType.tlog\unsuccessfulbuild".
         Touching "obj\freetype_debug\FreeType.tlog\FreeType.lastbuildstate".
     7>Done Building Project "C:\dev\Zenith\build\freetype_win64.vcxproj" (default targets).
     2>Project "C:\dev\Zenith\Games\DevilsPlayground\Build\devilsplayground_win64.vcxproj" (2) is building "C:\dev\Zenith\build\zenith_win64.vcxproj" (8) on node 3 (default targets).
     8>PrepareForBuild:
         Structured output is enabled. The formatting of compiler diagnostics will reflect the error hierarchy. See https://aka.ms/cpp/structured-output for more details.
       InitializeBuildStatus:
         Touching "obj\win64\vulkan_vs2022_debug_win64_true\Zenith.tlog\unsuccessfulbuild".
       VcpkgTripletSelection:
         Using triplet "x64-windows" from "C:\dev\vcpkg\installed\x64-windows\"
         Using normalized configuration "Debug"
       ClCompile:
         C:\Program Files\Microsoft Visual Studio\2022\Community\VC\Tools\MSVC\14.41.34120\bin\HostX86\x64\CL.exe /c /I..\middleware /I"..\middleware\glfw-3.4.bin.win64\include" /I"..\middleware\glm-master" /I"..\middleware\imgui-docking" /I"..\middleware\joltphysics-5.4.0" /I..\middleware\slang\include /I..\middleware\stb /I..\middleware\vma /I..\middleware\vulkansdk\1.3.280.0\include /I..\tools\middleware /I..\tools\middleware\assimp\include /I..\tools\middleware\freetype\include /I"..\tools\middleware\msdf-atlas-gen" /I"..\tools\middleware\msdf-atlas-gen\msdfgen" /I"..\tools\middleware\msdf-atlas-gen\msdfgen\config" /I..\tools\middleware\opencv\build\include /I..\tools\middleware\opencv\build\include\opencv2 /I..\zenith /I..\zenith\core /I..\zenith\vulkan /I..\zenith\windows /I"C:\dev\vcpkg\installed\x64-windows\include" /Zi /JMC /nologo /W4 /WX /diagnostics:column /MP /Od /Ob1 /Oi /Oy- /D "ENGINE_ASSETS_DIR=\"c:/dev/zenith/Zenith/Assets/\"" /D GLM_ENABLE_EXPERIMENTAL /D NOMINMAX /D OPENDDLPARSER_BUILD /D "SHADER_SOURCE_ROOT=\"c:/dev/zenith/Zenith/Flux/Shaders/\"" /D WIN64 /D ZENITH_DEBUG /D "ZENITH_ROOT=\"c:/dev/zenith/\"" /D ZENITH_TOOLS /D ZENITH_VULKAN /D ZENITH_WINDOWS /D _DEBUG /D _LIB /D _MBCS /GF /Gm- /MTd /GS /Gy- /fp:fast /fp:except- /Zc:wchar_t /Zc:forScope /Zc:inline /GR- /openmp- /std:c++20 /Yc"Zenith.h" /Fp"obj\win64\vulkan_vs2022_debug_win64_true\Zenith.pch" /Fo"obj\win64\vulkan_vs2022_debug_win64_true\\" /Fd"obj\win64\vulkan_vs2022_debug_win64_true\zenith_compiler.pdb" /external:W4 /Gd /TP /FC /errorReport:queue /Zc:__cplusplus ..\Zenith\Core\Zenith_Core.cpp
         Zenith_Core.cpp
         C:\Program Files\Microsoft Visual Studio\2022\Community\VC\Tools\MSVC\14.41.34120\bin\HostX86\x64\CL.exe /c /I..\middleware /I"..\middleware\glfw-3.4.bin.win64\include" /I"..\middleware\glm-master" /I"..\middleware\imgui-docking" /I"..\middleware\joltphysics-5.4.0" /I..\middleware\slang\include /I..\middleware\stb /I..\middleware\vma /I..\middleware\vulkansdk\1.3.280.0\include /I..\tools\middleware /I..\tools\middleware\assimp\include /I..\tools\middleware\freetype\include /I"..\tools\middleware\msdf-atlas-gen" /I"..\tools\middleware\msdf-atlas-gen\msdfgen" /I"..\tools\middleware\msdf-atlas-gen\msdfgen\config" /I..\tools\middleware\opencv\build\include /I..\tools\middleware\opencv\build\include\opencv2 /I..\zenith /I..\zenith\core /I..\zenith\vulkan /I..\zenith\windows /I"C:\dev\vcpkg\installed\x64-windows\include" /Zi /JMC /nologo /W4 /WX /diagnostics:column /MP /Od /Ob1 /Oi /Oy- /D "ENGINE_ASSETS_DIR=\"c:/dev/zenith/Zenith/Assets/\"" /D GLM_ENABLE_EXPERIMENTAL /D NOMINMAX /D OPENDDLPARSER_BUILD /D "SHADER_SOURCE_ROOT=\"c:/dev/zenith/Zenith/Flux/Shaders/\"" /D WIN64 /D ZENITH_DEBUG /D "ZENITH_ROOT=\"c:/dev/zenith/\"" /D ZENITH_TOOLS /D ZENITH_VULKAN /D ZENITH_WINDOWS /D _DEBUG /D _LIB /D _MBCS /GF /Gm- /MTd /GS /Gy- /fp:fast /fp:except- /Zc:wchar_t /Zc:forScope /Zc:inline /GR- /openmp- /std:c++20 /Fo"obj\win64\vulkan_vs2022_debug_win64_true\\" /Fd"obj\win64\vulkan_vs2022_debug_win64_true\zenith_compiler.pdb" /external:W4 /Gd /TP /FC /errorReport:queue /Zc:__cplusplus ..\Tools\Zenith_Tools_TestAssetExport.cpp
         Zenith_Tools_TestAssetExport.cpp
         C:\Program Files\Microsoft Visual Studio\2022\Community\VC\Tools\MSVC\14.41.34120\bin\HostX86\x64\CL.exe /c /I..\middleware /I"..\middleware\glfw-3.4.bin.win64\include" /I"..\middleware\glm-master" /I"..\middleware\imgui-docking" /I"..\middleware\joltphysics-5.4.0" /I..\middleware\slang\include /I..\middleware\stb /I..\middleware\vma /I..\middleware\vulkansdk\1.3.280.0\include /I..\tools\middleware /I..\tools\middleware\assimp\include /I..\tools\middleware\freetype\include /I"..\tools\middleware\msdf-atlas-gen" /I"..\tools\middleware\msdf-atlas-gen\msdfgen" /I"..\tools\middleware\msdf-atlas-gen\msdfgen\config" /I..\tools\middleware\opencv\build\include /I..\tools\middleware\opencv\build\include\opencv2 /I..\zenith /I..\zenith\core /I..\zenith\vulkan /I..\zenith\windows /I"C:\dev\vcpkg\installed\x64-windows\include" /Zi /JMC /nologo /W4 /WX /diagnostics:column /MP /Od /Ob1 /Oi /Oy- /D "ENGINE_ASSETS_DIR=\"c:/dev/zenith/Zenith/Assets/\"" /D GLM_ENABLE_EXPERIMENTAL /D NOMINMAX /D OPENDDLPARSER_BUILD /D "SHADER_SOURCE_ROOT=\"c:/dev/zenith/Zenith/Flux/Shaders/\"" /D WIN64 /D ZENITH_DEBUG /D "ZENITH_ROOT=\"c:/dev/zenith/\"" /D ZENITH_TOOLS /D ZENITH_VULKAN /D ZENITH_WINDOWS /D _DEBUG /D _LIB /D _MBCS /GF /Gm- /MTd /GS /Gy- /fp:fast /fp:except- /Zc:wchar_t /Zc:forScope /Zc:inline /GR- /openmp- /std:c++20 /Yu"Zenith.h" /Fp"obj\win64\vulkan_vs2022_debug_win64_true\Zenith.pch" /Fo"obj\win64\vulkan_vs2022_debug_win64_true\\" /Fd"obj\win64\vulkan_vs2022_debug_win64_true\zenith_compiler.pdb" /external:W4 /Gd /TP /FC /errorReport:queue /Zc:__cplusplus ..\Zenith\AI\BehaviorTree\Zenith_BehaviorTree.cpp ..\Zenith\AI\BehaviorTree\Zenith_Blackboard.cpp ..\Zenith\AI\BehaviorTree\Zenith_BTActions.cpp ..\Zenith\AI\BehaviorTree\Zenith_BTComposites.cpp ..\Zenith\AI\BehaviorTree\Zenith_BTConditions.cpp ..\Zenith\AI\BehaviorTree\Zenith_BTDecorators.cpp ..\Zenith\AI\BehaviorTree\Zenith_BTNode.cpp ..\Zenith\AI\Components\Zenith_AIAgentComponent.cpp ..\Zenith\AI\Navigation\Zenith_NavMesh.cpp ..\Zenith\AI\Navigation\Zenith_NavMeshAgent.cpp ..\Zenith\AI\Navigation\Zenith_NavMeshGenerator.cpp ..\Zenith\AI\Navigation\Zenith_Pathfinding.cpp ..\Zenith\AI\Perception\Zenith_PerceptionSystem.cpp ..\Zenith\AI\Squad\Zenith_Formation.cpp ..\Zenith\AI\Squad\Zenith_Squad.cpp ..\Zenith\AI\Squad\Zenith_TacticalPoint.cpp ..\Zenith\AI\Zenith_AIDebugVariables.cpp ..\Zenith\AssetHandling\Zenith_AnimationAsset.cpp ..\Zenith\AssetHandling\Zenith_Asset.cpp ..\Zenith\AssetHandling\Zenith_AssetHandle.cpp ..\Zenith\AssetHandling\Zenith_AssetRegistry.cpp ..\Zenith\AssetHandling\Zenith_FileWatcher.cpp ..\Zenith\AssetHandling\Zenith_FontAsset.cpp ..\Zenith\AssetHandling\Zenith_MaterialAsset.cpp ..\Zenith\AssetHandling\Zenith_MeshAsset.cpp ..\Zenith\AssetHandling\Zenith_MeshGeometryAsset.cpp ..\Zenith\AssetHandling\Zenith_ModelAsset.cpp ..\Zenith\AssetHandling\Zenith_ScriptAsset.cpp ..\Zenith\AssetHandling\Zenith_SkeletonAsset.cpp ..\Zenith\AssetHandling\Zenith_TextureAsset.cpp ..\Zenith\Core\Callstack\Zenith_Callstack.cpp ..\Zenith\Core\Zenith_AudioBus.cpp ..\Zenith\Core\Zenith_AutomatedTest.cpp ..\Zenith\Core\Zenith_BenchECS.cpp ..\Zenith\Core\Zenith_CommandLine.cpp ..\Zenith\Core\Zenith_Engine.cpp ..\Zenith\Core\Zenith_EnginePCH.cpp ..\Zenith\Core\Zenith_GraphicsOptions.cpp ..\Zenith\Core\Zenith_Main.cpp ..\Zenith\Core\Zenith_TestFramework.cpp ..\Zenith\Core\Zenith_Tween.cpp ..\Zenith\DebugVariables\Zenith_DebugVariables.cpp ..\Zenith\Editor\Panels\Zenith_EditorPanel_Console.cpp ..\Zenith\Editor\Panels\Zenith_EditorPanel_ContentBrowser.cpp ..\Zenith\Editor\Panels\Zenith_EditorPanel_Hierarchy.cpp ..\Zenith\Editor\Panels\Zenith_EditorPanel_MaterialEditor.cpp ..\Zenith\Editor\Panels\Zenith_EditorPanel_Memory.cpp ..\Zenith\Editor\Panels\Zenith_EditorPanel_Properties.cpp ..\Zenith\Editor\Panels\Zenith_EditorPanel_RenderGraph.cpp ..\Zenith\Editor\Panels\Zenith_EditorPanel_Toolbar.cpp ..\Zenith\Editor\Panels\Zenith_EditorPanel_VariantEditor.cpp ..\Zenith\Editor\Panels\Zenith_EditorPanel_Viewport.cpp ..\Zenith\Editor\Zenith_Editor.cpp ..\Zenith\Editor\Zenith_EditorAutomation.cpp ..\Zenith\Editor\Zenith_EditorCamera.cpp ..\Zenith\Editor\Zenith_EditorQuery.cpp ..\Zenith\Editor\Zenith_Editor_MaterialUI.cpp ..\Zenith\Editor\Zenith_Editor_Menu.cpp ..\Zenith\Editor\Zenith_Gizmo.cpp ..\Zenith\Editor\Zenith_SelectionSystem.cpp ..\Zenith\Editor\Zenith_UndoSystem.cpp ..\Zenith\EntityComponent\Components\Zenith_AnimatorComponent.cpp ..\Zenith\EntityComponent\Components\Zenith_CameraComponent.cpp ..\Zenith\EntityComponent\Components\Zenith_ColliderComponent.cpp ..\Zenith\EntityComponent\Components\Zenith_InstancedMeshComponent.cpp ..\Zenith\EntityComponent\Components\Zenith_LightComponent.cpp ..\Zenith\EntityComponent\Components\Zenith_ModelComponent.cpp ..\Zenith\EntityComponent\Components\Zenith_ModelComponent_Editor.cpp ..\Zenith\EntityComponent\Components\Zenith_ParticleEmitterComponent.cpp ..\Zenith\EntityComponent\Components\Zenith_ScriptComponent.cpp ..\Zenith\EntityComponent\Components\Zenith_TerrainComponent.cpp ..\Zenith\EntityComponent\Components\Zenith_TerrainComponent_Editor.cpp ..\Zenith\EntityComponent\Components\Zenith_TransformComponent.cpp ..\Zenith\EntityComponent\Components\Zenith_TweenComponent.cpp ..\Zenith\EntityComponent\Components\Zenith_UIComponent.cpp ..\Zenith\EntityComponent\Zenith_CameraResolve.cpp ..\Zenith\EntityComponent\Zenith_ComponentMeta_Registration.cpp ..\Zenith\EntityComponent\Zenith_ComponentRegistry.cpp ..\Zenith\EntityComponent\Zenith_PhysicsDebugDraw.cpp ..\Zenith\Flux\AnimatedMeshes\Flux_AnimatedMeshes.cpp ..\Zenith\Flux\Backend\Flux_BackendConformance.cpp ..\Zenith\Flux\Decals\Flux_Decals.cpp ..\Zenith\Flux\DeferredShading\Flux_DeferredShading.cpp ..\Zenith\Flux\DynamicLights\Flux_DynamicLights.cpp ..\Zenith\Flux\DynamicLights\Flux_LightClustering.cpp ..\Zenith\Flux\Flux.cpp ..\Zenith\Flux\Flux_Buffers.cpp ..\Zenith\Flux\Flux_CommandList.cpp ..\Zenith\Flux\Flux_FeatureRegistry.cpp ..\Zenith\Flux\Flux_Graphics.cpp ..\Zenith\Flux\Flux_ModelInstance.cpp ..\Zenith\Flux\Flux_PerFrame.cpp ..\Zenith\Flux\Flux_RenderTargets.cpp ..\Zenith\Flux\Flux_Types.cpp ..\Zenith\Flux\Fog\Flux_Fog.cpp ..\Zenith\Flux\Fog\Flux_FroxelFog.cpp ..\Zenith\Flux\Fog\Flux_GodRaysFog.cpp ..\Zenith\Flux\Fog\Flux_RaymarchFog.cpp ..\Zenith\Flux\Fog\Flux_VolumeFog.cpp ..\Zenith\Flux\Gizmos\Flux_Gizmos.cpp ..\Zenith\Flux\HDR\Flux_HDR.cpp ..\Zenith\Flux\HiZ\Flux_HiZ.cpp ..\Zenith\Flux\IBL\Flux_IBL.cpp ..\Zenith\Flux\InstancedMeshes\Flux_AnimationTexture.cpp ..\Zenith\Flux\InstancedMeshes\Flux_InstancedMeshes.cpp ..\Zenith\Flux\InstancedMeshes\Flux_InstanceGroup.cpp ..\Zenith\Flux\MeshAnimation\Flux_AnimationClip.cpp ..\Zenith\Flux\MeshAnimation\Flux_AnimationController.cpp ..\Zenith\Flux\MeshAnimation\Flux_AnimationControllerStore.cpp ..\Zenith\Flux\MeshAnimation\Flux_AnimationLayer.cpp ..\Zenith\Flux\MeshAnimation\Flux_AnimationStateMachine.cpp ..\Zenith\Flux\MeshAnimation\Flux_BlendTree.cpp ..\Zenith\Flux\MeshAnimation\Flux_BonePose.cpp ..\Zenith\Flux\MeshAnimation\Flux_InverseKinematics.cpp ..\Zenith\Flux\MeshAnimation\Flux_MeshAnimation.cpp ..\Zenith\Flux\MeshAnimation\Flux_SkeletonInstance.cpp ..\Zenith\Flux\MeshGeometry\Flux_MeshGeometry.cpp ..\Zenith\Flux\MeshGeometry\Flux_MeshInstance.cpp ..\Zenith\Flux\Particles\Flux_ParticleEmitterConfig.cpp ..\Zenith\Flux\Particles\Flux_ParticleGPU.cpp ..\Zenith\Flux\Particles\Flux_Particles.cpp ..\Zenith\Flux\Primitives\Flux_Primitives.cpp ..\Zenith\Flux\Quads\Flux_Quads.cpp ..\Zenith\Flux\RenderGraph\Flux_RenderGraph.cpp ..\Zenith\Flux\RenderGraph\Flux_RenderGraph_Compilation.cpp ..\Zenith\Flux\RenderGraph\Flux_RenderGraph_Execution.cpp ..\Zenith\Flux\SDFs\Flux_SDFs.cpp ..\Zenith\Flux\Shadows\Flux_Shadows.cpp ..\Zenith\Flux\Skybox\Flux_Skybox.cpp ..\Zenith\Flux\Slang\Flux_CodeGenerator.cpp ..\Zenith\Flux\Slang\Flux_ShaderBinder.cpp ..\Zenith\Flux\Slang\Flux_ShaderHotReload.cpp ..\Zenith\Flux\Slang\Flux_ShaderRegistry.cpp ..\Zenith\Flux\Slang\Flux_SlangCompiler.cpp ..\Zenith\Flux\SSAO\Flux_SSAO.cpp ..\Zenith\Flux\SSGI\Flux_SSGI.cpp ..\Zenith\Flux\SSR\Flux_SSR.cpp ..\Zenith\Flux\StaticMeshes\Flux_StaticMeshes.cpp ..\Zenith\Flux\Terrain\Flux_Terrain.cpp ..\Zenith\Flux\Terrain\Flux_TerrainStreamingManager.cpp ..\Zenith\Flux\Text\Flux_Text.cpp ..\Zenith\Flux\Text\Flux_TextQueue.cpp ..\Zenith\Flux\Vegetation\Flux_Grass.cpp ..\Zenith\Flux\Zenith_GameRenderFeatures.cpp ..\Zenith\Flux\Zenith_RenderBus.cpp ..\Zenith\Input\Zenith_Input.cpp ..\Zenith\Input\Zenith_InputSimulator.cpp ..\Zenith\Input\Zenith_TouchInput.cpp ..\Zenith\Physics\Zenith_Physics.cpp ..\Zenith\Physics\Zenith_PhysicsMeshGenerator.cpp ..\Zenith\Prefab\Zenith_Prefab.cpp ..\Zenith\Profiling\Zenith_Profiling.cpp ..\Zenith\SaveData\Zenith_SaveData.cpp ..\Zenith\TaskSystem\Zenith_TaskSystem.cpp ..\Zenith\Telemetry\Zenith_Telemetry.cpp ..\Zenith\UI\Zenith_UIButton.cpp ..\Zenith\UI\Zenith_UICanvas.cpp ..\Zenith\UI\Zenith_UIElement.cpp ..\Zenith\UI\Zenith_UIImage.cpp ..\Zenith\UI\Zenith_UILayoutGroup.cpp ..\Zenith\UI\Zenith_UIOverlay.cpp ..\Zenith\UI\Zenith_UIRect.cpp ..\Zenith\UI\Zenith_UIScrollView.cpp ..\Zenith\UI\Zenith_UIStyleRenderer.cpp ..\Zenith\UI\Zenith_UIText.cpp ..\Zenith\UI\Zenith_UIToggle.cpp ..\Zenith\UnitTests\Zenith_AssertCapture.cpp ..\Zenith\UnitTests\Zenith_EditorTestFixture.cpp ..\Zenith\Vulkan\Platform\Windows\Zenith_Windows_Vulkan.cpp ..\Zenith\Vulkan\Zenith_Vulkan.cpp ..\Zenith\Vulkan\Zenith_Vulkan_Buffer.cpp ..\Zenith\Vulkan\Zenith_Vulkan_CommandBuffer.cpp ..\Zenith\Vulkan\Zenith_Vulkan_ComputePipelineBuilder.cpp ..\Zenith\Vulkan\Zenith_Vulkan_ImGuiIntegration.cpp ..\Zenith\Vulkan\Zenith_Vulkan_MemoryManager.cpp ..\Zenith\Vulkan\Zenith_Vulkan_Pipeline.cpp ..\Zenith\Vulkan\Zenith_Vulkan_Shader.cpp ..\Zenith\Vulkan\Zenith_Vulkan_Swapchain.cpp ..\Zenith\Vulkan\Zenith_Vulkan_Texture.cpp ..\Zenith\Windows\Callstack\Zenith_Windows_Callstack.cpp ..\Zenith\Windows\FileAccess\Zenith_Windows_FileAccess.cpp ..\Zenith\Windows\Multithreading\Zenith_Windows_Multithreading.cpp ..\Zenith\Windows\Zenith_Windows_DebugBreak.cpp ..\Zenith\Windows\Zenith_Windows_FileWatcher.cpp ..\Zenith\Windows\Zenith_Windows_Main.cpp ..\Zenith\Windows\Zenith_Windows_Window.cpp
         Zenith_BehaviorTree.cpp
         Zenith_Blackboard.cpp
         Zenith_BTActions.cpp
         Zenith_BTComposites.cpp
         Zenith_BTConditions.cpp
         Zenith_BTDecorators.cpp
         Zenith_BTNode.cpp
         Zenith_AIAgentComponent.cpp
         Zenith_NavMesh.cpp
         Zenith_NavMeshAgent.cpp
         Zenith_NavMeshGenerator.cpp
         Zenith_Pathfinding.cpp
         Zenith_PerceptionSystem.cpp
         Zenith_Formation.cpp
         Zenith_Squad.cpp
         Zenith_TacticalPoint.cpp
         Zenith_AIDebugVariables.cpp
         Zenith_AnimationAsset.cpp
         Zenith_Asset.cpp
         Zenith_AssetHandle.cpp
         Zenith_AssetRegistry.cpp
         Zenith_FileWatcher.cpp
         Zenith_FontAsset.cpp
         Zenith_MaterialAsset.cpp
         Zenith_MeshAsset.cpp
         Zenith_MeshGeometryAsset.cpp
         Zenith_ModelAsset.cpp
         Zenith_ScriptAsset.cpp
         Zenith_SkeletonAsset.cpp
         Zenith_TextureAsset.cpp
         Zenith_Callstack.cpp
         Zenith_AudioBus.cpp
         Zenith_AutomatedTest.cpp
         Zenith_BenchECS.cpp
         Zenith_CommandLine.cpp
         Zenith_Engine.cpp
         Zenith_EnginePCH.cpp
         Zenith_GraphicsOptions.cpp
         Zenith_Main.cpp
         Zenith_TestFramework.cpp
         Zenith_Tween.cpp
         Zenith_DebugVariables.cpp
         Zenith_EditorPanel_Console.cpp
         Zenith_EditorPanel_ContentBrowser.cpp
         Zenith_EditorPanel_Hierarchy.cpp
         Zenith_EditorPanel_MaterialEditor.cpp
         Zenith_EditorPanel_Memory.cpp
         Zenith_EditorPanel_Properties.cpp
         Zenith_EditorPanel_RenderGraph.cpp
         Zenith_EditorPanel_Toolbar.cpp
         Zenith_EditorPanel_VariantEditor.cpp
         Zenith_EditorPanel_Viewport.cpp
         Zenith_Editor.cpp
         Zenith_EditorAutomation.cpp
         Zenith_EditorCamera.cpp
         Zenith_EditorQuery.cpp
         Zenith_Editor_MaterialUI.cpp
         Zenith_Editor_Menu.cpp
         Zenith_Gizmo.cpp
         Zenith_SelectionSystem.cpp
         Zenith_UndoSystem.cpp
         Zenith_AnimatorComponent.cpp
         Zenith_CameraComponent.cpp
         Zenith_ColliderComponent.cpp
         Zenith_InstancedMeshComponent.cpp
         Zenith_LightComponent.cpp
         Zenith_ModelComponent.cpp
         Zenith_ModelComponent_Editor.cpp
         Zenith_ParticleEmitterComponent.cpp
         Zenith_ScriptComponent.cpp
         Zenith_TerrainComponent.cpp
         Zenith_TerrainComponent_Editor.cpp
         Zenith_TransformComponent.cpp
         Zenith_TweenComponent.cpp
         Zenith_UIComponent.cpp
         Zenith_CameraResolve.cpp
         Zenith_ComponentMeta_Registration.cpp
         Zenith_ComponentRegistry.cpp
         Zenith_PhysicsDebugDraw.cpp
         Flux_AnimatedMeshes.cpp
         Flux_BackendConformance.cpp
         Flux_Decals.cpp
         Flux_DeferredShading.cpp
         Flux_DynamicLights.cpp
         Flux_LightClustering.cpp
         Flux.cpp
         Flux_Buffers.cpp
         Flux_CommandList.cpp
         Flux_FeatureRegistry.cpp
         Flux_Graphics.cpp
         Flux_ModelInstance.cpp
         Flux_PerFrame.cpp
         Flux_RenderTargets.cpp
         Flux_Types.cpp
         Flux_Fog.cpp
         Flux_FroxelFog.cpp
         Flux_GodRaysFog.cpp
         Flux_RaymarchFog.cpp
         Flux_VolumeFog.cpp
         Flux_Gizmos.cpp
         Flux_HDR.cpp
         Flux_HiZ.cpp
         Flux_IBL.cpp
         Flux_AnimationTexture.cpp
         Flux_InstancedMeshes.cpp
         Flux_InstanceGroup.cpp
         Flux_AnimationClip.cpp
         Flux_AnimationController.cpp
         Flux_AnimationControllerStore.cpp
         Flux_AnimationLayer.cpp
         Flux_AnimationStateMachine.cpp
         Flux_BlendTree.cpp
         Flux_BonePose.cpp
         Flux_InverseKinematics.cpp
         Flux_MeshAnimation.cpp
         Flux_SkeletonInstance.cpp
         Flux_MeshGeometry.cpp
         Flux_MeshInstance.cpp
         Flux_ParticleEmitterConfig.cpp
         Flux_ParticleGPU.cpp
         Flux_Particles.cpp
         Flux_Primitives.cpp
         Flux_Quads.cpp
         Flux_RenderGraph.cpp
         Flux_RenderGraph_Compilation.cpp
         Flux_RenderGraph_Execution.cpp
         Flux_SDFs.cpp
         Flux_Shadows.cpp
         Flux_Skybox.cpp
         Flux_CodeGenerator.cpp
         Flux_ShaderBinder.cpp
         Flux_ShaderHotReload.cpp
         Flux_ShaderRegistry.cpp
         Flux_SlangCompiler.cpp
         Flux_SSAO.cpp
         Flux_SSGI.cpp
         Flux_SSR.cpp
         Flux_StaticMeshes.cpp
         Flux_Terrain.cpp
         Flux_TerrainStreamingManager.cpp
         Flux_Text.cpp
         Flux_TextQueue.cpp
         Flux_Grass.cpp
         Zenith_GameRenderFeatures.cpp
         Zenith_RenderBus.cpp
         Zenith_Input.cpp
         Zenith_InputSimulator.cpp
         Zenith_TouchInput.cpp
         Zenith_Physics.cpp
         Zenith_PhysicsMeshGenerator.cpp
         Zenith_Prefab.cpp
         Zenith_Profiling.cpp
         Zenith_SaveData.cpp
         Zenith_TaskSystem.cpp
         Zenith_Telemetry.cpp
         Zenith_UIButton.cpp
         Zenith_UICanvas.cpp
         Zenith_UIElement.cpp
         Zenith_UIImage.cpp
         Zenith_UILayoutGroup.cpp
         Zenith_UIOverlay.cpp
         Zenith_UIRect.cpp
         Zenith_UIScrollView.cpp
         Zenith_UIStyleRenderer.cpp
         Zenith_UIText.cpp
         Zenith_UIToggle.cpp
         Zenith_AssertCapture.cpp
         Zenith_EditorTestFixture.cpp
         Zenith_Windows_Vulkan.cpp
         Zenith_Vulkan.cpp
         Zenith_Vulkan_Buffer.cpp
         Zenith_Vulkan_CommandBuffer.cpp
         Zenith_Vulkan_ComputePipelineBuilder.cpp
         Zenith_Vulkan_ImGuiIntegration.cpp
         Zenith_Vulkan_MemoryManager.cpp
         Zenith_Vulkan_Pipeline.cpp
         Zenith_Vulkan_Shader.cpp
         Zenith_Vulkan_Swapchain.cpp
         Zenith_Vulkan_Texture.cpp
         Zenith_Windows_Callstack.cpp
         Zenith_Windows_FileAccess.cpp
         Zenith_Windows_Multithreading.cpp
         Zenith_Windows_DebugBreak.cpp
         Zenith_Windows_FileWatcher.cpp
         Zenith_Windows_Main.cpp
         Zenith_Windows_Window.cpp
       Lib:
         C:\Program Files\Microsoft Visual Studio\2022\Community\VC\Tools\MSVC\14.41.34120\bin\HostX86\x64\Lib.exe /OUT:"output\win64\vulkan_vs2022_debug_win64_true\zenith.lib" /LIBPATH:"C:\dev\vcpkg\installed\x64-windows\debug\lib" /LIBPATH:"C:\dev\vcpkg\installed\x64-windows\debug\lib\manual-link" /NOLOGO /MACHINE:X64 obj\win64\vulkan_vs2022_debug_win64_true\imgui_impl_glfw.obj
         obj\win64\vulkan_vs2022_debug_win64_true\imgui_impl_vulkan.obj
         obj\win64\vulkan_vs2022_debug_win64_true\imgui_impl_win32.obj
         obj\win64\vulkan_vs2022_debug_win64_true\imgui.obj
         obj\win64\vulkan_vs2022_debug_win64_true\imgui_demo.obj
         obj\win64\vulkan_vs2022_debug_win64_true\imgui_draw.obj
         obj\win64\vulkan_vs2022_debug_win64_true\imgui_tables.obj
         obj\win64\vulkan_vs2022_debug_win64_true\imgui_widgets.obj
         obj\win64\vulkan_vs2022_debug_win64_true\AABBTreeBuilder.obj
         obj\win64\vulkan_vs2022_debug_win64_true\Color.obj
         obj\win64\vulkan_vs2022_debug_win64_true\Factory.obj
         obj\win64\vulkan_vs2022_debug_win64_true\IssueReporting.obj
         obj\win64\vulkan_vs2022_debug_win64_true\JobSystemSingleThreaded.obj
         obj\win64\vulkan_vs2022_debug_win64_true\JobSystemThreadPool.obj
         obj\win64\vulkan_vs2022_debug_win64_true\JobSystemWithBarrier.obj
         obj\win64\vulkan_vs2022_debug_win64_true\LinearCurve.obj
         obj\win64\vulkan_vs2022_debug_win64_true\Memory.obj
         obj\win64\vulkan_vs2022_debug_win64_true\Profiler.obj
         obj\win64\vulkan_vs2022_debug_win64_true\RTTI.obj
         obj\win64\vulkan_vs2022_debug_win64_true\Semaphore.obj
         obj\win64\vulkan_vs2022_debug_win64_true\StringTools.obj
         obj\win64\vulkan_vs2022_debug_win64_true\TickCounter.obj
         obj\win64\vulkan_vs2022_debug_win64_true\ConvexHullBuilder.obj
         obj\win64\vulkan_vs2022_debug_win64_true\ConvexHullBuilder2D.obj
         obj\win64\vulkan_vs2022_debug_win64_true\Indexify.obj
         obj\win64\vulkan_vs2022_debug_win64_true\OrientedBox.obj
         obj\win64\vulkan_vs2022_debug_win64_true\Vec3.obj
         obj\win64\vulkan_vs2022_debug_win64_true\ObjectStream.obj
         obj\win64\vulkan_vs2022_debug_win64_true\ObjectStreamBinaryIn.obj
         obj\win64\vulkan_vs2022_debug_win64_true\ObjectStreamBinaryOut.obj
         obj\win64\vulkan_vs2022_debug_win64_true\ObjectStreamIn.obj
         obj\win64\vulkan_vs2022_debug_win64_true\ObjectStreamOut.obj
         obj\win64\vulkan_vs2022_debug_win64_true\ObjectStreamTextIn.obj
         obj\win64\vulkan_vs2022_debug_win64_true\ObjectStreamTextOut.obj
         obj\win64\vulkan_vs2022_debug_win64_true\SerializableObject.obj
         obj\win64\vulkan_vs2022_debug_win64_true\TypeDeclarations.obj
         obj\win64\vulkan_vs2022_debug_win64_true\Body.obj
         obj\win64\vulkan_vs2022_debug_win64_true\BodyCreationSettings.obj
         obj\win64\vulkan_vs2022_debug_win64_true\BodyInterface.obj
         obj\win64\vulkan_vs2022_debug_win64_true\BodyManager.obj
         obj\win64\vulkan_vs2022_debug_win64_true\MassProperties.obj
         obj\win64\vulkan_vs2022_debug_win64_true\MotionProperties.obj
         obj\win64\vulkan_vs2022_debug_win64_true\Character.obj
         obj\win64\vulkan_vs2022_debug_win64_true\CharacterBase.obj
         obj\win64\vulkan_vs2022_debug_win64_true\CharacterVirtual.obj
         obj\win64\vulkan_vs2022_debug_win64_true\BroadPhase.obj
         obj\win64\vulkan_vs2022_debug_win64_true\BroadPhaseBruteForce.obj
         obj\win64\vulkan_vs2022_debug_win64_true\BroadPhaseQuadTree.obj
         obj\win64\vulkan_vs2022_debug_win64_true\QuadTree.obj
         obj\win64\vulkan_vs2022_debug_win64_true\CastConvexVsTriangles.obj
         obj\win64\vulkan_vs2022_debug_win64_true\CastSphereVsTriangles.obj
         obj\win64\vulkan_vs2022_debug_win64_true\CollideConvexVsTriangles.obj
         obj\win64\vulkan_vs2022_debug_win64_true\CollideSphereVsTriangles.obj
         obj\win64\vulkan_vs2022_debug_win64_true\CollisionDispatch.obj
         obj\win64\vulkan_vs2022_debug_win64_true\CollisionGroup.obj
         obj\win64\vulkan_vs2022_debug_win64_true\EstimateCollisionResponse.obj
         obj\win64\vulkan_vs2022_debug_win64_true\GroupFilter.obj
         obj\win64\vulkan_vs2022_debug_win64_true\GroupFilterTable.obj
         obj\win64\vulkan_vs2022_debug_win64_true\ManifoldBetweenTwoFaces.obj
         obj\win64\vulkan_vs2022_debug_win64_true\NarrowPhaseQuery.obj
         obj\win64\vulkan_vs2022_debug_win64_true\NarrowPhaseStats.obj
         obj\win64\vulkan_vs2022_debug_win64_true\PhysicsMaterial.obj
         obj\win64\vulkan_vs2022_debug_win64_true\PhysicsMaterialSimple.obj
         obj\win64\vulkan_vs2022_debug_win64_true\BoxShape.obj
         obj\win64\vulkan_vs2022_debug_win64_true\CapsuleShape.obj
         obj\win64\vulkan_vs2022_debug_win64_true\CompoundShape.obj
         obj\win64\vulkan_vs2022_debug_win64_true\ConvexHullShape.obj
         obj\win64\vulkan_vs2022_debug_win64_true\ConvexShape.obj
         obj\win64\vulkan_vs2022_debug_win64_true\CylinderShape.obj
         obj\win64\vulkan_vs2022_debug_win64_true\DecoratedShape.obj
         obj\win64\vulkan_vs2022_debug_win64_true\EmptyShape.obj
         obj\win64\vulkan_vs2022_debug_win64_true\HeightFieldShape.obj
         obj\win64\vulkan_vs2022_debug_win64_true\MeshShape.obj
         obj\win64\vulkan_vs2022_debug_win64_true\MutableCompoundShape.obj
         obj\win64\vulkan_vs2022_debug_win64_true\OffsetCenterOfMassShape.obj
         obj\win64\vulkan_vs2022_debug_win64_true\PlaneShape.obj
         obj\win64\vulkan_vs2022_debug_win64_true\RotatedTranslatedShape.obj
         obj\win64\vulkan_vs2022_debug_win64_true\ScaledShape.obj
         obj\win64\vulkan_vs2022_debug_win64_true\Shape.obj
         obj\win64\vulkan_vs2022_debug_win64_true\SphereShape.obj
         obj\win64\vulkan_vs2022_debug_win64_true\StaticCompoundShape.obj
         obj\win64\vulkan_vs2022_debug_win64_true\TaperedCapsuleShape.obj
         obj\win64\vulkan_vs2022_debug_win64_true\TaperedCylinderShape.obj
         obj\win64\vulkan_vs2022_debug_win64_true\TriangleShape.obj
         obj\win64\vulkan_vs2022_debug_win64_true\TransformedShape.obj
         obj\win64\vulkan_vs2022_debug_win64_true\ConeConstraint.obj
         obj\win64\vulkan_vs2022_debug_win64_true\Constraint.obj
         obj\win64\vulkan_vs2022_debug_win64_true\ConstraintManager.obj
         obj\win64\vulkan_vs2022_debug_win64_true\ContactConstraintManager.obj
         obj\win64\vulkan_vs2022_debug_win64_true\DistanceConstraint.obj
         obj\win64\vulkan_vs2022_debug_win64_true\FixedConstraint.obj
         obj\win64\vulkan_vs2022_debug_win64_true\GearConstraint.obj
         obj\win64\vulkan_vs2022_debug_win64_true\HingeConstraint.obj
         obj\win64\vulkan_vs2022_debug_win64_true\MotorSettings.obj
         obj\win64\vulkan_vs2022_debug_win64_true\PathConstraint.obj
         obj\win64\vulkan_vs2022_debug_win64_true\PathConstraintPath.obj
         obj\win64\vulkan_vs2022_debug_win64_true\PathConstraintPathHermite.obj
         obj\win64\vulkan_vs2022_debug_win64_true\PointConstraint.obj
         obj\win64\vulkan_vs2022_debug_win64_true\PulleyConstraint.obj
         obj\win64\vulkan_vs2022_debug_win64_true\RackAndPinionConstraint.obj
         obj\win64\vulkan_vs2022_debug_win64_true\SixDOFConstraint.obj
         obj\win64\vulkan_vs2022_debug_win64_true\SliderConstraint.obj
         obj\win64\vulkan_vs2022_debug_win64_true\SpringSettings.obj
         obj\win64\vulkan_vs2022_debug_win64_true\SwingTwistConstraint.obj
         obj\win64\vulkan_vs2022_debug_win64_true\TwoBodyConstraint.obj
         obj\win64\vulkan_vs2022_debug_win64_true\DeterminismLog.obj
         obj\win64\vulkan_vs2022_debug_win64_true\IslandBuilder.obj
         obj\win64\vulkan_vs2022_debug_win64_true\LargeIslandSplitter.obj
         obj\win64\vulkan_vs2022_debug_win64_true\PhysicsScene.obj
         obj\win64\vulkan_vs2022_debug_win64_true\PhysicsSystem.obj
         obj\win64\vulkan_vs2022_debug_win64_true\PhysicsUpdateContext.obj
         obj\win64\vulkan_vs2022_debug_win64_true\Ragdoll.obj
         obj\win64\vulkan_vs2022_debug_win64_true\SoftBodyCreationSettings.obj
         obj\win64\vulkan_vs2022_debug_win64_true\SoftBodyMotionProperties.obj
         obj\win64\vulkan_vs2022_debug_win64_true\SoftBodyShape.obj
         obj\win64\vulkan_vs2022_debug_win64_true\SoftBodySharedSettings.obj
         obj\win64\vulkan_vs2022_debug_win64_true\StateRecorderImpl.obj
         obj\win64\vulkan_vs2022_debug_win64_true\MotorcycleController.obj
         obj\win64\vulkan_vs2022_debug_win64_true\TrackedVehicleController.obj
         obj\win64\vulkan_vs2022_debug_win64_true\VehicleAntiRollBar.obj
         obj\win64\vulkan_vs2022_debug_win64_true\VehicleCollisionTester.obj
         obj\win64\vulkan_vs2022_debug_win64_true\VehicleConstraint.obj
         obj\win64\vulkan_vs2022_debug_win64_true\VehicleController.obj
         obj\win64\vulkan_vs2022_debug_win64_true\VehicleDifferential.obj
         obj\win64\vulkan_vs2022_debug_win64_true\VehicleEngine.obj
         obj\win64\vulkan_vs2022_debug_win64_true\VehicleTrack.obj
         obj\win64\vulkan_vs2022_debug_win64_true\VehicleTransmission.obj
         obj\win64\vulkan_vs2022_debug_win64_true\Wheel.obj
         obj\win64\vulkan_vs2022_debug_win64_true\WheeledVehicleController.obj
         obj\win64\vulkan_vs2022_debug_win64_true\RegisterTypes.obj
         obj\win64\vulkan_vs2022_debug_win64_true\DebugRenderer.obj
         obj\win64\vulkan_vs2022_debug_win64_true\DebugRendererPlayback.obj
         obj\win64\vulkan_vs2022_debug_win64_true\DebugRendererRecorder.obj
         obj\win64\vulkan_vs2022_debug_win64_true\DebugRendererSimple.obj
         obj\win64\vulkan_vs2022_debug_win64_true\SkeletalAnimation.obj
         obj\win64\vulkan_vs2022_debug_win64_true\Skeleton.obj
         obj\win64\vulkan_vs2022_debug_win64_true\SkeletonMapper.obj
         obj\win64\vulkan_vs2022_debug_win64_true\SkeletonPose.obj
         obj\win64\vulkan_vs2022_debug_win64_true\TriangleSplitter.obj
         obj\win64\vulkan_vs2022_debug_win64_true\TriangleSplitterBinning.obj
         obj\win64\vulkan_vs2022_debug_win64_true\TriangleSplitterMean.obj
         obj\win64\vulkan_vs2022_debug_win64_true\Zenith_Tools_AssimpConvert.obj
         obj\win64\vulkan_vs2022_debug_win64_true\Zenith_Tools_FontExport.obj
         obj\win64\vulkan_vs2022_debug_win64_true\Zenith_Tools_GltfExport.obj
         obj\win64\vulkan_vs2022_debug_win64_true\Zenith_Tools_MeshExport.obj
         obj\win64\vulkan_vs2022_debug_win64_true\Zenith_Tools_TerrainExport.obj
         obj\win64\vulkan_vs2022_debug_win64_true\Zenith_Tools_TestAssetExport.obj
         obj\win64\vulkan_vs2022_debug_win64_true\Zenith_Tools_TextureExport.obj
         obj\win64\vulkan_vs2022_debug_win64_true\Zenith_BehaviorTree.obj
         obj\win64\vulkan_vs2022_debug_win64_true\Zenith_Blackboard.obj
         obj\win64\vulkan_vs2022_debug_win64_true\Zenith_BTActions.obj
         obj\win64\vulkan_vs2022_debug_win64_true\Zenith_BTComposites.obj
         obj\win64\vulkan_vs2022_debug_win64_true\Zenith_BTConditions.obj
         obj\win64\vulkan_vs2022_debug_win64_true\Zenith_BTDecorators.obj
         obj\win64\vulkan_vs2022_debug_win64_true\Zenith_BTNode.obj
         obj\win64\vulkan_vs2022_debug_win64_true\Zenith_AIAgentComponent.obj
         obj\win64\vulkan_vs2022_debug_win64_true\Zenith_NavMesh.obj
         obj\win64\vulkan_vs2022_debug_win64_true\Zenith_NavMeshAgent.obj
         obj\win64\vulkan_vs2022_debug_win64_true\Zenith_NavMeshGenerator.obj
         obj\win64\vulkan_vs2022_debug_win64_true\Zenith_Pathfinding.obj
         obj\win64\vulkan_vs2022_debug_win64_true\Zenith_PerceptionSystem.obj
         obj\win64\vulkan_vs2022_debug_win64_true\Zenith_Formation.obj
         obj\win64\vulkan_vs2022_debug_win64_true\Zenith_Squad.obj
         obj\win64\vulkan_vs2022_debug_win64_true\Zenith_TacticalPoint.obj
         obj\win64\vulkan_vs2022_debug_win64_true\Zenith_AIDebugVariables.obj
         obj\win64\vulkan_vs2022_debug_win64_true\Zenith_AnimationAsset.obj
         obj\win64\vulkan_vs2022_debug_win64_true\Zenith_Asset.obj
         obj\win64\vulkan_vs2022_debug_win64_true\Zenith_AssetHandle.obj
         obj\win64\vulkan_vs2022_debug_win64_true\Zenith_AssetRegistry.obj
         obj\win64\vulkan_vs2022_debug_win64_true\Zenith_FileWatcher.obj
         obj\win64\vulkan_vs2022_debug_win64_true\Zenith_FontAsset.obj
         obj\win64\vulkan_vs2022_debug_win64_true\Zenith_MaterialAsset.obj
         obj\win64\vulkan_vs2022_debug_win64_true\Zenith_MeshAsset.obj
         obj\win64\vulkan_vs2022_debug_win64_true\Zenith_MeshGeometryAsset.obj
         obj\win64\vulkan_vs2022_debug_win64_true\Zenith_ModelAsset.obj
         obj\win64\vulkan_vs2022_debug_win64_true\Zenith_ScriptAsset.obj
         obj\win64\vulkan_vs2022_debug_win64_true\Zenith_SkeletonAsset.obj
         obj\win64\vulkan_vs2022_debug_win64_true\Zenith_TextureAsset.obj
         obj\win64\vulkan_vs2022_debug_win64_true\Zenith_Callstack.obj
         obj\win64\vulkan_vs2022_debug_win64_true\Zenith_AudioBus.obj
         obj\win64\vulkan_vs2022_debug_win64_true\Zenith_AutomatedTest.obj
         obj\win64\vulkan_vs2022_debug_win64_true\Zenith_BenchECS.obj
         obj\win64\vulkan_vs2022_debug_win64_true\Zenith_CommandLine.obj
         obj\win64\vulkan_vs2022_debug_win64_true\Zenith_Core.obj
         obj\win64\vulkan_vs2022_debug_win64_true\Zenith_Engine.obj
         obj\win64\vulkan_vs2022_debug_win64_true\Zenith_EnginePCH.obj
         obj\win64\vulkan_vs2022_debug_win64_true\Zenith_GraphicsOptions.obj
         obj\win64\vulkan_vs2022_debug_win64_true\Zenith_Main.obj
         obj\win64\vulkan_vs2022_debug_win64_true\Zenith_TestFramework.obj
         obj\win64\vulkan_vs2022_debug_win64_true\Zenith_Tween.obj
         obj\win64\vulkan_vs2022_debug_win64_true\Zenith_DebugVariables.obj
         obj\win64\vulkan_vs2022_debug_win64_true\Zenith_EditorPanel_Console.obj
         obj\win64\vulkan_vs2022_debug_win64_true\Zenith_EditorPanel_ContentBrowser.obj
         obj\win64\vulkan_vs2022_debug_win64_true\Zenith_EditorPanel_Hierarchy.obj
         obj\win64\vulkan_vs2022_debug_win64_true\Zenith_EditorPanel_MaterialEditor.obj
         obj\win64\vulkan_vs2022_debug_win64_true\Zenith_EditorPanel_Memory.obj
         obj\win64\vulkan_vs2022_debug_win64_true\Zenith_EditorPanel_Properties.obj
         obj\win64\vulkan_vs2022_debug_win64_true\Zenith_EditorPanel_RenderGraph.obj
         obj\win64\vulkan_vs2022_debug_win64_true\Zenith_EditorPanel_Toolbar.obj
         obj\win64\vulkan_vs2022_debug_win64_true\Zenith_EditorPanel_VariantEditor.obj
         obj\win64\vulkan_vs2022_debug_win64_true\Zenith_EditorPanel_Viewport.obj
         obj\win64\vulkan_vs2022_debug_win64_true\Zenith_Editor.obj
         obj\win64\vulkan_vs2022_debug_win64_true\Zenith_EditorAutomation.obj
         obj\win64\vulkan_vs2022_debug_win64_true\Zenith_EditorCamera.obj
         obj\win64\vulkan_vs2022_debug_win64_true\Zenith_EditorQuery.obj
         obj\win64\vulkan_vs2022_debug_win64_true\Zenith_Editor_MaterialUI.obj
         obj\win64\vulkan_vs2022_debug_win64_true\Zenith_Editor_Menu.obj
         obj\win64\vulkan_vs2022_debug_win64_true\Zenith_Gizmo.obj
         obj\win64\vulkan_vs2022_debug_win64_true\Zenith_SelectionSystem.obj
         obj\win64\vulkan_vs2022_debug_win64_true\Zenith_UndoSystem.obj
         obj\win64\vulkan_vs2022_debug_win64_true\Zenith_AnimatorComponent.obj
         obj\win64\vulkan_vs2022_debug_win64_true\Zenith_CameraComponent.obj
         obj\win64\vulkan_vs2022_debug_win64_true\Zenith_ColliderComponent.obj
         obj\win64\vulkan_vs2022_debug_win64_true\Zenith_InstancedMeshComponent.obj
         obj\win64\vulkan_vs2022_debug_win64_true\Zenith_LightComponent.obj
         obj\win64\vulkan_vs2022_debug_win64_true\Zenith_ModelComponent.obj
         obj\win64\vulkan_vs2022_debug_win64_true\Zenith_ModelComponent_Editor.obj
         obj\win64\vulkan_vs2022_debug_win64_true\Zenith_ParticleEmitterComponent.obj
         obj\win64\vulkan_vs2022_debug_win64_true\Zenith_ScriptComponent.obj
         obj\win64\vulkan_vs2022_debug_win64_true\Zenith_TerrainComponent.obj
         obj\win64\vulkan_vs2022_debug_win64_true\Zenith_TerrainComponent_Editor.obj
         obj\win64\vulkan_vs2022_debug_win64_true\Zenith_TransformComponent.obj
         obj\win64\vulkan_vs2022_debug_win64_true\Zenith_TweenComponent.obj
         obj\win64\vulkan_vs2022_debug_win64_true\Zenith_UIComponent.obj
         obj\win64\vulkan_vs2022_debug_win64_true\Zenith_CameraResolve.obj
         obj\win64\vulkan_vs2022_debug_win64_true\Zenith_ComponentMeta_Registration.obj
         obj\win64\vulkan_vs2022_debug_win64_true\Zenith_ComponentRegistry.obj
         obj\win64\vulkan_vs2022_debug_win64_true\Zenith_PhysicsDebugDraw.obj
         obj\win64\vulkan_vs2022_debug_win64_true\Flux_AnimatedMeshes.obj
         obj\win64\vulkan_vs2022_debug_win64_true\Flux_BackendConformance.obj
         obj\win64\vulkan_vs2022_debug_win64_true\Flux_Decals.obj
         obj\win64\vulkan_vs2022_debug_win64_true\Flux_DeferredShading.obj
         obj\win64\vulkan_vs2022_debug_win64_true\Flux_DynamicLights.obj
         obj\win64\vulkan_vs2022_debug_win64_true\Flux_LightClustering.obj
         obj\win64\vulkan_vs2022_debug_win64_true\Flux.obj
         obj\win64\vulkan_vs2022_debug_win64_true\Flux_Buffers.obj
         obj\win64\vulkan_vs2022_debug_win64_true\Flux_CommandList.obj
         obj\win64\vulkan_vs2022_debug_win64_true\Flux_FeatureRegistry.obj
         obj\win64\vulkan_vs2022_debug_win64_true\Flux_Graphics.obj
         obj\win64\vulkan_vs2022_debug_win64_true\Flux_ModelInstance.obj
         obj\win64\vulkan_vs2022_debug_win64_true\Flux_PerFrame.obj
         obj\win64\vulkan_vs2022_debug_win64_true\Flux_RenderTargets.obj
         obj\win64\vulkan_vs2022_debug_win64_true\Flux_Types.obj
         obj\win64\vulkan_vs2022_debug_win64_true\Flux_Fog.obj
         obj\win64\vulkan_vs2022_debug_win64_true\Flux_FroxelFog.obj
         obj\win64\vulkan_vs2022_debug_win64_true\Flux_GodRaysFog.obj
         obj\win64\vulkan_vs2022_debug_win64_true\Flux_RaymarchFog.obj
         obj\win64\vulkan_vs2022_debug_win64_true\Flux_VolumeFog.obj
         obj\win64\vulkan_vs2022_debug_win64_true\Flux_Gizmos.obj
         obj\win64\vulkan_vs2022_debug_win64_true\Flux_HDR.obj
         obj\win64\vulkan_vs2022_debug_win64_true\Flux_HiZ.obj
         obj\win64\vulkan_vs2022_debug_win64_true\Flux_IBL.obj
         obj\win64\vulkan_vs2022_debug_win64_true\Flux_AnimationTexture.obj
         obj\win64\vulkan_vs2022_debug_win64_true\Flux_InstancedMeshes.obj
         obj\win64\vulkan_vs2022_debug_win64_true\Flux_InstanceGroup.obj
         obj\win64\vulkan_vs2022_debug_win64_true\Flux_AnimationClip.obj
         obj\win64\vulkan_vs2022_debug_win64_true\Flux_AnimationController.obj
         obj\win64\vulkan_vs2022_debug_win64_true\Flux_AnimationControllerStore.obj
         obj\win64\vulkan_vs2022_debug_win64_true\Flux_AnimationLayer.obj
         obj\win64\vulkan_vs2022_debug_win64_true\Flux_AnimationStateMachine.obj
         obj\win64\vulkan_vs2022_debug_win64_true\Flux_BlendTree.obj
         obj\win64\vulkan_vs2022_debug_win64_true\Flux_BonePose.obj
         obj\win64\vulkan_vs2022_debug_win64_true\Flux_InverseKinematics.obj
         obj\win64\vulkan_vs2022_debug_win64_true\Flux_MeshAnimation.obj
         obj\win64\vulkan_vs2022_debug_win64_true\Flux_SkeletonInstance.obj
         obj\win64\vulkan_vs2022_debug_win64_true\Flux_MeshGeometry.obj
         obj\win64\vulkan_vs2022_debug_win64_true\Flux_MeshInstance.obj
         obj\win64\vulkan_vs2022_debug_win64_true\Flux_ParticleEmitterConfig.obj
         obj\win64\vulkan_vs2022_debug_win64_true\Flux_ParticleGPU.obj
         obj\win64\vulkan_vs2022_debug_win64_true\Flux_Particles.obj
         obj\win64\vulkan_vs2022_debug_win64_true\Flux_Primitives.obj
         obj\win64\vulkan_vs2022_debug_win64_true\Flux_Quads.obj
         obj\win64\vulkan_vs2022_debug_win64_true\Flux_RenderGraph.obj
         obj\win64\vulkan_vs2022_debug_win64_true\Flux_RenderGraph_Compilation.obj
         obj\win64\vulkan_vs2022_debug_win64_true\Flux_RenderGraph_Execution.obj
         obj\win64\vulkan_vs2022_debug_win64_true\Flux_SDFs.obj
         obj\win64\vulkan_vs2022_debug_win64_true\Flux_Shadows.obj
         obj\win64\vulkan_vs2022_debug_win64_true\Flux_Skybox.obj
         obj\win64\vulkan_vs2022_debug_win64_true\Flux_CodeGenerator.obj
         obj\win64\vulkan_vs2022_debug_win64_true\Flux_ShaderBinder.obj
         obj\win64\vulkan_vs2022_debug_win64_true\Flux_ShaderHotReload.obj
         obj\win64\vulkan_vs2022_debug_win64_true\Flux_ShaderRegistry.obj
         obj\win64\vulkan_vs2022_debug_win64_true\Flux_SlangCompiler.obj
         obj\win64\vulkan_vs2022_debug_win64_true\Flux_SSAO.obj
         obj\win64\vulkan_vs2022_debug_win64_true\Flux_SSGI.obj
         obj\win64\vulkan_vs2022_debug_win64_true\Flux_SSR.obj
         obj\win64\vulkan_vs2022_debug_win64_true\Flux_StaticMeshes.obj
         obj\win64\vulkan_vs2022_debug_win64_true\Flux_Terrain.obj
         obj\win64\vulkan_vs2022_debug_win64_true\Flux_TerrainStreamingManager.obj
         obj\win64\vulkan_vs2022_debug_win64_true\Flux_Text.obj
         obj\win64\vulkan_vs2022_debug_win64_true\Flux_TextQueue.obj
         obj\win64\vulkan_vs2022_debug_win64_true\Flux_Grass.obj
         obj\win64\vulkan_vs2022_debug_win64_true\Zenith_GameRenderFeatures.obj
         obj\win64\vulkan_vs2022_debug_win64_true\Zenith_RenderBus.obj
         obj\win64\vulkan_vs2022_debug_win64_true\Zenith_Input.obj
         obj\win64\vulkan_vs2022_debug_win64_true\Zenith_InputSimulator.obj
         obj\win64\vulkan_vs2022_debug_win64_true\Zenith_TouchInput.obj
         obj\win64\vulkan_vs2022_debug_win64_true\Zenith_Physics.obj
         obj\win64\vulkan_vs2022_debug_win64_true\Zenith_PhysicsMeshGenerator.obj
         obj\win64\vulkan_vs2022_debug_win64_true\Zenith_Prefab.obj
         obj\win64\vulkan_vs2022_debug_win64_true\Zenith_Profiling.obj
         obj\win64\vulkan_vs2022_debug_win64_true\Zenith_SaveData.obj
         obj\win64\vulkan_vs2022_debug_win64_true\Zenith_TaskSystem.obj
         obj\win64\vulkan_vs2022_debug_win64_true\Zenith_Telemetry.obj
         obj\win64\vulkan_vs2022_debug_win64_true\Zenith_UIButton.obj
         obj\win64\vulkan_vs2022_debug_win64_true\Zenith_UICanvas.obj
         obj\win64\vulkan_vs2022_debug_win64_true\Zenith_UIElement.obj
         obj\win64\vulkan_vs2022_debug_win64_true\Zenith_UIImage.obj
         obj\win64\vulkan_vs2022_debug_win64_true\Zenith_UILayoutGroup.obj
         obj\win64\vulkan_vs2022_debug_win64_true\Zenith_UIOverlay.obj
         obj\win64\vulkan_vs2022_debug_win64_true\Zenith_UIRect.obj
         obj\win64\vulkan_vs2022_debug_win64_true\Zenith_UIScrollView.obj
         obj\win64\vulkan_vs2022_debug_win64_true\Zenith_UIStyleRenderer.obj
         obj\win64\vulkan_vs2022_debug_win64_true\Zenith_UIText.obj
         obj\win64\vulkan_vs2022_debug_win64_true\Zenith_UIToggle.obj
         obj\win64\vulkan_vs2022_debug_win64_true\Zenith_AssertCapture.obj
         obj\win64\vulkan_vs2022_debug_win64_true\Zenith_EditorTestFixture.obj
         obj\win64\vulkan_vs2022_debug_win64_true\Zenith_Windows_Vulkan.obj
         obj\win64\vulkan_vs2022_debug_win64_true\Zenith_Vulkan.obj
         obj\win64\vulkan_vs2022_debug_win64_true\Zenith_Vulkan_Buffer.obj
         obj\win64\vulkan_vs2022_debug_win64_true\Zenith_Vulkan_CommandBuffer.obj
         obj\win64\vulkan_vs2022_debug_win64_true\Zenith_Vulkan_ComputePipelineBuilder.obj
         obj\win64\vulkan_vs2022_debug_win64_true\Zenith_Vulkan_ImGuiIntegration.obj
         obj\win64\vulkan_vs2022_debug_win64_true\Zenith_Vulkan_MemoryManager.obj
         obj\win64\vulkan_vs2022_debug_win64_true\Zenith_Vulkan_Pipeline.obj
         obj\win64\vulkan_vs2022_debug_win64_true\Zenith_Vulkan_Shader.obj
         obj\win64\vulkan_vs2022_debug_win64_true\Zenith_Vulkan_Swapchain.obj
         obj\win64\vulkan_vs2022_debug_win64_true\Zenith_Vulkan_Texture.obj
         obj\win64\vulkan_vs2022_debug_win64_true\Zenith_Windows_Callstack.obj
         obj\win64\vulkan_vs2022_debug_win64_true\Zenith_Windows_FileAccess.obj
         obj\win64\vulkan_vs2022_debug_win64_true\Zenith_Windows_Multithreading.obj
         obj\win64\vulkan_vs2022_debug_win64_true\Zenith_Windows_DebugBreak.obj
         obj\win64\vulkan_vs2022_debug_win64_true\Zenith_Windows_FileWatcher.obj
         obj\win64\vulkan_vs2022_debug_win64_true\Zenith_Windows_Main.obj
         obj\win64\vulkan_vs2022_debug_win64_true\Zenith_Windows_Window.obj
         Copying file from "C:\dev\Zenith\build\obj\win64\vulkan_vs2022_debug_win64_true\zenith_compiler.pdb" to "C:\dev\Zenith\build\output\win64\vulkan_vs2022_debug_win64_true\zenith.pdb".
         zenith_win64.vcxproj -> C:\dev\Zenith\build\output\win64\vulkan_vs2022_debug_win64_true\zenith.lib
       TlogCleanup:
         Removing the following items from tlogs as they were removed from the project or build: C:\dev\Zenith\Zenith\Flux\Zenith_GameRenderHook.cpp
       FinalizeBuildStatus:
         Deleting file "obj\win64\vulkan_vs2022_debug_win64_true\Zenith.tlog\unsuccessfulbuild".
         Touching "obj\win64\vulkan_vs2022_debug_win64_true\Zenith.tlog\Zenith.lastbuildstate".
     8>Done Building Project "C:\dev\Zenith\build\zenith_win64.vcxproj" (default targets).
     2>PrepareForBuild:
         Structured output is enabled. The formatting of compiler diagnostics will reflect the error hierarchy. See https://aka.ms/cpp/structured-output for more details.
       InitializeBuildStatus:
         Creating "obj\win64\vulkan_vs2022_debug_win64_true\DevilsPlayground.tlog\unsuccessfulbuild" because "AlwaysCreate" was specified.
         Touching "obj\win64\vulkan_vs2022_debug_win64_true\DevilsPlayground.tlog\unsuccessfulbuild".
       VcpkgTripletSelection:
         Using triplet "x64-windows" from "C:\dev\vcpkg\installed\x64-windows\"
         Using normalized configuration "Debug"
       ClCompile:
         C:\Program Files\Microsoft Visual Studio\2022\Community\VC\Tools\MSVC\14.41.34120\bin\HostX86\x64\CL.exe /c /I..\.. /I.. /I..\..\..\middleware /I"..\..\..\middleware\glfw-3.4.bin.win64\include" /I"..\..\..\middleware\glm-master" /I"..\..\..\middleware\imgui-docking" /I"..\..\..\middleware\joltphysics-5.4.0" /I..\..\..\middleware\slang\include /I..\..\..\middleware\stb /I..\..\..\middleware\vma /I..\..\..\middleware\vulkansdk\1.3.280.0\include /I..\..\..\tools\middleware /I..\..\..\tools\middleware\assimp\include /I..\..\..\tools\middleware\freetype\include /I"..\..\..\tools\middleware\msdf-atlas-gen" /I"..\..\..\tools\middleware\msdf-atlas-gen\msdfgen" /I"..\..\..\tools\middleware\msdf-atlas-gen\msdfgen\config" /I..\..\..\tools\middleware\opencv\build\include /I..\..\..\tools\middleware\opencv\build\include\opencv2 /I..\..\..\zenith /I..\..\..\zenith\core /I..\..\..\zenith\vulkan /I..\..\..\zenith\windows /I"C:\dev\vcpkg\installed\x64-windows\include" /Zi /JMC /nologo /W4 /WX /diagnostics:column /MP /Od /Ob1 /Oi /Oy- /D "ENGINE_ASSETS_DIR=\"c:/dev/zenith/Zenith/Assets/\"" /D "GAME_ASSETS_DIR=\"c:/dev/zenith/Games/DevilsPlayground/Assets/\"" /D GLM_ENABLE_EXPERIMENTAL /D NOMINMAX /D "SHADER_SOURCE_ROOT=\"c:/dev/zenith/Zenith/Flux/Shaders/\"" /D WIN64 /D ZENITH_DEBUG /D "ZENITH_ROOT=\"c:/dev/zenith/\"" /D ZENITH_TOOLS /D ZENITH_VULKAN /D ZENITH_WINDOWS /D _CONSOLE /D _DEBUG /D _MBCS /GF /Gm- /MTd /GS /Gy- /fp:fast /fp:except- /Zc:wchar_t /Zc:forScope /Zc:inline /GR- /openmp- /std:c++20 /Fo"obj\win64\vulkan_vs2022_debug_win64_true\\" /Fd"obj\win64\vulkan_vs2022_debug_win64_true\devilsplayground_compiler.pdb" /external:W4 /Gd /TP /FC /errorReport:queue /Zc:__cplusplus ..\DevilsPlayground.cpp ..\Source\DPFogPass.cpp ..\Tests\Test_GameRenderFeatures.cpp ..\Tests\Test_PostFogHookFires.cpp
         DevilsPlayground.cpp
         DPFogPass.cpp
         Test_GameRenderFeatures.cpp
         Test_PostFogHookFires.cpp
       Link:
         C:\Program Files\Microsoft Visual Studio\2022\Community\VC\Tools\MSVC\14.41.34120\bin\HostX86\x64\link.exe /ERRORREPORT:PROMPT /OUT:"output\win64\vulkan_vs2022_debug_win64_true\devilsplayground.exe" /INCREMENTAL:NO /NOLOGO /LIBPATH:..\..\..\build\output\freetype\debug /LIBPATH:..\..\..\build\output\msdfatlasgen\debug /LIBPATH:..\..\..\build\output\msdfgen\debug /LIBPATH:..\..\..\build\output\win64\vulkan_vs2022_debug_win64_true /LIBPATH:"..\..\..\middleware\glfw-3.4.bin.win64\lib-vc2022" /LIBPATH:..\..\..\middleware\slang\lib /LIBPATH:..\..\..\middleware\vulkansdk\1.3.280.0\lib /LIBPATH:..\..\..\tools\middleware\assimp\lib /LIBPATH:..\..\..\tools\middleware\opencv\build\x64\vc16\lib /LIBPATH:"C:\dev\vcpkg\installed\x64-windows\debug\lib" /LIBPATH:"C:\dev\vcpkg\installed\x64-windows\debug\lib\manual-link" freetype.lib "msdf-atlas-gen.lib" msdfgen.lib zenith.lib zenithbase.lib zenithecs.lib "assimp-vc143-mtd.lib" dbghelp.lib glfw3_mt.lib opencv_world4100d.lib psapi.lib slang.lib "vulkan-1.lib" kernel32.lib user32.lib gdi32.lib winspool.lib comdlg32.lib advapi32.lib shell32.lib ole32.lib oleaut32.lib uuid.lib odbc32.lib odbccp32.lib "C:\dev\vcpkg\installed\x64-windows\debug\lib\*.lib" /NODEFAULTLIB:libcmt.lib /MANIFEST /MANIFESTUAC:"level='asInvoker' uiAccess='false'" /manifest:embed /DEBUG /PDB:"output\win64\vulkan_vs2022_debug_win64_true\devilsplayground.pdb" /MAP:"output\win64\vulkan_vs2022_debug_win64_true\devilsplayground.map" /SUBSYSTEM:CONSOLE /LARGEADDRESSAWARE /OPT:NOREF /OPT:NOICF /LTCGOUT:"obj\win64\vulkan_vs2022_debug_win64_true\devilsplayground.iobj" /TLBID:1 /DYNAMICBASE /NXCOMPAT /IMPLIB:"output\win64\vulkan_vs2022_debug_win64_true\devilsplayground.lib" /MACHINE:X64 obj\win64\vulkan_vs2022_debug_win64_true\DPProcLevelBootstrap_Behaviour.obj
         obj\win64\vulkan_vs2022_debug_win64_true\DevilsPlayground.obj
         obj\win64\vulkan_vs2022_debug_win64_true\DPFogPass.obj
         obj\win64\vulkan_vs2022_debug_win64_true\DPMaterials.obj
         obj\win64\vulkan_vs2022_debug_win64_true\DPParticles.obj
         obj\win64\vulkan_vs2022_debug_win64_true\DPProcLevel_Generator.obj
         obj\win64\vulkan_vs2022_debug_win64_true\DPProcLevel_JsonExport.obj
         obj\win64\vulkan_vs2022_debug_win64_true\DPTelemetry.obj
         obj\win64\vulkan_vs2022_debug_win64_true\DPTelemetryAnalyzer.obj
         obj\win64\vulkan_vs2022_debug_win64_true\DPTutorial.obj
         obj\win64\vulkan_vs2022_debug_win64_true\DP_AI.obj
         obj\win64\vulkan_vs2022_debug_win64_true\DP_Archetypes.obj
         obj\win64\vulkan_vs2022_debug_win64_true\DP_Fog.obj
         obj\win64\vulkan_vs2022_debug_win64_true\DP_Interactables.obj
         obj\win64\vulkan_vs2022_debug_win64_true\DP_Items.obj
         obj\win64\vulkan_vs2022_debug_win64_true\DP_Json.obj
         obj\win64\vulkan_vs2022_debug_win64_true\DP_Night.obj
         obj\win64\vulkan_vs2022_debug_win64_true\DP_Player.obj
         obj\win64\vulkan_vs2022_debug_win64_true\DP_Reagents.obj
         obj\win64\vulkan_vs2022_debug_win64_true\DP_Save.obj
         obj\win64\vulkan_vs2022_debug_win64_true\DP_Tuning.obj
         obj\win64\vulkan_vs2022_debug_win64_true\DP_Win.obj
         obj\win64\vulkan_vs2022_debug_win64_true\Test_DimLightsCutFog.obj
         obj\win64\vulkan_vs2022_debug_win64_true\Test_DoubleDoorAndForge.obj
         obj\win64\vulkan_vs2022_debug_win64_true\Test_DPDoor.obj
         obj\win64\vulkan_vs2022_debug_win64_true\Test_DPFogPass.obj
         obj\win64\vulkan_vs2022_debug_win64_true\Test_DPTelemetryAnalyzer.obj
         obj\win64\vulkan_vs2022_debug_win64_true\Test_DPTelemetryHooks.obj
         obj\win64\vulkan_vs2022_debug_win64_true\Test_FrontEndPlay.obj
         obj\win64\vulkan_vs2022_debug_win64_true\Test_FullPlaythrough.obj
         obj\win64\vulkan_vs2022_debug_win64_true\Test_GameplaySystems.obj
         obj\win64\vulkan_vs2022_debug_win64_true\Test_GameRenderFeatures.obj
         obj\win64\vulkan_vs2022_debug_win64_true\Test_HearingFlow.obj
         obj\win64\vulkan_vs2022_debug_win64_true\Test_Hello.obj
         obj\win64\vulkan_vs2022_debug_win64_true\Test_ItemPickup.obj
         obj\win64\vulkan_vs2022_debug_win64_true\Test_LifeTimer.obj
         obj\win64\vulkan_vs2022_debug_win64_true\Test_Materials.obj
         obj\win64\vulkan_vs2022_debug_win64_true\Test_MouseWheel.obj
         obj\win64\vulkan_vs2022_debug_win64_true\Test_P1Apprehend_OutOfRangeIgnored.obj
         obj\win64\vulkan_vs2022_debug_win64_true\Test_P1Apprehend_SwitchBreaksChannel.obj
         obj\win64\vulkan_vs2022_debug_win64_true\Test_P1Cooldown_CannotPossessFor1pt5s.obj
         obj\win64\vulkan_vs2022_debug_win64_true\Test_P1Cooldown_NotAffectedByDeath.obj
         obj\win64\vulkan_vs2022_debug_win64_true\Test_P1Dawn_DispatchesRunLost.obj
         obj\win64\vulkan_vs2022_debug_win64_true\Test_P1Dawn_NoFireWhenNotStarted.obj
         obj\win64\vulkan_vs2022_debug_win64_true\Test_P1Drop_GoesToGroundAtBodyPosition.obj
         obj\win64\vulkan_vs2022_debug_win64_true\Test_P1Drop_PickupChainHandoff.obj
         obj\win64\vulkan_vs2022_debug_win64_true\Test_P1Faint_RecoversToIdle.obj
         obj\win64\vulkan_vs2022_debug_win64_true\Test_P1Faint_SystemPossessBypassesGate.obj
         obj\win64\vulkan_vs2022_debug_win64_true\Test_P1NavMesh_ClosedDoorBlocksPath.obj
         obj\win64\vulkan_vs2022_debug_win64_true\Test_P1NavMesh_PathRespectsWalls.obj
         obj\win64\vulkan_vs2022_debug_win64_true\Test_P1NoVessels_DispatchesRunLost.obj
         obj\win64\vulkan_vs2022_debug_win64_true\Test_P1Pause_InputSimDuringPause.obj
         obj\win64\vulkan_vs2022_debug_win64_true\Test_P1Pause_TimerStopsOnEscape.obj
         obj\win64\vulkan_vs2022_debug_win64_true\Test_P1Priest_DoesNotChasePossessedOutOfSight.obj
         obj\win64\vulkan_vs2022_debug_win64_true\Test_P1Priest_PursuesAfterLineOfSight.obj
         obj\win64\vulkan_vs2022_debug_win64_true\Test_P1Range_AcceptedInRange.obj
         obj\win64\vulkan_vs2022_debug_win64_true\Test_P1Range_AnchorMovesWithEachHop.obj
         obj\win64\vulkan_vs2022_debug_win64_true\Test_P1Range_RefusedOutOfRange.obj
         obj\win64\vulkan_vs2022_debug_win64_true\Test_P1Save_RobustToCorruption.obj
         obj\win64\vulkan_vs2022_debug_win64_true\Test_P1Save_RoundTripMeta.obj
         obj\win64\vulkan_vs2022_debug_win64_true\Test_P1Save_VersionMismatchFallsBackToDefault.obj
         obj\win64\vulkan_vs2022_debug_win64_true\Test_P1Scent_AccumulatesOnPossession.obj
         obj\win64\vulkan_vs2022_debug_win64_true\Test_P1Scent_DecaysOverTime.obj
         obj\win64\vulkan_vs2022_debug_win64_true\Test_P1Scent_HighestWinsInBlackboard.obj
         obj\win64\vulkan_vs2022_debug_win64_true\Test_P1Scent_NoBumpWhilePossessing.obj
         obj\win64\vulkan_vs2022_debug_win64_true\Test_P1Scent_NotificationToBlackboard.obj
         obj\win64\vulkan_vs2022_debug_win64_true\Test_P1Sprint_DrainsLifeFaster.obj
         obj\win64\vulkan_vs2022_debug_win64_true\Test_P1Sprint_NoDrainWhenNotMoving.obj
         obj\win64\vulkan_vs2022_debug_win64_true\Test_P1Sprint_WinsTieOverWalkQuiet.obj
         obj\win64\vulkan_vs2022_debug_win64_true\Test_P1Switch_BurnOutDoesDie.obj
         obj\win64\vulkan_vs2022_debug_win64_true\Test_P1Switch_FaintNotDie.obj
         obj\win64\vulkan_vs2022_debug_win64_true\Test_P1Tuning_InteractableValuesMatchConfig.obj
         obj\win64\vulkan_vs2022_debug_win64_true\Test_P1Tuning_LoadsAndValuesInBand.obj
         obj\win64\vulkan_vs2022_debug_win64_true\Test_P1Tuning_PriestValuesMatchConfig.obj
         obj\win64\vulkan_vs2022_debug_win64_true\Test_P1Villager_TuningMigration.obj
         obj\win64\vulkan_vs2022_debug_win64_true\Test_P1WalkQuiet_FootstepLoudnessHalved.obj
         obj\win64\vulkan_vs2022_debug_win64_true\Test_P2Archetype_BeggarIgnoredByAelfric.obj
         obj\win64\vulkan_vs2022_debug_win64_true\Test_P2Archetype_ChildCannotCarryTools.obj
         obj\win64\vulkan_vs2022_debug_win64_true\Test_P2Archetype_DevoutChannel.obj
         obj\win64\vulkan_vs2022_debug_win64_true\Test_P2Archetype_DevoutChannelInterrupt.obj
         obj\win64\vulkan_vs2022_debug_win64_true\Test_P2Archetype_TimersMatchSpec.obj
         obj\win64\vulkan_vs2022_debug_win64_true\Test_P2BellSoul_AudibleAcrossMap.obj
         obj\win64\vulkan_vs2022_debug_win64_true\Test_P2BellSoul_PriestHearsTheBell.obj
         obj\win64\vulkan_vs2022_debug_win64_true\Test_P2Fog_AelfricNotRevealed.obj
         obj\win64\vulkan_vs2022_debug_win64_true\Test_P2Fog_LightAddsHole.obj
         obj\win64\vulkan_vs2022_debug_win64_true\Test_P2Fog_MemoryDimsAfter10s.obj
         obj\win64\vulkan_vs2022_debug_win64_true\Test_P2Fog_MemoryFollowsPossessedVillager.obj
         obj\win64\vulkan_vs2022_debug_win64_true\Test_P2Forge_AudibleAt30m.obj
         obj\win64\vulkan_vs2022_debug_win64_true\Test_P2Forge_IronToSkeletonKey.obj
         obj\win64\vulkan_vs2022_debug_win64_true\Test_P2Forge_PriestHearsTheHammer.obj
         obj\win64\vulkan_vs2022_debug_win64_true\Test_P2Forge_WoodToSpike.obj
         obj\win64\vulkan_vs2022_debug_win64_true\Test_P2HUD_AelfricStateInRealScene.obj
         obj\win64\vulkan_vs2022_debug_win64_true\Test_P2HUD_AelfricStateReadouts.obj
         obj\win64\vulkan_vs2022_debug_win64_true\Test_P2HUD_DawnAndScentReadouts.obj
         obj\win64\vulkan_vs2022_debug_win64_true\Test_P2HUD_DetailedReadouts.obj
         obj\win64\vulkan_vs2022_debug_win64_true\Test_P2HUD_TutorialHint.obj
         obj\win64\vulkan_vs2022_debug_win64_true\Test_P2Menu_PauseAndMainMenuShortcuts.obj
         obj\win64\vulkan_vs2022_debug_win64_true\Test_P2Pause_RestartActuallyReloadsScene.obj
         obj\win64\vulkan_vs2022_debug_win64_true\Test_P2Reagent_BellSoulRingsBell.obj
         obj\win64\vulkan_vs2022_debug_win64_true\Test_P2Reagent_BogWaterEvaporates.obj
         obj\win64\vulkan_vs2022_debug_win64_true\Test_P2Reagent_UniquePickupChannel.obj
         obj\win64\vulkan_vs2022_debug_win64_true\Test_P2Villager_ArchetypeStatsApplied.obj
         obj\win64\vulkan_vs2022_debug_win64_true\Test_P3Inventory_ArchetypeCount.obj
         obj\win64\vulkan_vs2022_debug_win64_true\Test_P4Playthrough_LossByDawn.obj
         obj\win64\vulkan_vs2022_debug_win64_true\Test_P4Playthrough_LossByNoVessels.obj
         obj\win64\vulkan_vs2022_debug_win64_true\Test_P4Playthrough_Night1WinGolden.obj
         obj\win64\vulkan_vs2022_debug_win64_true\Test_P4UI_RestartPromptAfterRunOver.obj
         obj\win64\vulkan_vs2022_debug_win64_true\Test_P5Archetype_Telegraphs.obj
         obj\win64\vulkan_vs2022_debug_win64_true\Test_P5HUD_TelegraphFormatters.obj
         obj\win64\vulkan_vs2022_debug_win64_true\Test_P5Particles_BurstsOnGameplayEvents.obj
         obj\win64\vulkan_vs2022_debug_win64_true\Test_P5Scent_PriestPatrolBiasedByScent.obj
         obj\win64\vulkan_vs2022_debug_win64_true\Test_P5Tutorial_FirstEncounters.obj
         obj\win64\vulkan_vs2022_debug_win64_true\Test_PentagramVictory.obj
         obj\win64\vulkan_vs2022_debug_win64_true\Test_PersonalityPlaythrough.obj
         obj\win64\vulkan_vs2022_debug_win64_true\Test_Possession.obj
         obj\win64\vulkan_vs2022_debug_win64_true\Test_PostFogHookFires.obj
         obj\win64\vulkan_vs2022_debug_win64_true\Test_PriestBBBridge.obj
         obj\win64\vulkan_vs2022_debug_win64_true\Test_PriestPursuit.obj
         obj\win64\vulkan_vs2022_debug_win64_true\Test_ProcLevelBootstrap.obj
         obj\win64\vulkan_vs2022_debug_win64_true\Test_ProcLevelScene.obj
         obj\win64\vulkan_vs2022_debug_win64_true\Test_ProcLevel_BSP.obj
         obj\win64\vulkan_vs2022_debug_win64_true\Test_ProcLevel_BuildingWallClosure.obj
         obj\win64\vulkan_vs2022_debug_win64_true\Test_ProcLevel_DeterminismCheck.obj
         obj\win64\vulkan_vs2022_debug_win64_true\Test_ProcLevel_Locks.obj
         obj\win64\vulkan_vs2022_debug_win64_true\Test_PublicInterfaces.obj
         obj\win64\vulkan_vs2022_debug_win64_true\Test_T0AudioBus_EmitsAndRecords.obj
         obj\win64\vulkan_vs2022_debug_win64_true\Test_T0NavMesh_QueryCountIncrements.obj
         obj\win64\vulkan_vs2022_debug_win64_true\Test_T0RenderBus_RecordsDrawCalls.obj
         obj\win64\vulkan_vs2022_debug_win64_true\Test_T0SaveData_TestHooks.obj
         obj\win64\vulkan_vs2022_debug_win64_true\Test_T1NavMesh_BTUnitsCanFollowRealPath.obj
         obj\win64\vulkan_vs2022_debug_win64_true\Test_T1NavMesh_GeneratorPerf.obj
         obj\win64\vulkan_vs2022_debug_win64_true\Test_TelemetryEdgeCases.obj
         obj\win64\vulkan_vs2022_debug_win64_true\Test_TelemetryRoundTrip.obj
         obj\win64\vulkan_vs2022_debug_win64_true\Test_VisualWiring.obj
         devilsplayground_win64.vcxproj -> C:\dev\Zenith\Games\DevilsPlayground\Build\output\win64\vulkan_vs2022_debug_win64_true\devilsplayground.exe
       AppLocalFromInstalled:
         pwsh.exe -ExecutionPolicy Bypass -noprofile -File "C:\dev\vcpkg\scripts\buildsystems\msbuild\applocal.ps1" "C:\dev\Zenith\Games\DevilsPlayground\Build\output\win64\vulkan_vs2022_debug_win64_true\devilsplayground.exe" "C:\dev\vcpkg\installed\x64-windows\debug\bin" "obj\win64\vulkan_vs2022_debug_win64_true\DevilsPlayground.tlog\DevilsPlayground.write.1u.tlog" "obj\win64\vulkan_vs2022_debug_win64_true\vcpkg.applocal.log"
         C:\dev\Zenith\Games\DevilsPlayground\Build\output\win64\vulkan_vs2022_debug_win64_true\assimp-vc143-mtd.dll
         C:\dev\Zenith\Games\DevilsPlayground\Build\output\win64\vulkan_vs2022_debug_win64_true\poly2tri.dll
         C:\dev\Zenith\Games\DevilsPlayground\Build\output\win64\vulkan_vs2022_debug_win64_true\minizip.dll
         C:\dev\Zenith\Games\DevilsPlayground\Build\output\win64\vulkan_vs2022_debug_win64_true\zlibd1.dll
         C:\dev\Zenith\Games\DevilsPlayground\Build\output\win64\vulkan_vs2022_debug_win64_true\kubazip.dll
         C:\dev\Zenith\Games\DevilsPlayground\Build\output\win64\vulkan_vs2022_debug_win64_true\pugixml.dll
       PostBuildEvent:
         xcopy /Y /D "c:/dev/zenith/Middleware/slang/bin\*.dll" "output\win64\vulkan_vs2022_debug_win64_true\"
         
         :VCEnd
         0 File(s) copied
       TlogCleanup:
         Removing the following items from tlogs as they were removed from the project or build: C:\dev\Zenith\Games\DevilsPlayground\Tests\Test_GameRenderHook.cpp
       FinalizeBuildStatus:
         Deleting file "obj\win64\vulkan_vs2022_debug_win64_true\DevilsPlayground.tlog\unsuccessfulbuild".
         Touching "obj\win64\vulkan_vs2022_debug_win64_true\DevilsPlayground.tlog\DevilsPlayground.lastbuildstate".
     2>Done Building Project "C:\dev\Zenith\Games\DevilsPlayground\Build\devilsplayground_win64.vcxproj" (default targets).
     1>Done Building Project "C:\dev\Zenith\Build\zenith_win64.sln" (DevilsPlayground target(s)).

Build succeeded.
    0 Warning(s)
    0 Error(s)

Time Elapsed 00:00:51.32
