Build started 09/06/2026 18:52:49.

     1>Project "C:\dev\Zenith\Build\zenith_win64.sln" on node 1 (DevilsPlayground target(s)).
     1>ValidateSolutionConfiguration:
         Building solution configuration "Vulkan_vs2022_Debug_Win64_True|x64".
       ValidateProjects:
         The project "SentinelECS" is not selected for building in solution configuration "Vulkan_vs2022_Debug_Win64_True|x64".
     1>Project "C:\dev\Zenith\Build\zenith_win64.sln" (1) is building "C:\dev\Zenith\Games\DevilsPlayground\Build\devilsplayground_win64.vcxproj" (2) on node 1 (default targets).
     2>Project "C:\dev\Zenith\Games\DevilsPlayground\Build\devilsplayground_win64.vcxproj" (2) is building "C:\dev\Zenith\build\zenithbase_win64.vcxproj" (3) on node 1 (default targets).
     3>PrepareForBuild:
         Structured output is enabled. The formatting of compiler diagnostics will reflect the error hierarchy. See https://aka.ms/cpp/structured-output for more details.
       InitializeBuildStatus:
         Creating "obj\zenithbase\win64\vulkan_vs2022_debug_win64_true\ZenithBase.tlog\unsuccessfulbuild" because "AlwaysCreate" was specified.
         Touching "obj\zenithbase\win64\vulkan_vs2022_debug_win64_true\ZenithBase.tlog\unsuccessfulbuild".
       VcpkgTripletSelection:
         Using triplet "x64-windows" from "C:\dev\vcpkg\installed\x64-windows\"
         Using normalized configuration "Debug"
       ClCompile:
         All outputs are up-to-date.
         All outputs are up-to-date.
       Lib:
         All outputs are up-to-date.
         Copying file from "C:\dev\Zenith\build\obj\zenithbase\win64\vulkan_vs2022_debug_win64_true\zenithbase_compiler.pdb" to "C:\dev\Zenith\build\output\win64\vulkan_vs2022_debug_win64_true\zenithbase.pdb".
         zenithbase_win64.vcxproj -> C:\dev\Zenith\build\output\win64\vulkan_vs2022_debug_win64_true\zenithbase.lib
     2>Project "C:\dev\Zenith\Games\DevilsPlayground\Build\devilsplayground_win64.vcxproj" (2) is building "C:\dev\Zenith\build\msdf-atlas-gen_win64.vcxproj" (4) on node 5 (default targets).
     4>PrepareForBuild:
         Structured output is enabled. The formatting of compiler diagnostics will reflect the error hierarchy. See https://aka.ms/cpp/structured-output for more details.
     2>Project "C:\dev\Zenith\Games\DevilsPlayground\Build\devilsplayground_win64.vcxproj" (2) is building "C:\dev\Zenith\build\zenithecs_win64.vcxproj" (5) on node 6 (default targets).
     5>PrepareForBuild:
         Structured output is enabled. The formatting of compiler diagnostics will reflect the error hierarchy. See https://aka.ms/cpp/structured-output for more details.
     2>Project "C:\dev\Zenith\Games\DevilsPlayground\Build\devilsplayground_win64.vcxproj" (2) is building "C:\dev\Zenith\build\msdfgen_win64.vcxproj" (6) on node 4 (default targets).
     6>PrepareForBuild:
         Structured output is enabled. The formatting of compiler diagnostics will reflect the error hierarchy. See https://aka.ms/cpp/structured-output for more details.
     5>InitializeBuildStatus:
         Creating "obj\zenithecs\win64\vulkan_vs2022_debug_win64_true\ZenithECS.tlog\unsuccessfulbuild" because "AlwaysCreate" was specified.
         Touching "obj\zenithecs\win64\vulkan_vs2022_debug_win64_true\ZenithECS.tlog\unsuccessfulbuild".
     4>InitializeBuildStatus:
         Creating "obj\msdfatlasgen_debug\msdf-atlas-gen.tlog\unsuccessfulbuild" because "AlwaysCreate" was specified.
         Touching "obj\msdfatlasgen_debug\msdf-atlas-gen.tlog\unsuccessfulbuild".
     6>InitializeBuildStatus:
         Creating "obj\msdfgen_debug\msdfgen.tlog\unsuccessfulbuild" because "AlwaysCreate" was specified.
         Touching "obj\msdfgen_debug\msdfgen.tlog\unsuccessfulbuild".
     4>VcpkgTripletSelection:
         Using triplet "x64-windows" from "C:\dev\vcpkg\installed\x64-windows\"
         Using normalized configuration "Debug"
     5>VcpkgTripletSelection:
         Using triplet "x64-windows" from "C:\dev\vcpkg\installed\x64-windows\"
         Using normalized configuration "Debug"
     6>VcpkgTripletSelection:
         Using triplet "x64-windows" from "C:\dev\vcpkg\installed\x64-windows\"
         Using normalized configuration "Debug"
     4>ClCompile:
         All outputs are up-to-date.
     5>ClCompile:
         All outputs are up-to-date.
     3>FinalizeBuildStatus:
         Deleting file "obj\zenithbase\win64\vulkan_vs2022_debug_win64_true\ZenithBase.tlog\unsuccessfulbuild".
     4>Lib:
         All outputs are up-to-date.
     3>FinalizeBuildStatus:
         Touching "obj\zenithbase\win64\vulkan_vs2022_debug_win64_true\ZenithBase.tlog\ZenithBase.lastbuildstate".
     3>Done Building Project "C:\dev\Zenith\build\zenithbase_win64.vcxproj" (default targets).
     4>Lib:
         Copying file from "C:\dev\Zenith\build\obj\msdfatlasgen_debug\msdf-atlas-gen_compiler.pdb" to "C:\dev\Zenith\build\output\msdfatlasgen\debug\msdf-atlas-gen.pdb".
         msdf-atlas-gen_win64.vcxproj -> C:\dev\Zenith\build\output\msdfatlasgen\debug\msdf-atlas-gen.lib
     5>ClCompile:
         All outputs are up-to-date.
     6>ClCompile:
         All outputs are up-to-date.
     5>Lib:
         All outputs are up-to-date.
         Copying file from "C:\dev\Zenith\build\obj\zenithecs\win64\vulkan_vs2022_debug_win64_true\zenithecs_compiler.pdb" to "C:\dev\Zenith\build\output\win64\vulkan_vs2022_debug_win64_true\zenithecs.pdb".
     4>FinalizeBuildStatus:
         Deleting file "obj\msdfatlasgen_debug\msdf-atlas-gen.tlog\unsuccessfulbuild".
     6>Lib:
         All outputs are up-to-date.
     4>FinalizeBuildStatus:
         Touching "obj\msdfatlasgen_debug\msdf-atlas-gen.tlog\msdf-atlas-gen.lastbuildstate".
     5>Lib:
         zenithecs_win64.vcxproj -> C:\dev\Zenith\build\output\win64\vulkan_vs2022_debug_win64_true\zenithecs.lib
     4>Done Building Project "C:\dev\Zenith\build\msdf-atlas-gen_win64.vcxproj" (default targets).
     6>Lib:
         Copying file from "C:\dev\Zenith\build\obj\msdfgen_debug\msdfgen_compiler.pdb" to "C:\dev\Zenith\build\output\msdfgen\debug\msdfgen.pdb".
         msdfgen_win64.vcxproj -> C:\dev\Zenith\build\output\msdfgen\debug\msdfgen.lib
     2>Project "C:\dev\Zenith\Games\DevilsPlayground\Build\devilsplayground_win64.vcxproj" (2) is building "C:\dev\Zenith\build\freetype_win64.vcxproj" (7) on node 3 (default targets).
     7>PrepareForBuild:
         Structured output is enabled. The formatting of compiler diagnostics will reflect the error hierarchy. See https://aka.ms/cpp/structured-output for more details.
       InitializeBuildStatus:
         Creating "obj\freetype_debug\FreeType.tlog\unsuccessfulbuild" because "AlwaysCreate" was specified.
         Touching "obj\freetype_debug\FreeType.tlog\unsuccessfulbuild".
       VcpkgTripletSelection:
         Using triplet "x64-windows" from "C:\dev\vcpkg\installed\x64-windows\"
         Using normalized configuration "Debug"
     5>FinalizeBuildStatus:
         Deleting file "obj\zenithecs\win64\vulkan_vs2022_debug_win64_true\ZenithECS.tlog\unsuccessfulbuild".
         Touching "obj\zenithecs\win64\vulkan_vs2022_debug_win64_true\ZenithECS.tlog\ZenithECS.lastbuildstate".
     5>Done Building Project "C:\dev\Zenith\build\zenithecs_win64.vcxproj" (default targets).
     6>FinalizeBuildStatus:
         Deleting file "obj\msdfgen_debug\msdfgen.tlog\unsuccessfulbuild".
         Touching "obj\msdfgen_debug\msdfgen.tlog\msdfgen.lastbuildstate".
     6>Done Building Project "C:\dev\Zenith\build\msdfgen_win64.vcxproj" (default targets).
     7>ClCompile:
         All outputs are up-to-date.
       Lib:
         All outputs are up-to-date.
         Copying file from "C:\dev\Zenith\build\obj\freetype_debug\freetype_compiler.pdb" to "C:\dev\Zenith\build\output\freetype\debug\freetype.pdb".
         freetype_win64.vcxproj -> C:\dev\Zenith\build\output\freetype\debug\freetype.lib
       FinalizeBuildStatus:
         Deleting file "obj\freetype_debug\FreeType.tlog\unsuccessfulbuild".
         Touching "obj\freetype_debug\FreeType.tlog\FreeType.lastbuildstate".
     7>Done Building Project "C:\dev\Zenith\build\freetype_win64.vcxproj" (default targets).
     2>Project "C:\dev\Zenith\Games\DevilsPlayground\Build\devilsplayground_win64.vcxproj" (2) is building "C:\dev\Zenith\build\zenith_win64.vcxproj" (8) on node 2 (default targets).
     8>PrepareForBuild:
         Structured output is enabled. The formatting of compiler diagnostics will reflect the error hierarchy. See https://aka.ms/cpp/structured-output for more details.
       InitializeBuildStatus:
         Creating "obj\win64\vulkan_vs2022_debug_win64_true\Zenith.tlog\unsuccessfulbuild" because "AlwaysCreate" was specified.
         Touching "obj\win64\vulkan_vs2022_debug_win64_true\Zenith.tlog\unsuccessfulbuild".
       VcpkgTripletSelection:
         Using triplet "x64-windows" from "C:\dev\vcpkg\installed\x64-windows\"
         Using normalized configuration "Debug"
       ClCompile:
         All outputs are up-to-date.
         All outputs are up-to-date.
         All outputs are up-to-date.
       Lib:
         All outputs are up-to-date.
         Copying file from "C:\dev\Zenith\build\obj\win64\vulkan_vs2022_debug_win64_true\zenith_compiler.pdb" to "C:\dev\Zenith\build\output\win64\vulkan_vs2022_debug_win64_true\zenith.pdb".
         zenith_win64.vcxproj -> C:\dev\Zenith\build\output\win64\vulkan_vs2022_debug_win64_true\zenith.lib
       FinalizeBuildStatus:
         Deleting file "obj\win64\vulkan_vs2022_debug_win64_true\Zenith.tlog\unsuccessfulbuild".
         Touching "obj\win64\vulkan_vs2022_debug_win64_true\Zenith.tlog\Zenith.lastbuildstate".
     8>Done Building Project "C:\dev\Zenith\build\zenith_win64.vcxproj" (default targets).
     2>PrepareForBuild:
         Structured output is enabled. The formatting of compiler diagnostics will reflect the error hierarchy. See https://aka.ms/cpp/structured-output for more details.
       InitializeBuildStatus:
         Creating "obj\win64\vulkan_vs2022_debug_win64_true\DevilsPlayground.tlog\unsuccessfulbuild" because "AlwaysCreate" was specified.
         Touching "obj\win64\vulkan_vs2022_debug_win64_true\DevilsPlayground.tlog\unsuccessfulbuild".
       VcpkgTripletSelection:
         Using triplet "x64-windows" from "C:\dev\vcpkg\installed\x64-windows\"
         Using normalized configuration "Debug"
       ClCompile:
         C:\Program Files\Microsoft Visual Studio\2022\Community\VC\Tools\MSVC\14.41.34120\bin\HostX86\x64\CL.exe /c /I..\.. /I.. /I..\..\..\middleware /I"..\..\..\middleware\glfw-3.4.bin.win64\include" /I"..\..\..\middleware\glm-master" /I"..\..\..\middleware\imgui-docking" /I"..\..\..\middleware\joltphysics-5.4.0" /I..\..\..\middleware\slang\include /I..\..\..\middleware\stb /I..\..\..\middleware\vma /I..\..\..\middleware\vulkansdk\1.3.280.0\include /I..\..\..\tools\middleware /I..\..\..\tools\middleware\assimp\include /I..\..\..\tools\middleware\freetype\include /I"..\..\..\tools\middleware\msdf-atlas-gen" /I"..\..\..\tools\middleware\msdf-atlas-gen\msdfgen" /I"..\..\..\tools\middleware\msdf-atlas-gen\msdfgen\config" /I..\..\..\tools\middleware\opencv\build\include /I..\..\..\tools\middleware\opencv\build\include\opencv2 /I..\..\..\zenith /I..\..\..\zenith\core /I..\..\..\zenith\vulkan /I..\..\..\zenith\windows /I"C:\dev\vcpkg\installed\x64-windows\include" /Zi /JMC /nologo /W4 /WX /diagnostics:column /MP /Od /Ob1 /Oi /Oy- /D "ENGINE_ASSETS_DIR=\"c:/dev/zenith/Zenith/Assets/\"" /D "GAME_ASSETS_DIR=\"c:/dev/zenith/Games/DevilsPlayground/Assets/\"" /D GLM_ENABLE_EXPERIMENTAL /D NOMINMAX /D "SHADER_SOURCE_ROOT=\"c:/dev/zenith/Zenith/Flux/Shaders/\"" /D WIN64 /D ZENITH_DEBUG /D "ZENITH_ROOT=\"c:/dev/zenith/\"" /D ZENITH_TOOLS /D ZENITH_VULKAN /D ZENITH_WINDOWS /D _CONSOLE /D _DEBUG /D _MBCS /GF /Gm- /MTd /GS /Gy- /fp:fast /fp:except- /Zc:wchar_t /Zc:forScope /Zc:inline /GR- /openmp- /std:c++20 /Fo"obj\win64\vulkan_vs2022_debug_win64_true\\" /Fd"obj\win64\vulkan_vs2022_debug_win64_true\devilsplayground_compiler.pdb" /external:W4 /Gd /TP /FC /errorReport:queue /Zc:__cplusplus ..\Tests\Test_GameRenderFeatures.cpp
         Test_GameRenderFeatures.cpp
       Link:
         C:\Program Files\Microsoft Visual Studio\2022\Community\VC\Tools\MSVC\14.41.34120\bin\HostX86\x64\link.exe /ERRORREPORT:PROMPT /OUT:"output\win64\vulkan_vs2022_debug_win64_true\devilsplayground.exe" /INCREMENTAL:NO /NOLOGO /LIBPATH:..\..\..\build\output\freetype\debug /LIBPATH:..\..\..\build\output\msdfatlasgen\debug /LIBPATH:..\..\..\build\output\msdfgen\debug /LIBPATH:..\..\..\build\output\win64\vulkan_vs2022_debug_win64_true /LIBPATH:"..\..\..\middleware\glfw-3.4.bin.win64\lib-vc2022" /LIBPATH:..\..\..\middleware\slang\lib /LIBPATH:..\..\..\middleware\vulkansdk\1.3.280.0\lib /LIBPATH:..\..\..\tools\middleware\assimp\lib /LIBPATH:..\..\..\tools\middleware\opencv\build\x64\vc16\lib /LIBPATH:"C:\dev\vcpkg\installed\x64-windows\debug\lib" /LIBPATH:"C:\dev\vcpkg\installed\x64-windows\debug\lib\manual-link" freetype.lib "msdf-atlas-gen.lib" msdfgen.lib zenith.lib zenithbase.lib zenithecs.lib "assimp-vc143-mtd.lib" dbghelp.lib glfw3_mt.lib opencv_world4100d.lib psapi.lib slang.lib "vulkan-1.lib" kernel32.lib user32.lib gdi32.lib winspool.lib comdlg32.lib advapi32.lib shell32.lib ole32.lib oleaut32.lib uuid.lib odbc32.lib odbccp32.lib "C:\dev\vcpkg\installed\x64-windows\debug\lib\*.lib" /NODEFAULTLIB:libcmt.lib /MANIFEST /MANIFESTUAC:"level='asInvoker' uiAccess='false'" /manifest:embed /DEBUG /PDB:"output\win64\vulkan_vs2022_debug_win64_true\devilsplayground.pdb" /MAP:"output\win64\vulkan_vs2022_debug_win64_true\devilsplayground.map" /SUBSYSTEM:CONSOLE /LARGEADDRESSAWARE /OPT:NOREF /OPT:NOICF /LTCGOUT:"obj\win64\vulkan_vs2022_debug_win64_true\devilsplayground.iobj" /TLBID:1 /DYNAMICBASE /NXCOMPAT /IMPLIB:"output\win64\vulkan_vs2022_debug_win64_true\devilsplayground.lib" /MACHINE:X64 obj\win64\vulkan_vs2022_debug_win64_true\DPProcLevelBootstrap_Behaviour.obj
         obj\win64\vulkan_vs2022_debug_win64_true\DevilsPlayground.obj
         obj\win64\vulkan_vs2022_debug_win64_true\DPFogPass.obj
         obj\win64\vulkan_vs2022_debug_win64_true\DPMaterials.obj
         obj\win64\vulkan_vs2022_debug_win64_true\DPParticles.obj
         obj\win64\vulkan_vs2022_debug_win64_true\DPProcLevel_Generator.obj
         obj\win64\vulkan_vs2022_debug_win64_true\DPProcLevel_JsonExport.obj
         obj\win64\vulkan_vs2022_debug_win64_true\DPTelemetry.obj
         obj\win64\vulkan_vs2022_debug_win64_true\DPTelemetryAnalyzer.obj
         obj\win64\vulkan_vs2022_debug_win64_true\DPTutorial.obj
         obj\win64\vulkan_vs2022_debug_win64_true\DP_AI.obj
         obj\win64\vulkan_vs2022_debug_win64_true\DP_Archetypes.obj
         obj\win64\vulkan_vs2022_debug_win64_true\DP_Fog.obj
         obj\win64\vulkan_vs2022_debug_win64_true\DP_Interactables.obj
         obj\win64\vulkan_vs2022_debug_win64_true\DP_Items.obj
         obj\win64\vulkan_vs2022_debug_win64_true\DP_Json.obj
         obj\win64\vulkan_vs2022_debug_win64_true\DP_Night.obj
         obj\win64\vulkan_vs2022_debug_win64_true\DP_Player.obj
         obj\win64\vulkan_vs2022_debug_win64_true\DP_Reagents.obj
         obj\win64\vulkan_vs2022_debug_win64_true\DP_Save.obj
         obj\win64\vulkan_vs2022_debug_win64_true\DP_Tuning.obj
         obj\win64\vulkan_vs2022_debug_win64_true\DP_Win.obj
         obj\win64\vulkan_vs2022_debug_win64_true\Test_DimLightsCutFog.obj
         obj\win64\vulkan_vs2022_debug_win64_true\Test_DoubleDoorAndForge.obj
         obj\win64\vulkan_vs2022_debug_win64_true\Test_DPDoor.obj
         obj\win64\vulkan_vs2022_debug_win64_true\Test_DPFogPass.obj
         obj\win64\vulkan_vs2022_debug_win64_true\Test_DPTelemetryAnalyzer.obj
         obj\win64\vulkan_vs2022_debug_win64_true\Test_DPTelemetryHooks.obj
         obj\win64\vulkan_vs2022_debug_win64_true\Test_FrontEndPlay.obj
         obj\win64\vulkan_vs2022_debug_win64_true\Test_FullPlaythrough.obj
         obj\win64\vulkan_vs2022_debug_win64_true\Test_GameplaySystems.obj
         obj\win64\vulkan_vs2022_debug_win64_true\Test_GameRenderFeatures.obj
         obj\win64\vulkan_vs2022_debug_win64_true\Test_HearingFlow.obj
         obj\win64\vulkan_vs2022_debug_win64_true\Test_Hello.obj
         obj\win64\vulkan_vs2022_debug_win64_true\Test_ItemPickup.obj
         obj\win64\vulkan_vs2022_debug_win64_true\Test_LifeTimer.obj
         obj\win64\vulkan_vs2022_debug_win64_true\Test_Materials.obj
         obj\win64\vulkan_vs2022_debug_win64_true\Test_MouseWheel.obj
         obj\win64\vulkan_vs2022_debug_win64_true\Test_P1Apprehend_OutOfRangeIgnored.obj
         obj\win64\vulkan_vs2022_debug_win64_true\Test_P1Apprehend_SwitchBreaksChannel.obj
         obj\win64\vulkan_vs2022_debug_win64_true\Test_P1Cooldown_CannotPossessFor1pt5s.obj
         obj\win64\vulkan_vs2022_debug_win64_true\Test_P1Cooldown_NotAffectedByDeath.obj
         obj\win64\vulkan_vs2022_debug_win64_true\Test_P1Dawn_DispatchesRunLost.obj
         obj\win64\vulkan_vs2022_debug_win64_true\Test_P1Dawn_NoFireWhenNotStarted.obj
         obj\win64\vulkan_vs2022_debug_win64_true\Test_P1Drop_GoesToGroundAtBodyPosition.obj
         obj\win64\vulkan_vs2022_debug_win64_true\Test_P1Drop_PickupChainHandoff.obj
         obj\win64\vulkan_vs2022_debug_win64_true\Test_P1Faint_RecoversToIdle.obj
         obj\win64\vulkan_vs2022_debug_win64_true\Test_P1Faint_SystemPossessBypassesGate.obj
         obj\win64\vulkan_vs2022_debug_win64_true\Test_P1NavMesh_ClosedDoorBlocksPath.obj
         obj\win64\vulkan_vs2022_debug_win64_true\Test_P1NavMesh_PathRespectsWalls.obj
         obj\win64\vulkan_vs2022_debug_win64_true\Test_P1NoVessels_DispatchesRunLost.obj
         obj\win64\vulkan_vs2022_debug_win64_true\Test_P1Pause_InputSimDuringPause.obj
         obj\win64\vulkan_vs2022_debug_win64_true\Test_P1Pause_TimerStopsOnEscape.obj
         obj\win64\vulkan_vs2022_debug_win64_true\Test_P1Priest_DoesNotChasePossessedOutOfSight.obj
         obj\win64\vulkan_vs2022_debug_win64_true\Test_P1Priest_PursuesAfterLineOfSight.obj
         obj\win64\vulkan_vs2022_debug_win64_true\Test_P1Range_AcceptedInRange.obj
         obj\win64\vulkan_vs2022_debug_win64_true\Test_P1Range_AnchorMovesWithEachHop.obj
         obj\win64\vulkan_vs2022_debug_win64_true\Test_P1Range_RefusedOutOfRange.obj
         obj\win64\vulkan_vs2022_debug_win64_true\Test_P1Save_RobustToCorruption.obj
         obj\win64\vulkan_vs2022_debug_win64_true\Test_P1Save_RoundTripMeta.obj
         obj\win64\vulkan_vs2022_debug_win64_true\Test_P1Save_VersionMismatchFallsBackToDefault.obj
         obj\win64\vulkan_vs2022_debug_win64_true\Test_P1Scent_AccumulatesOnPossession.obj
         obj\win64\vulkan_vs2022_debug_win64_true\Test_P1Scent_DecaysOverTime.obj
         obj\win64\vulkan_vs2022_debug_win64_true\Test_P1Scent_HighestWinsInBlackboard.obj
         obj\win64\vulkan_vs2022_debug_win64_true\Test_P1Scent_NoBumpWhilePossessing.obj
         obj\win64\vulkan_vs2022_debug_win64_true\Test_P1Scent_NotificationToBlackboard.obj
         obj\win64\vulkan_vs2022_debug_win64_true\Test_P1Sprint_DrainsLifeFaster.obj
         obj\win64\vulkan_vs2022_debug_win64_true\Test_P1Sprint_NoDrainWhenNotMoving.obj
         obj\win64\vulkan_vs2022_debug_win64_true\Test_P1Sprint_WinsTieOverWalkQuiet.obj
         obj\win64\vulkan_vs2022_debug_win64_true\Test_P1Switch_BurnOutDoesDie.obj
         obj\win64\vulkan_vs2022_debug_win64_true\Test_P1Switch_FaintNotDie.obj
         obj\win64\vulkan_vs2022_debug_win64_true\Test_P1Tuning_InteractableValuesMatchConfig.obj
         obj\win64\vulkan_vs2022_debug_win64_true\Test_P1Tuning_LoadsAndValuesInBand.obj
         obj\win64\vulkan_vs2022_debug_win64_true\Test_P1Tuning_PriestValuesMatchConfig.obj
         obj\win64\vulkan_vs2022_debug_win64_true\Test_P1Villager_TuningMigration.obj
         obj\win64\vulkan_vs2022_debug_win64_true\Test_P1WalkQuiet_FootstepLoudnessHalved.obj
         obj\win64\vulkan_vs2022_debug_win64_true\Test_P2Archetype_BeggarIgnoredByAelfric.obj
         obj\win64\vulkan_vs2022_debug_win64_true\Test_P2Archetype_ChildCannotCarryTools.obj
         obj\win64\vulkan_vs2022_debug_win64_true\Test_P2Archetype_DevoutChannel.obj
         obj\win64\vulkan_vs2022_debug_win64_true\Test_P2Archetype_DevoutChannelInterrupt.obj
         obj\win64\vulkan_vs2022_debug_win64_true\Test_P2Archetype_TimersMatchSpec.obj
         obj\win64\vulkan_vs2022_debug_win64_true\Test_P2BellSoul_AudibleAcrossMap.obj
         obj\win64\vulkan_vs2022_debug_win64_true\Test_P2BellSoul_PriestHearsTheBell.obj
         obj\win64\vulkan_vs2022_debug_win64_true\Test_P2Fog_AelfricNotRevealed.obj
         obj\win64\vulkan_vs2022_debug_win64_true\Test_P2Fog_LightAddsHole.obj
         obj\win64\vulkan_vs2022_debug_win64_true\Test_P2Fog_MemoryDimsAfter10s.obj
         obj\win64\vulkan_vs2022_debug_win64_true\Test_P2Fog_MemoryFollowsPossessedVillager.obj
         obj\win64\vulkan_vs2022_debug_win64_true\Test_P2Forge_AudibleAt30m.obj
         obj\win64\vulkan_vs2022_debug_win64_true\Test_P2Forge_IronToSkeletonKey.obj
         obj\win64\vulkan_vs2022_debug_win64_true\Test_P2Forge_PriestHearsTheHammer.obj
         obj\win64\vulkan_vs2022_debug_win64_true\Test_P2Forge_WoodToSpike.obj
         obj\win64\vulkan_vs2022_debug_win64_true\Test_P2HUD_AelfricStateInRealScene.obj
         obj\win64\vulkan_vs2022_debug_win64_true\Test_P2HUD_AelfricStateReadouts.obj
         obj\win64\vulkan_vs2022_debug_win64_true\Test_P2HUD_DawnAndScentReadouts.obj
         obj\win64\vulkan_vs2022_debug_win64_true\Test_P2HUD_DetailedReadouts.obj
         obj\win64\vulkan_vs2022_debug_win64_true\Test_P2HUD_TutorialHint.obj
         obj\win64\vulkan_vs2022_debug_win64_true\Test_P2Menu_PauseAndMainMenuShortcuts.obj
         obj\win64\vulkan_vs2022_debug_win64_true\Test_P2Pause_RestartActuallyReloadsScene.obj
         obj\win64\vulkan_vs2022_debug_win64_true\Test_P2Reagent_BellSoulRingsBell.obj
         obj\win64\vulkan_vs2022_debug_win64_true\Test_P2Reagent_BogWaterEvaporates.obj
         obj\win64\vulkan_vs2022_debug_win64_true\Test_P2Reagent_UniquePickupChannel.obj
         obj\win64\vulkan_vs2022_debug_win64_true\Test_P2Villager_ArchetypeStatsApplied.obj
         obj\win64\vulkan_vs2022_debug_win64_true\Test_P3Inventory_ArchetypeCount.obj
         obj\win64\vulkan_vs2022_debug_win64_true\Test_P4Playthrough_LossByDawn.obj
         obj\win64\vulkan_vs2022_debug_win64_true\Test_P4Playthrough_LossByNoVessels.obj
         obj\win64\vulkan_vs2022_debug_win64_true\Test_P4Playthrough_Night1WinGolden.obj
         obj\win64\vulkan_vs2022_debug_win64_true\Test_P4UI_RestartPromptAfterRunOver.obj
         obj\win64\vulkan_vs2022_debug_win64_true\Test_P5Archetype_Telegraphs.obj
         obj\win64\vulkan_vs2022_debug_win64_true\Test_P5HUD_TelegraphFormatters.obj
         obj\win64\vulkan_vs2022_debug_win64_true\Test_P5Particles_BurstsOnGameplayEvents.obj
         obj\win64\vulkan_vs2022_debug_win64_true\Test_P5Scent_PriestPatrolBiasedByScent.obj
         obj\win64\vulkan_vs2022_debug_win64_true\Test_P5Tutorial_FirstEncounters.obj
         obj\win64\vulkan_vs2022_debug_win64_true\Test_PentagramVictory.obj
         obj\win64\vulkan_vs2022_debug_win64_true\Test_PersonalityPlaythrough.obj
         obj\win64\vulkan_vs2022_debug_win64_true\Test_Possession.obj
         obj\win64\vulkan_vs2022_debug_win64_true\Test_PostFogHookFires.obj
         obj\win64\vulkan_vs2022_debug_win64_true\Test_PriestBBBridge.obj
         obj\win64\vulkan_vs2022_debug_win64_true\Test_PriestPursuit.obj
         obj\win64\vulkan_vs2022_debug_win64_true\Test_ProcLevelBootstrap.obj
         obj\win64\vulkan_vs2022_debug_win64_true\Test_ProcLevelScene.obj
         obj\win64\vulkan_vs2022_debug_win64_true\Test_ProcLevel_BSP.obj
         obj\win64\vulkan_vs2022_debug_win64_true\Test_ProcLevel_BuildingWallClosure.obj
         obj\win64\vulkan_vs2022_debug_win64_true\Test_ProcLevel_DeterminismCheck.obj
         obj\win64\vulkan_vs2022_debug_win64_true\Test_ProcLevel_Locks.obj
         obj\win64\vulkan_vs2022_debug_win64_true\Test_PublicInterfaces.obj
         obj\win64\vulkan_vs2022_debug_win64_true\Test_T0AudioBus_EmitsAndRecords.obj
         obj\win64\vulkan_vs2022_debug_win64_true\Test_T0NavMesh_QueryCountIncrements.obj
         obj\win64\vulkan_vs2022_debug_win64_true\Test_T0RenderBus_RecordsDrawCalls.obj
         obj\win64\vulkan_vs2022_debug_win64_true\Test_T0SaveData_TestHooks.obj
         obj\win64\vulkan_vs2022_debug_win64_true\Test_T1NavMesh_BTUnitsCanFollowRealPath.obj
         obj\win64\vulkan_vs2022_debug_win64_true\Test_T1NavMesh_GeneratorPerf.obj
         obj\win64\vulkan_vs2022_debug_win64_true\Test_TelemetryEdgeCases.obj
         obj\win64\vulkan_vs2022_debug_win64_true\Test_TelemetryRoundTrip.obj
         obj\win64\vulkan_vs2022_debug_win64_true\Test_VisualWiring.obj
         devilsplayground_win64.vcxproj -> C:\dev\Zenith\Games\DevilsPlayground\Build\output\win64\vulkan_vs2022_debug_win64_true\devilsplayground.exe
       AppLocalFromInstalled:
         pwsh.exe -ExecutionPolicy Bypass -noprofile -File "C:\dev\vcpkg\scripts\buildsystems\msbuild\applocal.ps1" "C:\dev\Zenith\Games\DevilsPlayground\Build\output\win64\vulkan_vs2022_debug_win64_true\devilsplayground.exe" "C:\dev\vcpkg\installed\x64-windows\debug\bin" "obj\win64\vulkan_vs2022_debug_win64_true\DevilsPlayground.tlog\DevilsPlayground.write.1u.tlog" "obj\win64\vulkan_vs2022_debug_win64_true\vcpkg.applocal.log"
         C:\dev\Zenith\Games\DevilsPlayground\Build\output\win64\vulkan_vs2022_debug_win64_true\assimp-vc143-mtd.dll
         C:\dev\Zenith\Games\DevilsPlayground\Build\output\win64\vulkan_vs2022_debug_win64_true\poly2tri.dll
         C:\dev\Zenith\Games\DevilsPlayground\Build\output\win64\vulkan_vs2022_debug_win64_true\minizip.dll
         C:\dev\Zenith\Games\DevilsPlayground\Build\output\win64\vulkan_vs2022_debug_win64_true\zlibd1.dll
         C:\dev\Zenith\Games\DevilsPlayground\Build\output\win64\vulkan_vs2022_debug_win64_true\kubazip.dll
         C:\dev\Zenith\Games\DevilsPlayground\Build\output\win64\vulkan_vs2022_debug_win64_true\pugixml.dll
       PostBuildEvent:
         xcopy /Y /D "c:/dev/zenith/Middleware/slang/bin\*.dll" "output\win64\vulkan_vs2022_debug_win64_true\"
         
         :VCEnd
         0 File(s) copied
       FinalizeBuildStatus:
         Deleting file "obj\win64\vulkan_vs2022_debug_win64_true\DevilsPlayground.tlog\unsuccessfulbuild".
         Touching "obj\win64\vulkan_vs2022_debug_win64_true\DevilsPlayground.tlog\DevilsPlayground.lastbuildstate".
     2>Done Building Project "C:\dev\Zenith\Games\DevilsPlayground\Build\devilsplayground_win64.vcxproj" (default targets).
     1>Done Building Project "C:\dev\Zenith\Build\zenith_win64.sln" (DevilsPlayground target(s)).

Build succeeded.
    0 Warning(s)
    0 Error(s)

Time Elapsed 00:00:09.04
