[Asset] AssetRegistry: Registered serializable type: ScriptAsset
[Window] Window created
[TaskSystem] Creating 15 worker threads (hardware reports 16 threads)
[Asset] AssetRegistry initialized
[Core] Zenith_Init: Flux::EarlyInitialise...
[Vulkan] Vulkan instance created
[Vulkan] Vulkan surface created
[Vulkan] 2 physical vulkan devices to choose from
[Vulkan] GPU: NVIDIA GeForce RTX 2060
[Vulkan] GPU API version: 1.4.325
[Vulkan] GPU driver version: 2480242688
[Vulkan] Max image dimension 2D: 32768
[Vulkan] Max framebuffer: 32768x32768
[Vulkan] Max memory alloc count: 4294967295
[Vulkan] Max bound descriptor sets: 32
[Vulkan] Memory heaps: 3, Memory types: 6
[Vulkan]   Heap 0: 5955 MB, flags: 1
[Vulkan]   Heap 1: 31540 MB, flags: 0
[Vulkan]   Heap 2: 214 MB, flags: 1
[Vulkan] === Format support check ===
[Vulkan]   RGBA8_UNORM (MRT diffuse/material): optimal=YES linear=0x1dc03 optimal=0x1dd83 buffer=0x20000058
[Vulkan]   RGBA16F (MRT normals): optimal=YES linear=0x1dc07 optimal=0x1dd87 buffer=0x20000078
[Vulkan]   RGBA16_UNORM (final RT): optimal=YES linear=0x1dc03 optimal=0x1dd83 buffer=0x20000058
[Vulkan]   D32F (depth): optimal=YES linear=0x1d401 optimal=0x1de03 buffer=0x0
[Vulkan]   BGRA8_SRGB (swapchain): optimal=YES linear=0x1dc01 optimal=0x1dd81 buffer=0x8
[Vulkan]   RGBA8_SRGB (swapchain fallback): optimal=YES linear=0x1dc01 optimal=0x1dd81 buffer=0x8
[Vulkan] === End format support check ===
[Vulkan] Vulkan queue families created
[Vulkan] Vulkan device created
[Vulkan] Vulkan command pools created
[Vulkan] Vulkan default descriptor pool created
[Vulkan] Vulkan bindless textures descriptor pool created
[Vulkan] Vulkan memory manager initialised
[Core] Zenith_Init: Physics::Initialise...
[ECS] [ComponentMetaRegistry] Finalized with 13 component types:
[ECS]   [0] Transform
[ECS]   [10] Model
[ECS]   [12] Tween
[ECS]   [15] Animator
[ECS]   [20] Camera
[ECS]   [25] Light
[ECS]   [40] Terrain
[ECS]   [50] Collider
[ECS]   [60] Script
[ECS]   [70] UI
[ECS]   [80] InstancedMesh
[ECS]   [85] ParticleEmitter
[ECS]   [90] AIAgent
[Core] Zenith_Init: scene system bootstrap...
[Scene] Scene system initialised with persistent scene (handle=0)
[Asset] Material default textures initialized
[Asset] AssetRegistry GPU-dependent assets initialized
[Core] Zenith_Init: Flux::LateInitialise...
[Vulkan] Swapchain: 1280x720, format=50, images=2, present=2
[Vulkan] Swapchain surface capabilities: minImages=2, maxImages=8, minExtent=1280x720, maxExtent=1280x720
[Vulkan] Vulkan swapchain initialised
[Renderer] Flux_Graphics Initialised
[Renderer] Flux_HDR Initialised
[Renderer] DIAG: Colour Attachment 'Skybox Transmittance LUT' VkImage=0x2136bc91270 VRAM=21 256x64 mips=1
[Renderer] Flux_Skybox initialised
[Renderer] DIAG: Colour Attachment 'IBL BRDF LUT' VkImage=0x2136be385a0 VRAM=26 512x512 mips=1
[Renderer] DIAG: Cubemap Attachment 'IBL Irradiance Map' VkImage=0x2136be37360 VRAM=27 32x32 mips=1 layers=6
[Renderer] DIAG: Cubemap Attachment 'IBL Prefiltered Map' VkImage=0x2136bc25cc0 VRAM=28 128x128 mips=7 layers=6
[Renderer] Flux_IBL Initialised
[Mesh] Flux_StaticMeshes initialised
[Animation] Flux_AnimatedMeshes initialised
[Mesh] Flux_InstancedMeshes initialised (GPU culling enabled)
[Terrain] Flux_TerrainStreamingManagerImpl::Initialize()
[Terrain] Flux_TerrainStreamingManager initialized
[Terrain] Flux_Terrain initialised
[Renderer] Flux_Grass Initialised
[Renderer] Flux_Primitives initialised
[Renderer] Flux_HiZ initialised
[Renderer] Flux_SSR initialised
[Renderer] Flux_SSGI initialised
[Renderer] Flux_DynamicLights initialised (clustered-deferred gather front-end, max 256 lights)
[Renderer] Flux_LightClustering initialised (16x9x24 clusters, 64 max lights/cluster)
[Renderer] Flux_DeferredShading initialised
[Renderer] Flux_Decals initialised (deferred screen-space box, max 64 decals)
[Renderer] Flux_SSAO initialised
[Renderer] Generated 3D noise texture (64x64x64)
[Renderer] Generated blue noise texture (64x64)
[Renderer] Flux_VolumeFog initialised
[Renderer] Flux_GodRaysFog initialised
[Renderer] Flux_RaymarchFog initialised
[Renderer] Flux_FroxelFog initialised (160x90x64 grid)
[Renderer] Flux_Fog initialised (4 spatial-only techniques: Simple, Froxel, Raymarch, GodRays)
[Renderer] Flux_SDFs initialised
[Particles] Flux_Particles initialised (max 4096 particles)
[Renderer] Flux_Quads initialised
[Asset] Loaded font: c:/dev/zenith/Zenith/Assets/Fonts/LiberationMono.zfont (95 glyphs, atlas 512x512, em=48.0px, range=4.0px)
[Text] Flux_Text initialised
[UnitTest] Unit tests skipped by --skip-unit-tests
[Scene] Registered scene build index 0 -> c:/dev/zenith/Games/CityBuilder/Assets/Scenes/City.zscen
[Terrain] Flux_TerrainImpl::Reset()
[Text] Flux_TextImpl::Reset() - Cleared pending text entries
[Particles] Flux_ParticlesImpl::Reset()
[Renderer] Flux_SkyboxImpl::Reset()
[Renderer] Flux_GodRaysFogImpl::Reset()
[Renderer] Flux_RaymarchFogImpl::Reset()
[Renderer] Flux_FroxelFogImpl::Reset()
[Renderer] Flux_FogImpl::Reset() - Reset all fog systems
[Asset] AssetRegistry: Loaded serializable asset 'ScriptAsset' from: c:/dev/zenith/Games/CityBuilder/Assets/Scripts/CB_CityCamera_Behaviour.zscript
[Asset] AssetRegistry: Loaded serializable asset 'ScriptAsset' from: c:/dev/zenith/Games/CityBuilder/Assets/Scripts/CB_CityManager_Behaviour.zscript
[Asset] AssetRegistry: Loaded serializable asset 'ScriptAsset' from: c:/dev/zenith/Games/CityBuilder/Assets/Scripts/CB_DayNightCycle_Behaviour.zscript
[UI] [UIComponent] Created for entity 0
[Gameplay] [CityBuilder] CityManager started (grid 1024x1024)
[Renderer] Flux_IBL: First generation - processing all passes this frame
[Renderer] RenderGraph: Transient aliasing packed 30 transients into 19 pools; 157112 KiB pooled vs 187402 KiB standalone (30290 KiB saved, 16.2%)
[Renderer] DIAG: Aliased Colour Attachment 'Transient (aliased)' VkImage=0x1d29dbcbc80 VRAM=93 1280x720 mips=1
[Renderer] DIAG: Aliased Colour Attachment 'Transient (aliased)' VkImage=0x1d29dbcd3c0 VRAM=94 1280x720 mips=1
[Renderer] DIAG: Aliased Colour Attachment 'Transient (aliased)' VkImage=0x1d29dbcdf60 VRAM=95 1280x720 mips=1
[Renderer] DIAG: Aliased DepthStencil Attachment 'Transient DS (aliased)' VkImage=0x1d29d2d21d0 VRAM=96 1280x720
[Renderer] DIAG: Aliased Colour Attachment 'Transient (aliased)' VkImage=0x1d29d2d5050 VRAM=97 1280x720 mips=1
[Renderer] DIAG: Aliased Colour Attachment 'Transient (aliased)' VkImage=0x1d29d2d61c0 VRAM=98 1280x720 mips=1
[Renderer] DIAG: Aliased DepthStencil Attachment 'Transient DS (aliased)' VkImage=0x1d29d2d3340 VRAM=99 2048x2048
[Renderer] DIAG: Aliased DepthStencil Attachment 'Transient DS (aliased)' VkImage=0x1d29d2d5620 VRAM=100 2048x2048
[Renderer] DIAG: Aliased DepthStencil Attachment 'Transient DS (aliased)' VkImage=0x1d29d2d27a0 VRAM=101 2048x2048
[Renderer] DIAG: Aliased DepthStencil Attachment 'Transient DS (aliased)' VkImage=0x1d29d2d6790 VRAM=102 2048x2048
[Renderer] DIAG: Aliased Colour Attachment 'Transient (aliased)' VkImage=0x1d29d2d4a80 VRAM=103 1280x720 mips=1
[Renderer] DIAG: Aliased Colour Attachment 'Transient (aliased)' VkImage=0x1d29d2d3ee0 VRAM=104 1280x720 mips=11
[Renderer] DIAG: Aliased Colour Attachment 'Transient (aliased)' VkImage=0x1d29d2d3910 VRAM=105 640x360 mips=1
[Renderer] DIAG: Aliased Colour Attachment 'Transient (aliased)' VkImage=0x1d29d2d5bf0 VRAM=106 640x360 mips=1
[Renderer] DIAG: Aliased Colour Attachment 'Transient (aliased)' VkImage=0x1d29d2d44b0 VRAM=107 1280x720 mips=1
[Renderer] DIAG: Aliased Colour Attachment 'Transient (aliased)' VkImage=0x1d29d2d2d70 VRAM=108 1280x720 mips=1
[Renderer] DIAG: Aliased Colour Attachment 'Transient (aliased)' VkImage=0x1d29d2d6d60 VRAM=109 1280x720 mips=1
[Renderer] DIAG: Aliased Colour Attachment 'Transient (aliased)' VkImage=0x1d29d2d8a70 VRAM=110 1280x720 mips=1
[Renderer] DIAG: Aliased Colour Attachment 'Transient (aliased)' VkImage=0x1d29d2d9610 VRAM=111 1280x720 mips=1
[Renderer] DIAG: Aliased Colour Attachment 'Transient (aliased)' VkImage=0x1d29d2d7330 VRAM=112 320x180 mips=1
[Renderer] DIAG: Aliased Colour Attachment 'Transient (aliased)' VkImage=0x1d29d2d7900 VRAM=113 1280x720 mips=1
[Renderer] DIAG: Aliased Colour Attachment 'Transient (aliased)' VkImage=0x1d29d2d9040 VRAM=114 1280x720 mips=1
[Renderer] DIAG: Aliased Colour Attachment 'Transient (aliased)' VkImage=0x1d29d2d7ed0 VRAM=115 1280x720 mips=1
[Renderer] DIAG: Aliased Colour Attachment 'Transient (aliased)' VkImage=0x1d29d2d84a0 VRAM=116 640x360 mips=1
[Renderer] DIAG: Aliased Colour Attachment 'Transient (aliased)' VkImage=0x2136c3c26c0 VRAM=117 640x360 mips=1
[Renderer] DIAG: Colour Attachment 'Transient' VkImage=0x2136c3c49a0 VRAM=118 160x90 mips=1
[Renderer] DIAG: Colour Attachment 'Transient' VkImage=0x2136c3c3260 VRAM=119 160x90 mips=1
[Renderer] DIAG: Colour Attachment 'Transient' VkImage=0x2136c3c5b10 VRAM=120 160x90 mips=1
[Renderer] DIAG: Aliased Colour Attachment 'Transient (aliased)' VkImage=0x2136c3c3e00 VRAM=121 640x360 mips=1
[Renderer] DIAG: Aliased Colour Attachment 'Transient (aliased)' VkImage=0x2136c3c20f0 VRAM=122 320x180 mips=1
[Renderer] DIAG: Aliased Colour Attachment 'Transient (aliased)' VkImage=0x2136c3c43d0 VRAM=123 160x90 mips=1
[Renderer] DIAG: Aliased Colour Attachment 'Transient (aliased)' VkImage=0x2136c3c60e0 VRAM=124 80x45 mips=1
[Renderer] DIAG: Aliased Colour Attachment 'Transient (aliased)' VkImage=0x2136c3c4f70 VRAM=125 40x22 mips=1
[Renderer] Flux_IBL: All IBL textures ready
[Gameplay] [CB_Telemetry] 247 events | tools=9 roads=26 zones=84 services=3 grew=64 bulldoze=17 pause=2 milestones=3 snapshots=35 saved=1 loaded=1 | peakPop=512 peakBuildings=67 finalTreasury=153756
[Gameplay] [CB_HumanSession] telemetry written: C:\Users\tomos\AppData\Local\Temp/cb_humansession_telemetry.json (+ .ztlm / .frames.csv / .events.csv)
[Gameplay] [CB_HumanSession] roadsBuilt=26 pop=512 buildings=67 power=200 | toolSel=1 picker=1 pause=1 camYawDelta=-0.450 camMove=44.9 bulldoze=1(26->18) saveLoad=1
[Gameplay] [CB_HumanSession] CHECKPOINT REACHED: founded a working town of 512 residents.
[AutomatedTest] CB_HumanSession: PASSED (215 frames, 4035.2 ms)
[Core] Beginning shutdown sequence...
[Vulkan] GPU idle wait completed
[Asset] Material default textures shut down (handles cleared via ReleaseDefaults)
[Asset] AssetRegistry shutdown
[Text] Flux_Text shut down
[Renderer] Flux_Quads shut down
[Particles] Flux_ParticleGPU shut down
[Particles] Flux_Particles shut down
[Renderer] Flux_SDFs shut down
[Renderer] Flux_SSAO shut down
[Renderer] Flux_Decals shut down
[Renderer] Flux_LightClustering shut down
[Renderer] Flux_DynamicLights shut down
[Renderer] Flux_SSGI shut down
[Renderer] Flux_SSR shut down
[Renderer] Flux_HiZ shut down
[Renderer] Flux_Primitives shut down
[Renderer] Flux_Grass shut down
[Terrain] Flux_TerrainStreamingManagerImpl::Shutdown()
[Terrain] Flux_Terrain shut down
[Mesh] Flux_InstancedMeshes: Cleared all instance groups
[Mesh] Flux_InstancedMeshes shutdown
[Renderer] Flux_IBL shut down
[Renderer] Flux_Skybox shut down
[Renderer] Flux_HDR shut down
[Renderer] Flux_Graphics shutting down...
[Renderer] Flux_Graphics shut down
[Vulkan] Vulkan swapchain shut down
[Vulkan] Vulkan memory manager shut down
[Renderer] Flux shut down
[TaskSystem] Shutting down task system...
[TaskSystem] Task system shutdown complete
[Core] Shutdown complete
