
  Zenith_AIDebugVariables.cpp
  Zenith_MemoryManagement.cpp
  Zenith_Core.cpp
  Zenith_Engine.cpp
  Zenith_GraphicsOptions.cpp
  Zenith_DebugVariables.cpp
  Zenith_TerrainComponent.cpp
  Flux_AnimatedMeshes.cpp
  Flux_Decals.cpp
  Flux_DeferredShading.cpp
  Flux.cpp
  Flux_Graphics.cpp
  Flux_Fog.cpp
  Flux_FroxelFog.cpp
  Flux_GodRaysFog.cpp
  Flux_RaymarchFog.cpp
  Flux_VolumeFog.cpp
  Flux_Gizmos.cpp
  Flux_HDR.cpp
  Flux_HiZ.cpp
  Flux_IBL.cpp
  Flux_InstancedMeshes.cpp
  Flux_ParticleGPU.cpp
  Flux_Particles.cpp
  Flux_Primitives.cpp
  Flux_Quads.cpp
  Flux_SDFs.cpp
  Flux_SSAO.cpp
  Flux_SSGI.cpp
  Flux_SSR.cpp
  Flux_Shadows.cpp
  Flux_Skybox.cpp
  Flux_StaticMeshes.cpp
  Flux_Terrain.cpp
  Flux_TerrainStreamingManager.cpp
  Flux_Text.cpp
  Flux_Grass.cpp
  Zenith_Profiling.cpp
  Zenith_TaskSystemImpl.cpp
  Zenith_Vulkan.cpp
  Zenith_Vulkan_MemoryManager.cpp
  Zenith_Vulkan_Swapchain.cpp
  zenith_win64.vcxproj -> C:\tmp\Zenith-engine-refactor\build\output\win64\vs2022_debug_win64_true\zenith.lib
  rendertest_win64.vcxproj -> C:\tmp\Zenith-engine-refactor\Games\RenderTest\build\output\win64\vs2022_debug_win64_true\rendertest.exe
  File not found - *.dll
  0 File(s) copied
