
  Zenith.cpp
  imgui_impl_glfw.cpp
  imgui_impl_vulkan.cpp
  imgui_impl_win32.cpp
  imgui.cpp
  imgui_demo.cpp
  imgui_draw.cpp
  imgui_tables.cpp
  imgui_widgets.cpp
  AABBTreeBuilder.cpp
  Color.cpp
  Factory.cpp
  IssueReporting.cpp
  JobSystemSingleThreaded.cpp
  JobSystemThreadPool.cpp
  JobSystemWithBarrier.cpp
  LinearCurve.cpp
  Memory.cpp
  Profiler.cpp
  RTTI.cpp
  Semaphore.cpp
  StringTools.cpp
  TickCounter.cpp
  ConvexHullBuilder.cpp
  ConvexHullBuilder2D.cpp
  Indexify.cpp
  OrientedBox.cpp
  Vec3.cpp
  ObjectStream.cpp
  ObjectStreamBinaryIn.cpp
  ObjectStreamBinaryOut.cpp
  ObjectStreamIn.cpp
  ObjectStreamOut.cpp
  ObjectStreamTextIn.cpp
  ObjectStreamTextOut.cpp
  SerializableObject.cpp
  TypeDeclarations.cpp
  Body.cpp
  BodyCreationSettings.cpp
  BodyInterface.cpp
  BodyManager.cpp
  MassProperties.cpp
  MotionProperties.cpp
  Character.cpp
  CharacterBase.cpp
  CharacterVirtual.cpp
  BroadPhase.cpp
  BroadPhaseBruteForce.cpp
  BroadPhaseQuadTree.cpp
  QuadTree.cpp
  CastConvexVsTriangles.cpp
  CastSphereVsTriangles.cpp
  CollideConvexVsTriangles.cpp
  CollideSphereVsTriangles.cpp
  CollisionDispatch.cpp
  CollisionGroup.cpp
  EstimateCollisionResponse.cpp
  GroupFilter.cpp
  GroupFilterTable.cpp
  ManifoldBetweenTwoFaces.cpp
  NarrowPhaseQuery.cpp
  NarrowPhaseStats.cpp
  PhysicsMaterial.cpp
  PhysicsMaterialSimple.cpp
  BoxShape.cpp
  CapsuleShape.cpp
  CompoundShape.cpp
  ConvexHullShape.cpp
  ConvexShape.cpp
  CylinderShape.cpp
  DecoratedShape.cpp
  EmptyShape.cpp
  HeightFieldShape.cpp
  MeshShape.cpp
  MutableCompoundShape.cpp
  OffsetCenterOfMassShape.cpp
  PlaneShape.cpp
  RotatedTranslatedShape.cpp
  ScaledShape.cpp
  Shape.cpp
  SphereShape.cpp
  StaticCompoundShape.cpp
  TaperedCapsuleShape.cpp
  TaperedCylinderShape.cpp
  TriangleShape.cpp
  TransformedShape.cpp
  ConeConstraint.cpp
  Constraint.cpp
  ConstraintManager.cpp
  ContactConstraintManager.cpp
  DistanceConstraint.cpp
  FixedConstraint.cpp
  GearConstraint.cpp
  HingeConstraint.cpp
  MotorSettings.cpp
  PathConstraint.cpp
  PathConstraintPath.cpp
  PathConstraintPathHermite.cpp
  PointConstraint.cpp
  PulleyConstraint.cpp
  RackAndPinionConstraint.cpp
  SixDOFConstraint.cpp
  SliderConstraint.cpp
  SpringSettings.cpp
  SwingTwistConstraint.cpp
  TwoBodyConstraint.cpp
  DeterminismLog.cpp
  IslandBuilder.cpp
  LargeIslandSplitter.cpp
  PhysicsScene.cpp
  PhysicsSystem.cpp
  PhysicsUpdateContext.cpp
  Ragdoll.cpp
  SoftBodyCreationSettings.cpp
  SoftBodyMotionProperties.cpp
  SoftBodyShape.cpp
  SoftBodySharedSettings.cpp
  StateRecorderImpl.cpp
  MotorcycleController.cpp
  TrackedVehicleController.cpp
  VehicleAntiRollBar.cpp
  VehicleCollisionTester.cpp
  VehicleConstraint.cpp
  VehicleController.cpp
  VehicleDifferential.cpp
  VehicleEngine.cpp
  VehicleTrack.cpp
  VehicleTransmission.cpp
  Wheel.cpp
  WheeledVehicleController.cpp
  RegisterTypes.cpp
  DebugRenderer.cpp
  DebugRendererPlayback.cpp
  DebugRendererRecorder.cpp
  DebugRendererSimple.cpp
  SkeletalAnimation.cpp
  Skeleton.cpp
  SkeletonMapper.cpp
  SkeletonPose.cpp
  TriangleSplitter.cpp
  TriangleSplitterBinning.cpp
  TriangleSplitterMean.cpp
  Zenith_Tools_AssimpConvert.cpp
  Zenith_Tools_FontExport.cpp
  Zenith_Tools_GltfExport.cpp
  Zenith_Tools_MeshExport.cpp
  Zenith_Tools_TerrainExport.cpp
  Zenith_Tools_TestAssetExport.cpp
  Zenith_Tools_TextureExport.cpp
  Zenith_BehaviorTree.cpp
  Zenith_Blackboard.cpp
  Zenith_BTActions.cpp
  Zenith_BTComposites.cpp
  Zenith_BTConditions.cpp
  Zenith_BTDecorators.cpp
  Zenith_BTNode.cpp
  Zenith_AIAgentComponent.cpp
  Zenith_NavMesh.cpp
  Zenith_NavMeshAgent.cpp
  Zenith_NavMeshGenerator.cpp
  Zenith_Pathfinding.cpp
  Zenith_PerceptionSystem.cpp
  Zenith_Formation.cpp
  Zenith_Squad.cpp
  Zenith_TacticalPoint.cpp
  Zenith_AIDebugVariables.cpp
  Zenith_AnimationAsset.cpp
  Zenith_Asset.cpp
  Zenith_AssetHandle.cpp
  Zenith_AssetRegistry.cpp
  Zenith_AsyncAssetLoader.cpp
  Zenith_FileWatcher.cpp
  Zenith_MaterialAsset.cpp
  Zenith_MeshAsset.cpp
  Zenith_MeshGeometryAsset.cpp
  Zenith_ModelAsset.cpp
  Zenith_ScriptAsset.cpp
  Zenith_SkeletonAsset.cpp
  Zenith_TextureAsset.cpp
  Zenith_Callstack.cpp
  Zenith_MemoryBudgets.cpp
  Zenith_MemoryManagement.cpp
  Zenith_MemoryTracker.cpp
  Zenith_Multithreading.cpp
  Zenith_MultithreadingImpl.cpp
  Zenith_AudioBus.cpp
  Zenith_AutomatedTest.cpp
  Zenith_CommandLine.cpp
  Zenith_Core.cpp
  Zenith_Engine.cpp
  Zenith_GraphicsOptions.cpp
  Zenith_Main.cpp
  Zenith_String.cpp
  Zenith_TestFramework.cpp
  Zenith_Tween.cpp
  Zenith_DataStream.cpp
  Zenith_DebugVariables.cpp
  Zenith_EditorPanel_Console.cpp
  Zenith_EditorPanel_ContentBrowser.cpp
  Zenith_EditorPanel_Hierarchy.cpp
  Zenith_EditorPanel_MaterialEditor.cpp
  Zenith_EditorPanel_Memory.cpp
  Zenith_EditorPanel_Properties.cpp
  Zenith_EditorPanel_RenderGraph.cpp
  Zenith_EditorPanel_Toolbar.cpp
  Zenith_EditorPanel_VariantEditor.cpp
  Zenith_EditorPanel_Viewport.cpp
  Zenith_Editor.cpp
  Zenith_EditorAutomation.cpp
  Zenith_EditorCamera.cpp
  Zenith_Editor_MaterialUI.cpp
  Zenith_Editor_Menu.cpp
  Zenith_Gizmo.cpp
  Zenith_SelectionSystem.cpp
  Zenith_UndoSystem.cpp
  Zenith_AnimatorComponent.cpp
  Zenith_CameraComponent.cpp
  Zenith_ColliderComponent.cpp
  Zenith_InstancedMeshComponent.cpp
  Zenith_LightComponent.cpp
  Zenith_ModelComponent.cpp
  Zenith_ModelComponent_Editor.cpp
  Zenith_ParticleEmitterComponent.cpp
  Zenith_ScriptComponent.cpp
  Zenith_TerrainComponent.cpp
  Zenith_TerrainComponent_Editor.cpp
  Zenith_TransformComponent.cpp
  Zenith_TweenComponent.cpp
  Zenith_UIComponent.cpp
  Zenith_SceneCallbackBus.cpp
  Zenith_SceneEntityOwnership.cpp
  Zenith_SceneLifecycleScheduler.cpp
  Zenith_SceneOperationQueue.cpp
  Zenith_SceneRegistry.cpp
  Zenith_ComponentMeta.cpp
  Zenith_ComponentRegistry.cpp
  Zenith_Entity.cpp
  Zenith_EventSystem.cpp
  Zenith_Scene.cpp
  Zenith_SceneData.cpp
  Zenith_SceneData_Serialization.cpp
  Zenith_SceneManager.cpp
  Zenith_SceneOperation.cpp
  Zenith_FileAccess.cpp
  Flux_AnimatedMeshes.cpp
  Flux_BackendConformance.cpp
  Flux_Decals.cpp
  Flux_DeferredShading.cpp
  Flux_DynamicLights.cpp
  Flux_LightClustering.cpp
  Flux.cpp
  Flux_Buffers.cpp
  Flux_CommandList.cpp
  Flux_Graphics.cpp
  Flux_ModelInstance.cpp
  Flux_PerFrame.cpp
  Flux_RenderTargets.cpp
  Flux_Types.cpp
  Flux_Fog.cpp
  Flux_FroxelFog.cpp
  Flux_GodRaysFog.cpp
  Flux_RaymarchFog.cpp
  Flux_VolumeFog.cpp
  Flux_Gizmos.cpp
  Flux_HDR.cpp
  Flux_HiZ.cpp
  Flux_IBL.cpp
  Flux_AnimationTexture.cpp
  Flux_InstancedMeshes.cpp
  Flux_InstanceGroup.cpp
  Flux_AnimationClip.cpp
  Flux_AnimationController.cpp
  Flux_AnimationLayer.cpp
  Flux_AnimationStateMachine.cpp
  Flux_BlendTree.cpp
  Flux_BonePose.cpp
  Flux_InverseKinematics.cpp
  Flux_MeshAnimation.cpp
  Flux_SkeletonInstance.cpp
  Flux_MeshGeometry.cpp
  Flux_MeshInstance.cpp
  Flux_ParticleEmitterConfig.cpp
  Flux_ParticleGPU.cpp
  Flux_Particles.cpp
  Flux_Primitives.cpp
  Flux_Quads.cpp
  Flux_RenderGraph.cpp
  Flux_RenderGraph_Compilation.cpp
  Flux_RenderGraph_Execution.cpp
  Flux_SDFs.cpp
  Flux_Shadows.cpp
  Flux_Skybox.cpp
  Flux_CodeGenerator.cpp
  Flux_ShaderBinder.cpp
  Flux_ShaderHotReload.cpp
  Flux_ShaderRegistry.cpp
  Flux_SlangCompiler.cpp
  Flux_SSAO.cpp
  Flux_SSGI.cpp
  Flux_SSR.cpp
  Flux_StaticMeshes.cpp
  Flux_Terrain.cpp
  Flux_TerrainStreamingManager.cpp
  Flux_Text.cpp
  Flux_Grass.cpp
  Zenith_GameRenderHook.cpp
  Zenith_RenderBus.cpp
  Zenith_Input.cpp
  Zenith_InputSimulator.cpp
  Zenith_TouchInput.cpp
  Zenith_Maths.cpp
  Zenith_Physics.cpp
  Zenith_PhysicsMeshGenerator.cpp
  Zenith_Prefab.cpp
  Zenith_Profiling.cpp
  Zenith_SaveData.cpp
  Zenith_TaskSystem.cpp
  Zenith_TaskSystemImpl.cpp
  Zenith_Telemetry.cpp
  Zenith_UIButton.cpp
  Zenith_UICanvas.cpp
  Zenith_UIElement.cpp
  Zenith_UIImage.cpp
  Zenith_UILayoutGroup.cpp
  Zenith_UIOverlay.cpp
  Zenith_UIRect.cpp
  Zenith_UIScrollView.cpp
  Zenith_UIStyleRenderer.cpp
  Zenith_UIText.cpp
  Zenith_UIToggle.cpp
  Zenith_AssertCapture.cpp
  Zenith_EditorTestFixture.cpp
  Zenith_Vulkan.cpp
  Zenith_Vulkan_Buffer.cpp
  Zenith_Vulkan_CommandBuffer.cpp
  Zenith_Vulkan_ComputePipelineBuilder.cpp
  Zenith_Vulkan_ImGuiIntegration.cpp
  Zenith_Vulkan_MemoryManager.cpp
  Zenith_Vulkan_Pipeline.cpp
  Zenith_Vulkan_Shader.cpp
  Zenith_Vulkan_Swapchain.cpp
  Zenith_Vulkan_Texture.cpp
  Zenith_Windows_Callstack.cpp
  Zenith_Windows_FileAccess.cpp
  Zenith_Windows_Multithreading.cpp
  Zenith_Windows_Vulkan.cpp
  Zenith_Windows_DebugBreak.cpp
  Zenith_Windows_FileWatcher.cpp
  Zenith_Windows_Main.cpp
  Zenith_Windows_Window.cpp
  zenith_win64.vcxproj -> C:\tmp\Zenith-engine-refactor\build\output\win64\vs2022_debug_win64_true\zenith.lib
  RenderTest.cpp
  EngineBootShutdownSmoke.cpp
  rendertest_win64.vcxproj -> C:\tmp\Zenith-engine-refactor\Games\RenderTest\build\output\win64\vs2022_debug_win64_true\rendertest.exe
  File not found - *.dll
  0 File(s) copied
