
  Zenith_BTActions.cpp
  Zenith_BTConditions.cpp
  Zenith_BehaviorTree.cpp
  Zenith_AIAgentComponent.cpp
  Zenith_NavMeshAgent.cpp
  Zenith_NavMeshGenerator.cpp
  Zenith_PerceptionSystem.cpp
  Zenith_Squad.cpp
  Zenith_TacticalPoint.cpp
  Zenith_ScriptAsset.cpp
  Zenith_AutomatedTest.cpp
  Zenith_Core.cpp
  Zenith_Engine.cpp
  Zenith_Main.cpp
  Zenith_TestFramework.cpp
  Zenith_EditorPanel_ContentBrowser.cpp
  Zenith_EditorPanel_Hierarchy.cpp
  Zenith_EditorPanel_Properties.cpp
  Zenith_EditorPanel_Toolbar.cpp
  Zenith_Editor.cpp
  Zenith_EditorAutomation.cpp
  Zenith_EditorCamera.cpp
  Zenith_Editor_Menu.cpp
  Zenith_Gizmo.cpp
  Zenith_SelectionSystem.cpp
  Zenith_UndoSystem.cpp
  Zenith_AnimatorComponent.cpp
  Zenith_CameraComponent.cpp
  Zenith_ColliderComponent.cpp
  Zenith_LightComponent.cpp
  Zenith_ModelComponent.cpp
  Zenith_ParticleEmitterComponent.cpp
  Zenith_ScriptComponent.cpp
  Zenith_TerrainComponent.cpp
  Zenith_TransformComponent.cpp
  Zenith_TweenComponent.cpp
  Zenith_UIComponent.cpp
  Zenith_SceneCallbackBus.cpp
  Zenith_SceneEntityOwnership.cpp
  Zenith_SceneLifecycleScheduler.cpp
  Zenith_SceneOperationQueue.cpp
  Zenith_SceneRegistry.cpp
  Zenith_ComponentMeta.cpp
  Zenith_Entity.cpp
  Zenith_Scene.cpp
  Zenith_SceneData.cpp
  Zenith_SceneData_Serialization.cpp
  Zenith_SceneManager.cpp
  Zenith_SceneOperation.cpp
  Flux_AnimatedMeshes.cpp
  Flux_DynamicLights.cpp
  Flux_Graphics.cpp
  Flux_Gizmos.cpp
  Flux_InstancedMeshes.cpp
  Flux_Particles.cpp
  Flux_StaticMeshes.cpp
  Flux_Terrain.cpp
  Zenith_Physics.cpp
  Zenith_PhysicsMeshGenerator.cpp
  Zenith_Prefab.cpp
  Zenith_EditorTestFixture.cpp
  zenith_win64.vcxproj -> C:\tmp\Zenith-engine-refactor\build\output\win64\vs2022_debug_win64_true\zenith.lib
  RenderTest.cpp
  EngineBootShutdownSmoke.cpp
  rendertest_win64.vcxproj -> C:\tmp\Zenith-engine-refactor\Games\RenderTest\build\output\win64\vs2022_debug_win64_true\rendertest.exe
  File not found - *.dll
  0 File(s) copied
