C:\Program Files\Microsoft Visual Studio\2022\Community\MSBuild\Microsoft\VC\v170\Microsoft.CppBuild.targets(531,5): warning MSB8028: The intermediate directory (obj\win64\vs2022_release_win64_true\) contains files shared from another project (ZenithTools.vcxproj).  This can lead to incorrect clean and rebuild behavior.
C:\Program Files\Microsoft Visual Studio\2022\Community\MSBuild\Microsoft\VC\v170\Microsoft.CppBuild.targets(531,5): warning MSB8028: The intermediate directory (obj\win64\vs2022_release_win64_true\) contains files shared from another project (SuperSecret.vcxproj).  This can lead to incorrect clean and rebuild behavior.
  SuperSecret_State_InGame.cpp
C:\dev\Zenith\zenith\FileAccess\Zenith_FileAccess.h(34,18): warning C4996: 'fopen': This function or variable may be unsafe. Consider using fopen_s instead. To disable deprecation, use _CRT_SECURE_NO_WARNINGS. See online help for details.
  (compiling source file '/SuperSecret_State_InGame.cpp')
  
C:\dev\Zenith\zenith\DataStream\Zenith_DataStream.h(130,35): warning C4267: 'initializing': conversion from 'size_t' to 'u_int', possible loss of data
  (compiling source file '/SuperSecret_State_InGame.cpp')
  
C:\dev\Zenith\zenith\DataStream\Zenith_DataStream.h(130,23): warning C4267: 'initializing': conversion from 'size_t' to 'const u_int', possible loss of data
  (compiling source file '/SuperSecret_State_InGame.cpp')
  
C:\dev\Zenith\zenith\vulkan\Zenith_Vulkan_Pipeline.h(57,31): warning C4245: 'initializing': conversion from 'int' to 'u_int', signed/unsigned mismatch
  (compiling source file '/SuperSecret_State_InGame.cpp')
  
C:\dev\Zenith\zenith\StateMachine\Zenith_StateMachine.h(36,4): warning C5205: delete of an abstract class 'Zenith_State' that has a non-virtual destructor results in undefined behavior
  (compiling source file '/SuperSecret_State_InGame.cpp')
      C:\dev\Zenith\zenith\StateMachine\Zenith_StateMachine.h(5,7):
      see declaration of 'Zenith_State'
  
C:\dev\Zenith\zenith\EntityComponent\Zenith_Entity.h(55,38): warning C4245: 'initializing': conversion from 'int' to 'Zenith_EntityID', signed/unsigned mismatch
  (compiling source file '/SuperSecret_State_InGame.cpp')
  
C:\dev\Zenith\middleware\reactphysics3d-0.10.1\include\reactphysics3d\containers\Map.h(56,49): warning C4245: 'initializing': conversion from 'int' to 'const reactphysics3d::uint64', signed/unsigned mismatch
  (compiling source file '/SuperSecret_State_InGame.cpp')
      C:\dev\Zenith\middleware\reactphysics3d-0.10.1\include\reactphysics3d\containers\Map.h(56,49):
      the template instantiation context (the oldest one first) is
          C:\dev\Zenith\middleware\reactphysics3d-0.10.1\include\reactphysics3d\components\Components.h(76,29):
          see reference to class template instantiation 'reactphysics3d::Map<reactphysics3d::Entity,reactphysics3d::uint32,std::hash<reactphysics3d::Entity>,std::equal_to<K>>' being compiled
          with
          [
              K=reactphysics3d::Entity
          ]
  
C:\dev\Zenith\middleware\reactphysics3d-0.10.1\include\reactphysics3d\engine\OverlappingPairs.h(248,124): warning C4244: 'initializing': conversion from 'float' to 'size_t', possible loss of data
  (compiling source file '/SuperSecret_State_InGame.cpp')
  
C:\dev\Zenith\middleware\reactphysics3d-0.10.1\include\reactphysics3d\engine\OverlappingPairs.h(248,54): warning C4244: 'initializing': conversion from 'float' to 'const size_t', possible loss of data
  (compiling source file '/SuperSecret_State_InGame.cpp')
  
C:\dev\Zenith\middleware\reactphysics3d-0.10.1\include\reactphysics3d\engine\OverlappingPairs.h(279,128): warning C4244: 'initializing': conversion from 'float' to 'size_t', possible loss of data
  (compiling source file '/SuperSecret_State_InGame.cpp')
  
C:\dev\Zenith\middleware\reactphysics3d-0.10.1\include\reactphysics3d\engine\OverlappingPairs.h(279,58): warning C4244: 'initializing': conversion from 'float' to 'const size_t', possible loss of data
  (compiling source file '/SuperSecret_State_InGame.cpp')
  
C:\dev\Zenith\middleware\reactphysics3d-0.10.1\include\reactphysics3d\containers\Set.h(55,49): warning C4245: 'initializing': conversion from 'int' to 'const reactphysics3d::uint64', signed/unsigned mismatch
  (compiling source file '/SuperSecret_State_InGame.cpp')
      C:\dev\Zenith\middleware\reactphysics3d-0.10.1\include\reactphysics3d\containers\Set.h(55,49):
      the template instantiation context (the oldest one first) is
          C:\dev\Zenith\middleware\reactphysics3d-0.10.1\include\reactphysics3d\systems\BroadPhaseSystem.h(132,18):
          see reference to class template instantiation 'reactphysics3d::Set<int,std::hash<int>,std::equal_to<V>>' being compiled
          with
          [
              V=int
          ]
  
C:\dev\Zenith\middleware\reactphysics3d-0.10.1\include\reactphysics3d\collision\ConvexMesh.h(138,26): warning C4244: 'return': conversion from 'reactphysics3d::uint64' to 'reactphysics3d::uint32', possible loss of data
  (compiling source file '/SuperSecret_State_InGame.cpp')
  
C:\dev\Zenith\middleware\reactphysics3d-0.10.1\include\reactphysics3d\collision\TriangleMesh.h(146,26): warning C4244: 'return': conversion from 'reactphysics3d::uint64' to 'reactphysics3d::uint32', possible loss of data
  (compiling source file '/SuperSecret_State_InGame.cpp')
  
C:\dev\Zenith\middleware\reactphysics3d-0.10.1\include\reactphysics3d\collision\TriangleMesh.h(151,30): warning C4244: 'return': conversion from 'reactphysics3d::uint64' to 'reactphysics3d::uint32', possible loss of data
  (compiling source file '/SuperSecret_State_InGame.cpp')
  
C:\dev\Zenith\Games\SuperSecret\SuperSecret_State_InGame.cpp(18,29): warning C4245: 'initializing': conversion from 'int' to 'uint32_t', signed/unsigned mismatch
  (compiling source file '/SuperSecret_State_InGame.cpp')
  
C:\dev\Zenith\Games\SuperSecret\SuperSecret_State_InGame.cpp(19,30): warning C4245: 'initializing': conversion from 'int' to 'uint32_t', signed/unsigned mismatch
  (compiling source file '/SuperSecret_State_InGame.cpp')
  
C:\dev\Zenith\middleware\reactphysics3d-0.10.1\include\reactphysics3d\containers\Array.h(255,70): warning C4244: '=': conversion from 'float' to 'reactphysics3d::uint64', possible loss of data
  (compiling source file '/SuperSecret_State_InGame.cpp')
      C:\dev\Zenith\middleware\reactphysics3d-0.10.1\include\reactphysics3d\containers\Array.h(255,70):
      the template instantiation context (the oldest one first) is
          C:\dev\Zenith\middleware\reactphysics3d-0.10.1\include\reactphysics3d\components\RigidBodyComponents.h(862,57):
          see reference to class template instantiation 'reactphysics3d::Array<reactphysics3d::uint>' being compiled
          C:\dev\Zenith\middleware\reactphysics3d-0.10.1\include\reactphysics3d\containers\Array.h(250,14):
          while compiling class template member function 'void reactphysics3d::Array<reactphysics3d::uint>::reserve(reactphysics3d::uint64)'
              C:\dev\Zenith\middleware\reactphysics3d-0.10.1\include\reactphysics3d\engine\Islands.h(134,44):
              see the first reference to 'reactphysics3d::Array<reactphysics3d::uint>::reserve' in 'reactphysics3d::Islands::reserveMemory'
  
C:\dev\Zenith\middleware\reactphysics3d-0.10.1\include\reactphysics3d\containers\Map.h(283,90): warning C4244: '=': conversion from 'float' to 'reactphysics3d::uint64', possible loss of data
  (compiling source file '/SuperSecret_State_InGame.cpp')
      C:\dev\Zenith\middleware\reactphysics3d-0.10.1\include\reactphysics3d\containers\Map.h(283,90):
      the template instantiation context (the oldest one first) is
          C:\dev\Zenith\middleware\reactphysics3d-0.10.1\include\reactphysics3d\systems\CollisionDetectionSystem.h(109,26):
          see reference to class template instantiation 'reactphysics3d::Map<int,reactphysics3d::Entity,std::hash<int>,std::equal_to<V>>' being compiled
          with
          [
              V=int
          ]
          C:\dev\Zenith\middleware\reactphysics3d-0.10.1\include\reactphysics3d\containers\Map.h(260,14):
          while compiling class template member function 'void reactphysics3d::Map<int,reactphysics3d::Entity,std::hash<int>,std::equal_to<V>>::reserve(reactphysics3d::uint64)'
          with
          [
              V=int
          ]
              C:\dev\Zenith\middleware\reactphysics3d-0.10.1\include\reactphysics3d\containers\Map.h(401,24):
              see the first reference to 'reactphysics3d::Map<int,reactphysics3d::Entity,std::hash<int>,std::equal_to<V>>::reserve' in 'reactphysics3d::Map<int,reactphysics3d::Entity,std::hash<int>,std::equal_to<V>>::add'
          with
          [
              V=int
          ]
              C:\dev\Zenith\middleware\reactphysics3d-0.10.1\include\reactphysics3d\systems\CollisionDetectionSystem.h(425,41):
              see the first reference to 'reactphysics3d::Map<int,reactphysics3d::Entity,std::hash<int>,std::equal_to<V>>::add' in 'reactphysics3d::CollisionDetectionSystem::addCollider'
          with
          [
              V=int
          ]
  
C:\Program Files\Microsoft Visual Studio\2022\Community\VC\Tools\MSVC\14.41.34120\include\algorithm(3750,24): warning C4244: '=': conversion from 'int' to 'char', possible loss of data
  (compiling source file '/SuperSecret_State_InGame.cpp')
      C:\Program Files\Microsoft Visual Studio\2022\Community\VC\Tools\MSVC\14.41.34120\include\algorithm(3750,24):
      the template instantiation context (the oldest one first) is
          C:\dev\Zenith\middleware\reactphysics3d-0.10.1\include\reactphysics3d\utils\DefaultLogger.h(291,22):
          see reference to function template instantiation '_OutIt std::transform<std::_String_iterator<std::_String_val<std::_Simple_types<_Elem>>>,std::_String_iterator<std::_String_val<std::_Simple_types<_Elem>>>,int(__cdecl *)(int)>(const _InIt,const _InIt,_OutIt,_Fn)' being compiled
          with
          [
              _OutIt=std::_String_iterator<std::_String_val<std::_Simple_types<char>>>,
              _Elem=char,
              _InIt=std::_String_iterator<std::_String_val<std::_Simple_types<char>>>,
              _Fn=int (__cdecl *)(int)
          ]
  
C:\dev\Zenith\zenith\FileAccess\Zenith_FileAccess.h(6,15): warning C4505: 'Zenith_FileAccess::ReadFile': unreferenced function with internal linkage has been removed
  (compiling source file '/SuperSecret_State_InGame.cpp')
  
C:\dev\Zenith\zenith\Flux\Flux_Types.h(125,17): warning C4505: 'ColourFormatBytesPerPixel': unreferenced function with internal linkage has been removed
  (compiling source file '/SuperSecret_State_InGame.cpp')
  
C:\dev\Zenith\zenith\Flux\Flux_Types.h(130,17): warning C4505: 'DepthStencilFormatBitsPerPixel': unreferenced function with internal linkage has been removed
  (compiling source file '/SuperSecret_State_InGame.cpp')
  
  supersecret_win64.vcxproj -> C:\dev\Zenith\Games\SuperSecret\Build\output\win64\vs2022_release_win64_true\supersecret.exe
  'pwsh.exe' is not recognized as an internal or external command,
  operable program or batch file.
