C:\Program Files\Microsoft Visual Studio\2022\Community\MSBuild\Microsoft\VC\v170\Microsoft.CppBuild.targets(531,5): warning MSB8028: The intermediate directory (obj\win64\vs2022_release_win64_true\) contains files shared from another project (SuperSecret.vcxproj).  This can lead to incorrect clean and rebuild behavior.
  Zenith_Tools_MeshExport.cpp
  Zenith_Tools_TerrainExport.cpp
  Zenith_Tools_TextureExport.cpp
  Flux_MeshGeometry.cpp
C:\dev\Zenith\zenith\vulkan\Zenith_Vulkan.h(87,54): warning C4267: 'argument': conversion from 'size_t' to 'uint32_t', possible loss of data
  (compiling source file '../../../Tools/Zenith_Tools_TextureExport.cpp')
  
C:\dev\Zenith\zenith\vulkan\Zenith_Vulkan.h(89,56): warning C4267: 'argument': conversion from 'size_t' to 'uint32_t', possible loss of data
  (compiling source file '../../../Tools/Zenith_Tools_TextureExport.cpp')
  
C:\dev\Zenith\zenith\vulkan\Zenith_Vulkan.h(87,54): warning C4267: 'argument': conversion from 'size_t' to 'uint32_t', possible loss of data
  (compiling source file '../../../Tools/Zenith_Tools_TerrainExport.cpp')
  
C:\dev\Zenith\zenith\vulkan\Zenith_Vulkan.h(89,56): warning C4267: 'argument': conversion from 'size_t' to 'uint32_t', possible loss of data
  (compiling source file '../../../Tools/Zenith_Tools_TerrainExport.cpp')
  
C:\dev\Zenith\zenith\vulkan\Zenith_Vulkan.h(87,54): warning C4267: 'argument': conversion from 'size_t' to 'uint32_t', possible loss of data
  (compiling source file '../../../Tools/Zenith_Tools_MeshExport.cpp')
  
C:\dev\Zenith\zenith\vulkan\Zenith_Vulkan.h(89,56): warning C4267: 'argument': conversion from 'size_t' to 'uint32_t', possible loss of data
  (compiling source file '../../../Tools/Zenith_Tools_MeshExport.cpp')
  
C:\dev\Zenith\zenith\vulkan\Zenith_Vulkan.h(87,54): warning C4267: 'argument': conversion from 'size_t' to 'uint32_t', possible loss of data
  (compiling source file '../../../Zenith/Flux/MeshGeometry/Flux_MeshGeometry.cpp')
  
C:\dev\Zenith\zenith\vulkan\Zenith_Vulkan.h(89,56): warning C4267: 'argument': conversion from 'size_t' to 'uint32_t', possible loss of data
  (compiling source file '../../../Zenith/Flux/MeshGeometry/Flux_MeshGeometry.cpp')
  
C:\dev\Zenith\Zenith\Flux\MeshGeometry\Flux_MeshGeometry.cpp(122,29): warning C4267: '=': conversion from 'size_t' to 'uint32_t', possible loss of data
C:\dev\Zenith\Zenith\Flux\MeshGeometry\Flux_MeshGeometry.cpp(123,31): warning C4267: '=': conversion from 'size_t' to 'uint32_t', possible loss of data
C:\dev\Zenith\Zenith\Flux\MeshGeometry\Flux_MeshGeometry.cpp(124,29): warning C4267: '=': conversion from 'size_t' to 'uint32_t', possible loss of data
C:\dev\Zenith\Zenith\Flux\MeshGeometry\Flux_MeshGeometry.cpp(151,18): warning C4456: declaration of 'u' hides previous local declaration
      C:\dev\Zenith\Zenith\Flux\MeshGeometry\Flux_MeshGeometry.cpp(142,17):
      see declaration of 'u'
  
C:\dev\Zenith\Tools\Zenith_Tools_TextureExport.cpp(40,17): warning C4996: 'fopen': This function or variable may be unsafe. Consider using fopen_s instead. To disable deprecation, use _CRT_SECURE_NO_WARNINGS. See online help for details.
C:\dev\Zenith\Tools\Zenith_Tools_TextureExport.cpp(68,2): warning C4996: 'wcstombs': This function or variable may be unsafe. Consider using wcstombs_s instead. To disable deprecation, use _CRT_SECURE_NO_WARNINGS. See online help for details.
C:\dev\Zenith\Zenith\Flux\MeshGeometry\Flux_MeshGeometry.cpp(79,17): warning C4996: 'fopen': This function or variable may be unsafe. Consider using fopen_s instead. To disable deprecation, use _CRT_SECURE_NO_WARNINGS. See online help for details.
C:\Program Files\Microsoft Visual Studio\2022\Community\VC\Tools\MSVC\14.41.34120\include\ostream(316,13): warning C4530: C++ exception handler used, but unwind semantics are not enabled. Specify /EHsc
  (compiling source file '../../../Tools/Zenith_Tools_TextureExport.cpp')
      C:\Program Files\Microsoft Visual Studio\2022\Community\VC\Tools\MSVC\14.41.34120\include\ostream(316,13):
      the template instantiation context (the oldest one first) is
          C:\dev\Zenith\middleware\vulkansdk\1.3.280.0\include\vulkan\vulkan_to_string.hpp(3534,23):
          see reference to class template instantiation 'std::basic_stringstream<char,std::char_traits<char>,std::allocator<char>>' being compiled
          C:\Program Files\Microsoft Visual Studio\2022\Community\VC\Tools\MSVC\14.41.34120\include\sstream(853,14):
          see reference to class template instantiation 'std::basic_iostream<char,std::char_traits<char>>' being compiled
          C:\Program Files\Microsoft Visual Studio\2022\Community\VC\Tools\MSVC\14.41.34120\include\istream(731,31):
          see reference to class template instantiation 'std::basic_ostream<char,std::char_traits<char>>' being compiled
          C:\Program Files\Microsoft Visual Studio\2022\Community\VC\Tools\MSVC\14.41.34120\include\ostream(309,39):
          while compiling class template member function 'std::basic_ostream<char,std::char_traits<char>> &std::basic_ostream<char,std::char_traits<char>>::operator <<(unsigned int)'
              C:\dev\Zenith\middleware\vulkansdk\1.3.280.0\include\vulkan\vulkan_to_string.hpp(3535,24):
              see the first reference to 'std::basic_ostream<char,std::char_traits<char>>::operator <<' in 'vk::toHexString'
  
C:\dev\Zenith\Zenith\Flux\MeshGeometry\Flux_MeshGeometry.cpp(219,17): warning C4996: 'fopen': This function or variable may be unsafe. Consider using fopen_s instead. To disable deprecation, use _CRT_SECURE_NO_WARNINGS. See online help for details.
C:\Program Files\Microsoft Visual Studio\2022\Community\VC\Tools\MSVC\14.41.34120\include\ostream(407,13): warning C4530: C++ exception handler used, but unwind semantics are not enabled. Specify /EHsc
  (compiling source file '../../../Zenith/Flux/MeshGeometry/Flux_MeshGeometry.cpp')
      C:\Program Files\Microsoft Visual Studio\2022\Community\VC\Tools\MSVC\14.41.34120\include\ostream(407,13):
      the template instantiation context (the oldest one first) is
          C:\dev\Zenith\middleware\vulkansdk\1.3.280.0\include\vulkan\vulkan_to_string.hpp(3534,23):
          see reference to class template instantiation 'std::basic_stringstream<char,std::char_traits<char>,std::allocator<char>>' being compiled
          C:\Program Files\Microsoft Visual Studio\2022\Community\VC\Tools\MSVC\14.41.34120\include\sstream(853,14):
          see reference to class template instantiation 'std::basic_iostream<char,std::char_traits<char>>' being compiled
          C:\Program Files\Microsoft Visual Studio\2022\Community\VC\Tools\MSVC\14.41.34120\include\istream(731,31):
          see reference to class template instantiation 'std::basic_ostream<char,std::char_traits<char>>' being compiled
          C:\Program Files\Microsoft Visual Studio\2022\Community\VC\Tools\MSVC\14.41.34120\include\ostream(400,39):
          while compiling class template member function 'std::basic_ostream<char,std::char_traits<char>> &std::basic_ostream<char,std::char_traits<char>>::operator <<(float)'
              C:\dev\Zenith\Zenith\Flux\MeshGeometry\Flux_MeshGeometry.cpp(263,47):
              see the first reference to 'std::basic_ostream<char,std::char_traits<char>>::operator <<' in 'Flux_MeshGeometry::Export'
  
C:\dev\Zenith\Tools\Zenith_Tools_MeshExport.cpp(294,3): warning C4996: 'wcstombs': This function or variable may be unsafe. Consider using wcstombs_s instead. To disable deprecation, use _CRT_SECURE_NO_WARNINGS. See online help for details.
C:\Program Files\Microsoft Visual Studio\2022\Community\VC\Tools\MSVC\14.41.34120\include\ostream(316,13): warning C4530: C++ exception handler used, but unwind semantics are not enabled. Specify /EHsc
  (compiling source file '../../../Tools/Zenith_Tools_MeshExport.cpp')
      C:\Program Files\Microsoft Visual Studio\2022\Community\VC\Tools\MSVC\14.41.34120\include\ostream(316,13):
      the template instantiation context (the oldest one first) is
          C:\dev\Zenith\middleware\vulkansdk\1.3.280.0\include\vulkan\vulkan_to_string.hpp(3534,23):
          see reference to class template instantiation 'std::basic_stringstream<char,std::char_traits<char>,std::allocator<char>>' being compiled
          C:\Program Files\Microsoft Visual Studio\2022\Community\VC\Tools\MSVC\14.41.34120\include\sstream(853,14):
          see reference to class template instantiation 'std::basic_iostream<char,std::char_traits<char>>' being compiled
          C:\Program Files\Microsoft Visual Studio\2022\Community\VC\Tools\MSVC\14.41.34120\include\istream(731,31):
          see reference to class template instantiation 'std::basic_ostream<char,std::char_traits<char>>' being compiled
          C:\Program Files\Microsoft Visual Studio\2022\Community\VC\Tools\MSVC\14.41.34120\include\ostream(309,39):
          while compiling class template member function 'std::basic_ostream<char,std::char_traits<char>> &std::basic_ostream<char,std::char_traits<char>>::operator <<(unsigned int)'
              C:\dev\Zenith\middleware\vulkansdk\1.3.280.0\include\vulkan\vulkan_to_string.hpp(3535,24):
              see the first reference to 'std::basic_ostream<char,std::char_traits<char>>::operator <<' in 'vk::toHexString'
  
C:\dev\Zenith\zenith\Maths\Zenith_Maths.h(39,17): warning C4505: 'Zenith_Maths::PerspectiveProjection': unreferenced function with internal linkage has been removed
  (compiling source file '../../../Tools/Zenith_Tools_TextureExport.cpp')
  
C:\dev\Zenith\zenith\Maths\Zenith_Maths.h(44,17): warning C4505: 'Zenith_Maths::OrthographicProjection': unreferenced function with internal linkage has been removed
  (compiling source file '../../../Tools/Zenith_Tools_TextureExport.cpp')
  
C:\dev\Zenith\zenith\Maths\Zenith_Maths.h(49,17): warning C4505: 'Zenith_Maths::EulerRotationToMatrix4': unreferenced function with internal linkage has been removed
  (compiling source file '../../../Tools/Zenith_Tools_TextureExport.cpp')
  
C:\dev\Zenith\zenith\Flux\Flux_Types.h(123,17): warning C4505: 'ColourFormatBytesPerPixel': unreferenced function with internal linkage has been removed
  (compiling source file '../../../Tools/Zenith_Tools_TextureExport.cpp')
  
C:\dev\Zenith\zenith\Flux\Flux_Types.h(128,17): warning C4505: 'DepthStencilFormatBitsPerPixel': unreferenced function with internal linkage has been removed
  (compiling source file '../../../Tools/Zenith_Tools_TextureExport.cpp')
  
C:\dev\Zenith\Tools\Zenith_Tools_TextureExport.cpp(7,20): warning C4505: 'ShaderDataTypeToString': unreferenced function with internal linkage has been removed
C:\dev\Zenith\zenith\Maths\Zenith_Maths.h(39,17): warning C4505: 'Zenith_Maths::PerspectiveProjection': unreferenced function with internal linkage has been removed
  (compiling source file '../../../Zenith/Flux/MeshGeometry/Flux_MeshGeometry.cpp')
  
C:\dev\Zenith\zenith\Maths\Zenith_Maths.h(44,17): warning C4505: 'Zenith_Maths::OrthographicProjection': unreferenced function with internal linkage has been removed
  (compiling source file '../../../Zenith/Flux/MeshGeometry/Flux_MeshGeometry.cpp')
  
C:\dev\Zenith\zenith\Maths\Zenith_Maths.h(49,17): warning C4505: 'Zenith_Maths::EulerRotationToMatrix4': unreferenced function with internal linkage has been removed
  (compiling source file '../../../Zenith/Flux/MeshGeometry/Flux_MeshGeometry.cpp')
  
C:\dev\Zenith\zenith\Flux\Flux_Types.h(123,17): warning C4505: 'ColourFormatBytesPerPixel': unreferenced function with internal linkage has been removed
  (compiling source file '../../../Zenith/Flux/MeshGeometry/Flux_MeshGeometry.cpp')
  
C:\dev\Zenith\zenith\Flux\Flux_Types.h(128,17): warning C4505: 'DepthStencilFormatBitsPerPixel': unreferenced function with internal linkage has been removed
  (compiling source file '../../../Zenith/Flux/MeshGeometry/Flux_MeshGeometry.cpp')
  
C:\dev\Zenith\zenith\Maths\Zenith_Maths.h(39,17): warning C4505: 'Zenith_Maths::PerspectiveProjection': unreferenced function with internal linkage has been removed
  (compiling source file '../../../Tools/Zenith_Tools_MeshExport.cpp')
  
C:\dev\Zenith\zenith\Maths\Zenith_Maths.h(44,17): warning C4505: 'Zenith_Maths::OrthographicProjection': unreferenced function with internal linkage has been removed
  (compiling source file '../../../Tools/Zenith_Tools_MeshExport.cpp')
  
C:\dev\Zenith\zenith\Maths\Zenith_Maths.h(49,17): warning C4505: 'Zenith_Maths::EulerRotationToMatrix4': unreferenced function with internal linkage has been removed
  (compiling source file '../../../Tools/Zenith_Tools_MeshExport.cpp')
  
C:\dev\Zenith\zenith\Flux\Flux_Types.h(123,17): warning C4505: 'ColourFormatBytesPerPixel': unreferenced function with internal linkage has been removed
  (compiling source file '../../../Tools/Zenith_Tools_MeshExport.cpp')
  
C:\dev\Zenith\zenith\Flux\Flux_Types.h(128,17): warning C4505: 'DepthStencilFormatBitsPerPixel': unreferenced function with internal linkage has been removed
  (compiling source file '../../../Tools/Zenith_Tools_MeshExport.cpp')
  
C:\dev\Zenith\zenith\Flux\Flux_Types.h(26,1): warning C4715: 'Flux_ShaderDataTypeSize': not all control paths return a value
C:\dev\Zenith\Tools\Zenith_Tools_TerrainExport.cpp(21,50): warning C4244: '=': conversion from 'float' to 'uint32_t', possible loss of data
C:\dev\Zenith\Tools\Zenith_Tools_TerrainExport.cpp(22,79): warning C4244: '=': conversion from 'float' to 'uint32_t', possible loss of data
C:\dev\Zenith\Tools\Zenith_Tools_TerrainExport.cpp(45,20): warning C4244: 'initializing': conversion from 'float' to 'uint32_t', possible loss of data
C:\dev\Zenith\Tools\Zenith_Tools_TerrainExport.cpp(47,16): warning C4244: 'initializing': conversion from 'float' to 'uint32_t', possible loss of data
C:\dev\Zenith\Tools\Zenith_Tools_TerrainExport.cpp(49,16): warning C4244: 'initializing': conversion from 'float' to 'uint32_t', possible loss of data
C:\dev\Zenith\Tools\Zenith_Tools_TerrainExport.cpp(87,38): warning C4244: '=': conversion from 'double' to 'float', possible loss of data
C:\dev\Zenith\Tools\Zenith_Tools_TerrainExport.cpp(96,10): warning C4244: 'initializing': conversion from 'float' to 'int', possible loss of data
C:\dev\Zenith\Tools\Zenith_Tools_TerrainExport.cpp(97,10): warning C4244: 'initializing': conversion from 'float' to 'int', possible loss of data
C:\dev\Zenith\Tools\Zenith_Tools_TerrainExport.cpp(98,10): warning C4244: 'initializing': conversion from 'float' to 'int', possible loss of data
C:\dev\Zenith\Tools\Zenith_Tools_TerrainExport.cpp(99,10): warning C4244: 'initializing': conversion from 'float' to 'int', possible loss of data
C:\dev\Zenith\Tools\Zenith_Tools_TerrainExport.cpp(153,57): warning C4244: '=': conversion from 'float' to 'uint32_t', possible loss of data
C:\dev\Zenith\Tools\Zenith_Tools_TerrainExport.cpp(154,107): warning C4244: '=': conversion from 'float' to 'uint32_t', possible loss of data
C:\dev\Zenith\Tools\Zenith_Tools_TerrainExport.cpp(173,61): warning C4244: 'initializing': conversion from 'float' to 'size_t', possible loss of data
C:\dev\Zenith\Tools\Zenith_Tools_TerrainExport.cpp(174,59): warning C4244: 'initializing': conversion from 'float' to 'size_t', possible loss of data
C:\dev\Zenith\Tools\Zenith_Tools_TerrainExport.cpp(184,26): warning C4244: 'initializing': conversion from 'float' to 'uint32_t', possible loss of data
C:\dev\Zenith\Tools\Zenith_Tools_TerrainExport.cpp(186,27): warning C4244: 'initializing': conversion from 'float' to 'uint32_t', possible loss of data
C:\dev\Zenith\Tools\Zenith_Tools_TerrainExport.cpp(188,29): warning C4244: 'initializing': conversion from 'float' to 'uint32_t', possible loss of data
C:\dev\Zenith\Tools\Zenith_Tools_TerrainExport.cpp(227,17): warning C4244: 'initializing': conversion from 'float' to 'uint32_t', possible loss of data
C:\dev\Zenith\Tools\Zenith_Tools_TerrainExport.cpp(228,17): warning C4244: 'initializing': conversion from 'float' to 'uint32_t', possible loss of data
C:\dev\Zenith\Tools\Zenith_Tools_TerrainExport.cpp(229,17): warning C4244: 'initializing': conversion from 'float' to 'uint32_t', possible loss of data
C:\dev\Zenith\Tools\Zenith_Tools_TerrainExport.cpp(230,17): warning C4244: 'initializing': conversion from 'float' to 'uint32_t', possible loss of data
C:\dev\Zenith\Tools\Zenith_Tools_TerrainExport.cpp(244,19): warning C4244: 'initializing': conversion from 'float' to 'uint32_t', possible loss of data
C:\dev\Zenith\Tools\Zenith_Tools_TerrainExport.cpp(251,27): warning C4244: 'initializing': conversion from 'float' to 'uint32_t', possible loss of data
C:\dev\Zenith\Tools\Zenith_Tools_TerrainExport.cpp(253,29): warning C4244: 'initializing': conversion from 'float' to 'uint32_t', possible loss of data
C:\dev\Zenith\Tools\Zenith_Tools_TerrainExport.cpp(280,51): warning C4244: '-=': conversion from 'float' to 'uint32_t', possible loss of data
C:\dev\Zenith\Tools\Zenith_Tools_TerrainExport.cpp(282,21): warning C4244: 'initializing': conversion from 'float' to 'uint32_t', possible loss of data
C:\dev\Zenith\Tools\Zenith_Tools_TerrainExport.cpp(304,19): warning C4244: 'initializing': conversion from 'float' to 'uint32_t', possible loss of data
C:\dev\Zenith\Tools\Zenith_Tools_TerrainExport.cpp(311,27): warning C4244: 'initializing': conversion from 'float' to 'uint32_t', possible loss of data
C:\dev\Zenith\Tools\Zenith_Tools_TerrainExport.cpp(313,29): warning C4244: 'initializing': conversion from 'float' to 'uint32_t', possible loss of data
C:\dev\Zenith\Tools\Zenith_Tools_TerrainExport.cpp(339,51): warning C4244: '-=': conversion from 'float' to 'uint32_t', possible loss of data
C:\dev\Zenith\Tools\Zenith_Tools_TerrainExport.cpp(341,21): warning C4244: 'initializing': conversion from 'float' to 'uint32_t', possible loss of data
C:\dev\Zenith\Tools\Zenith_Tools_TerrainExport.cpp(361,19): warning C4244: 'initializing': conversion from 'float' to 'uint32_t', possible loss of data
C:\dev\Zenith\Tools\Zenith_Tools_TerrainExport.cpp(362,19): warning C4244: 'initializing': conversion from 'float' to 'uint32_t', possible loss of data
C:\dev\Zenith\Tools\Zenith_Tools_TerrainExport.cpp(367,26): warning C4244: 'initializing': conversion from 'float' to 'uint32_t', possible loss of data
C:\dev\Zenith\Tools\Zenith_Tools_TerrainExport.cpp(369,28): warning C4244: 'initializing': conversion from 'float' to 'uint32_t', possible loss of data
C:\dev\Zenith\Tools\Zenith_Tools_TerrainExport.cpp(391,21): warning C4244: 'initializing': conversion from 'float' to 'uint32_t', possible loss of data
C:\dev\Zenith\Tools\Zenith_Tools_TerrainExport.cpp(392,21): warning C4244: 'initializing': conversion from 'float' to 'uint32_t', possible loss of data
C:\dev\Zenith\Tools\Zenith_Tools_TerrainExport.cpp(282,14): warning C4189: 'indexX': local variable is initialized but not referenced
C:\dev\Zenith\Tools\Zenith_Tools_TerrainExport.cpp(341,14): warning C4189: 'indexZ': local variable is initialized but not referenced
C:\dev\Zenith\Tools\Zenith_Tools_TerrainExport.cpp(392,14): warning C4189: 'indexX': local variable is initialized but not referenced
C:\dev\Zenith\Tools\Zenith_Tools_TerrainExport.cpp(391,14): warning C4189: 'indexZ': local variable is initialized but not referenced
C:\Program Files\Microsoft Visual Studio\2022\Community\VC\Tools\MSVC\14.41.34120\include\ostream(425,13): warning C4530: C++ exception handler used, but unwind semantics are not enabled. Specify /EHsc
  (compiling source file '../../../Tools/Zenith_Tools_TerrainExport.cpp')
      C:\Program Files\Microsoft Visual Studio\2022\Community\VC\Tools\MSVC\14.41.34120\include\ostream(425,13):
      the template instantiation context (the oldest one first) is
          C:\dev\Zenith\middleware\vulkansdk\1.3.280.0\include\vulkan\vulkan_to_string.hpp(3534,23):
          see reference to class template instantiation 'std::basic_stringstream<char,std::char_traits<char>,std::allocator<char>>' being compiled
          C:\Program Files\Microsoft Visual Studio\2022\Community\VC\Tools\MSVC\14.41.34120\include\sstream(853,14):
          see reference to class template instantiation 'std::basic_iostream<char,std::char_traits<char>>' being compiled
          C:\Program Files\Microsoft Visual Studio\2022\Community\VC\Tools\MSVC\14.41.34120\include\istream(731,31):
          see reference to class template instantiation 'std::basic_ostream<char,std::char_traits<char>>' being compiled
          C:\Program Files\Microsoft Visual Studio\2022\Community\VC\Tools\MSVC\14.41.34120\include\ostream(418,39):
          while compiling class template member function 'std::basic_ostream<char,std::char_traits<char>> &std::basic_ostream<char,std::char_traits<char>>::operator <<(double)'
              C:\dev\Zenith\tools\middleware\opencv\build\include\opencv2\core\utility.hpp(400,5):
              see the first reference to 'std::basic_ostream<char,std::char_traits<char>>::operator <<' in 'cv::operator <<'
  
C:\dev\Zenith\Tools\Zenith_Tools_MeshExport.cpp(258,1): warning C4701: potentially uninitialized local variable 'eFormat' used
C:\dev\Zenith\zenith\Maths\Zenith_Maths.h(39,17): warning C4505: 'Zenith_Maths::PerspectiveProjection': unreferenced function with internal linkage has been removed
  (compiling source file '../../../Tools/Zenith_Tools_TerrainExport.cpp')
  
C:\dev\Zenith\zenith\Maths\Zenith_Maths.h(44,17): warning C4505: 'Zenith_Maths::OrthographicProjection': unreferenced function with internal linkage has been removed
  (compiling source file '../../../Tools/Zenith_Tools_TerrainExport.cpp')
  
C:\dev\Zenith\zenith\Maths\Zenith_Maths.h(49,17): warning C4505: 'Zenith_Maths::EulerRotationToMatrix4': unreferenced function with internal linkage has been removed
  (compiling source file '../../../Tools/Zenith_Tools_TerrainExport.cpp')
  
C:\dev\Zenith\zenith\Flux\Flux_Types.h(123,17): warning C4505: 'ColourFormatBytesPerPixel': unreferenced function with internal linkage has been removed
  (compiling source file '../../../Tools/Zenith_Tools_TerrainExport.cpp')
  
C:\dev\Zenith\zenith\Flux\Flux_Types.h(128,17): warning C4505: 'DepthStencilFormatBitsPerPixel': unreferenced function with internal linkage has been removed
  (compiling source file '../../../Tools/Zenith_Tools_TerrainExport.cpp')
  
  zenithtools_win64.vcxproj -> C:\dev\Zenith\Games\SuperSecret\Build\output\win64\vs2022_release_win64_true\zenithtools.lib
